[ 2015-12-24T10:58:50+08:00 ] ::1 /design/index.php/home/personal/index.html
INFO: [ app_init ] --START--
INFO: Run Behavior\BuildLiteBehavior [ RunTime:0.000000s ]
INFO: [ app_init ] --END-- [ RunTime:0.054003s ]
INFO: [ app_begin ] --START--
INFO: Run Behavior\ReadHtmlCacheBehavior [ RunTime:0.028001s ]
INFO: [ app_begin ] --END-- [ RunTime:0.028001s ]
SQL: SHOW COLUMNS FROM `sw_info` [ RunTime:0.3810s ]
SQL: SELECT * FROM `sw_info` WHERE ( nickname='杨阳测试' ) ORDER BY info_time desc  [ RunTime:0.1160s ]
INFO: [ view_parse ] --START--
INFO: [ template_filter ] --START--
INFO: Run Behavior\ContentReplaceBehavior [ RunTime:0.005000s ]
INFO: [ template_filter ] --END-- [ RunTime:0.005000s ]
NOTIC: [8] Undefined index: info_flag D:\xampp2\htdocs\design\Apps\Runtime\Cache\Home\ec2f62de7273b3912beaf3c71d5dd7c8.php 第 178 行.
NOTIC: [8] Undefined index: info_time D:\xampp2\htdocs\design\Apps\Runtime\Cache\Home\ec2f62de7273b3912beaf3c71d5dd7c8.php 第 180 行.
NOTIC: [8] Use of undefined constant vo - assumed 'vo' D:\xampp2\htdocs\design\Apps\Runtime\Cache\Home\ec2f62de7273b3912beaf3c71d5dd7c8.php 第 191 行.
NOTIC: [8] Use of undefined constant info_flag - assumed 'info_flag' D:\xampp2\htdocs\design\Apps\Runtime\Cache\Home\ec2f62de7273b3912beaf3c71d5dd7c8.php 第 191 行.
NOTIC: [8] Undefined index: info_time D:\xampp2\htdocs\design\Apps\Runtime\Cache\Home\ec2f62de7273b3912beaf3c71d5dd7c8.php 第 197 行.
INFO: Run Behavior\ParseTemplateBehavior [ RunTime:0.193011s ]
INFO: [ view_parse ] --END-- [ RunTime:0.193011s ]
INFO: [ view_filter ] --START--
INFO: Run Behavior\WriteHtmlCacheBehavior [ RunTime:0.021001s ]
INFO: [ view_filter ] --END-- [ RunTime:0.021001s ]
INFO: [ app_end ] --START--
INFO: Run Behavior\ShowPageTraceBehavior [ RunTime:0.081005s ]
INFO: [ app_end ] --END-- [ RunTime:0.081005s ]

[ 2015-12-24T11:11:52+08:00 ] ::1 /design/index.php/home/personal/update
INFO: [ app_init ] --START--
INFO: Run Behavior\BuildLiteBehavior [ RunTime:0.000000s ]
INFO: [ app_init ] --END-- [ RunTime:0.021001s ]
INFO: [ app_begin ] --START--
INFO: Run Behavior\ReadHtmlCacheBehavior [ RunTime:0.023002s ]
INFO: [ app_begin ] --END-- [ RunTime:0.023002s ]
SQL: SHOW COLUMNS FROM `sw_user` [ RunTime:0.0200s ]
SQL: SELECT * FROM `sw_user` WHERE `nickname` = '杨阳测试' LIMIT 1   [ RunTime:0.4420s ]
SQL: SHOW COLUMNS FROM `sw_goods` [ RunTime:0.0040s ]
NOTIC: [2] call_user_func() expects parameter 1 to be a valid callback, no array or string given D:\xampp2\htdocs\design\ThinkPHP\Library\Think\Upload.class.php 第 170 行.
SQL: INSERT INTO `sw_goods` (`goodname`,`goodprice`,`changeprice`,`businesstype`,`goodtype`,`nickname`,`gooddetail`,`status`,`goodimg1`) VALUES ('数据结构与算法js版','20元','1','1','3','杨阳测试','数据结构与算法js版，9成新。绝对正版书籍。','1','Uploads/2015-12-24/567b6276de0f6.jpg') [ RunTime:0.9351s ]

[ 2015-12-24T11:11:57+08:00 ] ::1 /design/index.php/home/personal/myGoodList?pageSize=3&pageNum=1
INFO: [ app_init ] --START--
INFO: Run Behavior\BuildLiteBehavior [ RunTime:0.000000s ]
INFO: [ app_init ] --END-- [ RunTime:0.001000s ]
INFO: [ app_begin ] --START--
INFO: Run Behavior\ReadHtmlCacheBehavior [ RunTime:0.001000s ]
INFO: [ app_begin ] --END-- [ RunTime:0.001000s ]
SQL: SHOW COLUMNS FROM `sw_user` [ RunTime:0.0030s ]
SQL: SHOW COLUMNS FROM `sw_goods` [ RunTime:0.0030s ]
SQL: SELECT * FROM `sw_goods` WHERE ( nickname='杨阳测试' ) ORDER BY good_id desc LIMIT 0,3   [ RunTime:0.0010s ]
SQL: SELECT COUNT(*) AS tp_count FROM `sw_goods` WHERE ( nickname='杨阳测试' ) LIMIT 1   [ RunTime:0.1590s ]

[ 2015-12-24T11:20:28+08:00 ] ::1 /design/index.php/home/personal/underGood
INFO: [ app_init ] --START--
INFO: Run Behavior\BuildLiteBehavior [ RunTime:0.000000s ]
INFO: [ app_init ] --END-- [ RunTime:0.010000s ]
INFO: [ app_begin ] --START--
INFO: Run Behavior\ReadHtmlCacheBehavior [ RunTime:0.012001s ]
INFO: [ app_begin ] --END-- [ RunTime:0.012001s ]
SQL: SHOW COLUMNS FROM `sw_user` [ RunTime:0.0050s ]
SQL: SHOW COLUMNS FROM `sw_goods` [ RunTime:0.0050s ]
SQL: UPDATE `sw_goods` SET `status`='0' WHERE ( good_id='2' ) [ RunTime:0.9071s ]
SQL: SELECT * FROM `sw_goods` WHERE ( good_id='2' )  [ RunTime:0.0010s ]

[ 2015-12-24T11:20:47+08:00 ] ::1 /design/index.php/home/Item/index?id=2
INFO: [ app_init ] --START--
INFO: Run Behavior\BuildLiteBehavior [ RunTime:0.000000s ]
INFO: [ app_init ] --END-- [ RunTime:0.000000s ]
INFO: [ app_begin ] --START--
INFO: Run Behavior\ReadHtmlCacheBehavior [ RunTime:0.001000s ]
INFO: [ app_begin ] --END-- [ RunTime:0.001000s ]
SQL: SHOW COLUMNS FROM `sw_goods` [ RunTime:0.0030s ]
SQL: SHOW COLUMNS FROM `sw_user` [ RunTime:0.0050s ]
SQL: SELECT * FROM `sw_goods` WHERE ( good_id='2' )  [ RunTime:0.0000s ]
SQL: SELECT * FROM `sw_user` WHERE ( nickname='杨阳测试' )  [ RunTime:0.0010s ]
SQL: SHOW COLUMNS FROM `sw_collection` [ RunTime:0.0210s ]
SQL: SELECT * FROM `sw_collection` WHERE ( nickname='杨阳测试' and good_id = '2' )  [ RunTime:0.0140s ]
INFO: [ view_parse ] --START--
INFO: [ template_filter ] --START--
INFO: Run Behavior\ContentReplaceBehavior [ RunTime:0.000000s ]
INFO: [ template_filter ] --END-- [ RunTime:0.000000s ]
INFO: Run Behavior\ParseTemplateBehavior [ RunTime:0.102005s ]
INFO: [ view_parse ] --END-- [ RunTime:0.103006s ]
INFO: [ view_filter ] --START--
INFO: Run Behavior\WriteHtmlCacheBehavior [ RunTime:0.010001s ]
INFO: [ view_filter ] --END-- [ RunTime:0.010001s ]
INFO: [ app_end ] --START--
INFO: Run Behavior\ShowPageTraceBehavior [ RunTime:0.008000s ]
INFO: [ app_end ] --END-- [ RunTime:0.008000s ]

[ 2015-12-24T11:27:52+08:00 ] ::1 /design/index.php/home/personal/myCollection?pageSize=3&pageNum=1
INFO: [ app_init ] --START--
INFO: Run Behavior\BuildLiteBehavior [ RunTime:0.000000s ]
INFO: [ app_init ] --END-- [ RunTime:0.000000s ]
INFO: [ app_begin ] --START--
INFO: Run Behavior\ReadHtmlCacheBehavior [ RunTime:0.001000s ]
INFO: [ app_begin ] --END-- [ RunTime:0.001000s ]
SQL: SHOW COLUMNS FROM `sw_user` [ RunTime:0.0030s ]
SQL: SHOW COLUMNS FROM `sw_goods` [ RunTime:0.0030s ]
SQL: SHOW COLUMNS FROM `sw_collection` [ RunTime:0.0030s ]
SQL: SELECT `good_id` FROM `sw_collection` WHERE ( nickname = '杨阳测试' ) ORDER BY good_id desc LIMIT 0,3   [ RunTime:0.0000s ]
SQL: SELECT * FROM `sw_collection` WHERE ( nickname = '杨阳测试' )  [ RunTime:0.0010s ]
SQL: SELECT * FROM `sw_goods` WHERE (  `good_id` = '2' )  [ RunTime:0.0000s ]

[ 2015-12-24T11:27:53+08:00 ] ::1 /design/index.php/home/personal/myGoodList?pageSize=3&pageNum=1
INFO: [ app_init ] --START--
INFO: Run Behavior\BuildLiteBehavior [ RunTime:0.000000s ]
INFO: [ app_init ] --END-- [ RunTime:0.001000s ]
INFO: [ app_begin ] --START--
INFO: Run Behavior\ReadHtmlCacheBehavior [ RunTime:0.000000s ]
INFO: [ app_begin ] --END-- [ RunTime:0.000000s ]
SQL: SHOW COLUMNS FROM `sw_user` [ RunTime:0.0040s ]
SQL: SHOW COLUMNS FROM `sw_goods` [ RunTime:0.0030s ]
SQL: SELECT * FROM `sw_goods` WHERE ( nickname='杨阳测试' ) ORDER BY good_id desc LIMIT 0,3   [ RunTime:0.0000s ]
SQL: SELECT COUNT(*) AS tp_count FROM `sw_goods` WHERE ( nickname='杨阳测试' ) LIMIT 1   [ RunTime:0.0000s ]

[ 2015-12-24T11:31:20+08:00 ] ::1 /design/index.php/home/personal/myCollection?pageSize=3&pageNum=1
INFO: [ app_init ] --START--
INFO: Run Behavior\BuildLiteBehavior [ RunTime:0.000000s ]
INFO: [ app_init ] --END-- [ RunTime:0.001000s ]
INFO: [ app_begin ] --START--
INFO: Run Behavior\ReadHtmlCacheBehavior [ RunTime:0.000000s ]
INFO: [ app_begin ] --END-- [ RunTime:0.000000s ]
SQL: SHOW COLUMNS FROM `sw_user` [ RunTime:0.0030s ]
SQL: SHOW COLUMNS FROM `sw_goods` [ RunTime:0.0030s ]
SQL: SHOW COLUMNS FROM `sw_collection` [ RunTime:0.0030s ]
SQL: SELECT `good_id` FROM `sw_collection` WHERE ( nickname = '杨阳测试' ) ORDER BY good_id desc LIMIT 0,3   [ RunTime:0.0000s ]
SQL: SELECT * FROM `sw_collection` WHERE ( nickname = '杨阳测试' )  [ RunTime:0.0000s ]
SQL: SELECT * FROM `sw_goods` WHERE (  `good_id` = '2' )  [ RunTime:0.0000s ]

[ 2015-12-24T11:31:20+08:00 ] ::1 /design/index.php/home/personal/myGoodList?pageSize=3&pageNum=1
INFO: [ app_init ] --START--
INFO: Run Behavior\BuildLiteBehavior [ RunTime:0.000000s ]
INFO: [ app_init ] --END-- [ RunTime:0.000000s ]
INFO: [ app_begin ] --START--
INFO: Run Behavior\ReadHtmlCacheBehavior [ RunTime:0.001000s ]
INFO: [ app_begin ] --END-- [ RunTime:0.001000s ]
SQL: SHOW COLUMNS FROM `sw_user` [ RunTime:0.0040s ]
SQL: SHOW COLUMNS FROM `sw_goods` [ RunTime:0.0020s ]
SQL: SELECT * FROM `sw_goods` WHERE ( nickname='杨阳测试' ) ORDER BY good_id desc LIMIT 0,3   [ RunTime:0.0000s ]
SQL: SELECT COUNT(*) AS tp_count FROM `sw_goods` WHERE ( nickname='杨阳测试' ) LIMIT 1   [ RunTime:0.0000s ]

[ 2015-12-24T11:31:21+08:00 ] ::1 /design/index.php/home/personal/changeFlag
INFO: [ app_init ] --START--
INFO: Run Behavior\BuildLiteBehavior [ RunTime:0.000000s ]
INFO: [ app_init ] --END-- [ RunTime:0.000000s ]
INFO: [ app_begin ] --START--
INFO: Run Behavior\ReadHtmlCacheBehavior [ RunTime:0.000000s ]
INFO: [ app_begin ] --END-- [ RunTime:0.001000s ]
SQL: SHOW COLUMNS FROM `sw_user` [ RunTime:0.0040s ]
SQL: SHOW COLUMNS FROM `sw_info` [ RunTime:0.0020s ]
SQL: SELECT `info_id` FROM `sw_info` WHERE ( nickname='杨阳测试' and info_flag=0 )  [ RunTime:0.0290s ]
SQL: UPDATE `sw_info` SET `info_flag`='1' [ RunTime:0.0000s ]

[ 2015-12-24T11:31:23+08:00 ] ::1 /design/index.php/home/personal/myGoodList?pageSize=3&pageNum=1
INFO: [ app_init ] --START--
INFO: Run Behavior\BuildLiteBehavior [ RunTime:0.000000s ]
INFO: [ app_init ] --END-- [ RunTime:0.001000s ]
INFO: [ app_begin ] --START--
INFO: Run Behavior\ReadHtmlCacheBehavior [ RunTime:0.000000s ]
INFO: [ app_begin ] --END-- [ RunTime:0.001000s ]
SQL: SHOW COLUMNS FROM `sw_user` [ RunTime:0.0040s ]
SQL: SHOW COLUMNS FROM `sw_goods` [ RunTime:0.0030s ]
SQL: SELECT * FROM `sw_goods` WHERE ( nickname='杨阳测试' ) ORDER BY good_id desc LIMIT 0,3   [ RunTime:0.0000s ]
SQL: SELECT COUNT(*) AS tp_count FROM `sw_goods` WHERE ( nickname='杨阳测试' ) LIMIT 1   [ RunTime:0.0000s ]

[ 2015-12-24T14:01:09+08:00 ] ::1 /design/index.php/home/personal/myCollection?pageSize=3&pageNum=1
INFO: [ app_init ] --START--
INFO: Run Behavior\BuildLiteBehavior [ RunTime:0.000000s ]
INFO: [ app_init ] --END-- [ RunTime:0.042501s ]
INFO: [ app_begin ] --START--
INFO: Run Behavior\ReadHtmlCacheBehavior [ RunTime:0.022501s ]
INFO: [ app_begin ] --END-- [ RunTime:0.022501s ]
SQL: SHOW COLUMNS FROM `sw_user` [ RunTime:0.0100s ]
SQL: SHOW COLUMNS FROM `sw_goods` [ RunTime:0.0075s ]
SQL: SHOW COLUMNS FROM `sw_collection` [ RunTime:0.0050s ]
SQL: SELECT `good_id` FROM `sw_collection` WHERE ( nickname = '杨阳测试' ) ORDER BY good_id desc LIMIT 0,3   [ RunTime:0.0000s ]
SQL: SELECT * FROM `sw_collection` WHERE ( nickname = '杨阳测试' )  [ RunTime:0.0000s ]
SQL: SELECT * FROM `sw_goods` WHERE (  `good_id` = '2' )  [ RunTime:0.0025s ]

[ 2015-12-24T14:01:10+08:00 ] ::1 /design/index.php/home/personal/myGoodList?pageSize=3&pageNum=1
INFO: [ app_init ] --START--
INFO: Run Behavior\BuildLiteBehavior [ RunTime:0.000000s ]
INFO: [ app_init ] --END-- [ RunTime:0.002500s ]
INFO: [ app_begin ] --START--
INFO: Run Behavior\ReadHtmlCacheBehavior [ RunTime:0.000000s ]
INFO: [ app_begin ] --END-- [ RunTime:0.000000s ]
SQL: SHOW COLUMNS FROM `sw_user` [ RunTime:0.0050s ]
SQL: SHOW COLUMNS FROM `sw_goods` [ RunTime:0.0025s ]
SQL: SELECT * FROM `sw_goods` WHERE ( nickname='杨阳测试' ) ORDER BY good_id desc LIMIT 0,3   [ RunTime:0.0000s ]
SQL: SELECT COUNT(*) AS tp_count FROM `sw_goods` WHERE ( nickname='杨阳测试' ) LIMIT 1   [ RunTime:0.0000s ]

[ 2015-12-24T14:01:10+08:00 ] ::1 /design/index.php/home/personal/myCollection?pageSize=3&pageNum=1
INFO: [ app_init ] --START--
INFO: Run Behavior\BuildLiteBehavior [ RunTime:0.002500s ]
INFO: [ app_init ] --END-- [ RunTime:0.002500s ]
INFO: [ app_begin ] --START--
INFO: Run Behavior\ReadHtmlCacheBehavior [ RunTime:0.000000s ]
INFO: [ app_begin ] --END-- [ RunTime:0.000000s ]
SQL: SHOW COLUMNS FROM `sw_user` [ RunTime:0.0025s ]
SQL: SHOW COLUMNS FROM `sw_goods` [ RunTime:0.0050s ]
SQL: SHOW COLUMNS FROM `sw_collection` [ RunTime:0.0025s ]
SQL: SELECT `good_id` FROM `sw_collection` WHERE ( nickname = '杨阳测试' ) ORDER BY good_id desc LIMIT 0,3   [ RunTime:0.0000s ]
SQL: SELECT * FROM `sw_collection` WHERE ( nickname = '杨阳测试' )  [ RunTime:0.0000s ]
SQL: SELECT * FROM `sw_goods` WHERE (  `good_id` = '2' )  [ RunTime:0.0025s ]

[ 2015-12-24T14:01:12+08:00 ] ::1 /design/index.php/home/personal/myGoodList?pageSize=3&pageNum=1
INFO: [ app_init ] --START--
INFO: Run Behavior\BuildLiteBehavior [ RunTime:0.000000s ]
INFO: [ app_init ] --END-- [ RunTime:0.000000s ]
INFO: [ app_begin ] --START--
INFO: Run Behavior\ReadHtmlCacheBehavior [ RunTime:0.000000s ]
INFO: [ app_begin ] --END-- [ RunTime:0.000000s ]
SQL: SHOW COLUMNS FROM `sw_user` [ RunTime:0.0025s ]
SQL: SHOW COLUMNS FROM `sw_goods` [ RunTime:0.0050s ]
SQL: SELECT * FROM `sw_goods` WHERE ( nickname='杨阳测试' ) ORDER BY good_id desc LIMIT 0,3   [ RunTime:0.0000s ]
SQL: SELECT COUNT(*) AS tp_count FROM `sw_goods` WHERE ( nickname='杨阳测试' ) LIMIT 1   [ RunTime:0.0000s ]

[ 2015-12-24T14:01:13+08:00 ] ::1 /design/index.php/home/personal/myCollection?pageSize=3&pageNum=1
INFO: [ app_init ] --START--
INFO: Run Behavior\BuildLiteBehavior [ RunTime:0.000000s ]
INFO: [ app_init ] --END-- [ RunTime:0.000000s ]
INFO: [ app_begin ] --START--
INFO: Run Behavior\ReadHtmlCacheBehavior [ RunTime:0.000000s ]
INFO: [ app_begin ] --END-- [ RunTime:0.000000s ]
SQL: SHOW COLUMNS FROM `sw_user` [ RunTime:0.0025s ]
SQL: SHOW COLUMNS FROM `sw_goods` [ RunTime:0.0025s ]
SQL: SHOW COLUMNS FROM `sw_collection` [ RunTime:0.0050s ]
SQL: SELECT `good_id` FROM `sw_collection` WHERE ( nickname = '杨阳测试' ) ORDER BY good_id desc LIMIT 0,3   [ RunTime:0.0000s ]
SQL: SELECT * FROM `sw_collection` WHERE ( nickname = '杨阳测试' )  [ RunTime:0.0000s ]
SQL: SELECT * FROM `sw_goods` WHERE (  `good_id` = '2' )  [ RunTime:0.0025s ]

[ 2015-12-24T14:26:58+08:00 ] ::1 /design/index.php/home/personal/myCollection?pageSize=3&pageNum=1
INFO: [ app_init ] --START--
INFO: Run Behavior\BuildLiteBehavior [ RunTime:0.000000s ]
INFO: [ app_init ] --END-- [ RunTime:0.000000s ]
INFO: [ app_begin ] --START--
INFO: Run Behavior\ReadHtmlCacheBehavior [ RunTime:0.000000s ]
INFO: [ app_begin ] --END-- [ RunTime:0.000000s ]
SQL: SHOW COLUMNS FROM `sw_user` [ RunTime:0.0050s ]
SQL: SHOW COLUMNS FROM `sw_goods` [ RunTime:0.0025s ]
SQL: SHOW COLUMNS FROM `sw_collection` [ RunTime:0.0025s ]
SQL: SELECT `good_id` FROM `sw_collection` WHERE ( nickname = '杨阳测试' ) ORDER BY good_id desc LIMIT 0,3   [ RunTime:0.0000s ]
SQL: SELECT * FROM `sw_collection` WHERE ( nickname = '杨阳测试' )  [ RunTime:0.0000s ]
SQL: SELECT * FROM `sw_goods` WHERE (  `good_id` = '2' )  [ RunTime:0.0000s ]

[ 2015-12-24T14:27:00+08:00 ] ::1 /design/index.php/home/personal/index.html
INFO: [ app_init ] --START--
INFO: Run Behavior\BuildLiteBehavior [ RunTime:0.000000s ]
INFO: [ app_init ] --END-- [ RunTime:0.000000s ]
INFO: [ app_begin ] --START--
INFO: Run Behavior\ReadHtmlCacheBehavior [ RunTime:0.000000s ]
INFO: [ app_begin ] --END-- [ RunTime:0.000000s ]
SQL: SHOW COLUMNS FROM `sw_info` [ RunTime:0.0050s ]
SQL: SELECT * FROM `sw_info` WHERE ( nickname='杨阳测试' ) ORDER BY info_time desc  [ RunTime:0.0000s ]
SQL: SELECT * FROM `sw_info` WHERE ( nickname='杨阳测试' and info_flag='0' )  [ RunTime:0.0000s ]
INFO: [ view_parse ] --START--
INFO: [ template_filter ] --START--
INFO: Run Behavior\ContentReplaceBehavior [ RunTime:0.000000s ]
INFO: [ template_filter ] --END-- [ RunTime:0.000000s ]
NOTIC: [8] Use of undefined constant vo - assumed 'vo' D:\xampp2\htdocs\design\Apps\Runtime\Cache\Home\ec2f62de7273b3912beaf3c71d5dd7c8.php 第 191 行.
NOTIC: [8] Use of undefined constant info_flag - assumed 'info_flag' D:\xampp2\htdocs\design\Apps\Runtime\Cache\Home\ec2f62de7273b3912beaf3c71d5dd7c8.php 第 191 行.
INFO: Run Behavior\ParseTemplateBehavior [ RunTime:0.070001s ]
INFO: [ view_parse ] --END-- [ RunTime:0.070001s ]
INFO: [ view_filter ] --START--
INFO: Run Behavior\WriteHtmlCacheBehavior [ RunTime:0.000000s ]
INFO: [ view_filter ] --END-- [ RunTime:0.000000s ]
INFO: [ app_end ] --START--
INFO: Run Behavior\ShowPageTraceBehavior [ RunTime:0.002500s ]
INFO: [ app_end ] --END-- [ RunTime:0.002500s ]

[ 2015-12-24T14:42:46+08:00 ] ::1 /design/index.php/home/personal/changeFlag
INFO: [ app_init ] --START--
INFO: Run Behavior\BuildLiteBehavior [ RunTime:0.000000s ]
INFO: [ app_init ] --END-- [ RunTime:0.000000s ]
INFO: [ app_begin ] --START--
INFO: Run Behavior\ReadHtmlCacheBehavior [ RunTime:0.000000s ]
INFO: [ app_begin ] --END-- [ RunTime:0.000000s ]
SQL: SHOW COLUMNS FROM `sw_user` [ RunTime:0.0050s ]
SQL: SHOW COLUMNS FROM `sw_info` [ RunTime:0.0050s ]
SQL: SELECT `info_id` FROM `sw_info` WHERE ( nickname='杨阳测试' and info_flag=0 )  [ RunTime:0.0000s ]
SQL: UPDATE `sw_info` SET `info_flag`='1' WHERE (  `info_id` = '1' ) [ RunTime:0.1775s ]

[ 2015-12-24T14:43:14+08:00 ] ::1 /design/index.php/home/personal/index.html
INFO: [ app_init ] --START--
INFO: Run Behavior\BuildLiteBehavior [ RunTime:0.000000s ]
INFO: [ app_init ] --END-- [ RunTime:0.002500s ]
INFO: [ app_begin ] --START--
INFO: Run Behavior\ReadHtmlCacheBehavior [ RunTime:0.000000s ]
INFO: [ app_begin ] --END-- [ RunTime:0.002500s ]
SQL: SHOW COLUMNS FROM `sw_info` [ RunTime:0.0050s ]
SQL: SELECT * FROM `sw_info` WHERE ( nickname='杨阳测试' ) ORDER BY info_time desc  [ RunTime:0.0000s ]
SQL: SELECT * FROM `sw_info` WHERE ( nickname='杨阳测试' and info_flag='0' )  [ RunTime:0.0000s ]
INFO: [ view_parse ] --START--
INFO: [ template_filter ] --START--
INFO: Run Behavior\ContentReplaceBehavior [ RunTime:0.000000s ]
INFO: [ template_filter ] --END-- [ RunTime:0.000000s ]
NOTIC: [8] Use of undefined constant vo - assumed 'vo' D:\xampp2\htdocs\design\Apps\Runtime\Cache\Home\ec2f62de7273b3912beaf3c71d5dd7c8.php 第 191 行.
NOTIC: [8] Use of undefined constant info_flag - assumed 'info_flag' D:\xampp2\htdocs\design\Apps\Runtime\Cache\Home\ec2f62de7273b3912beaf3c71d5dd7c8.php 第 191 行.
NOTIC: [8] Use of undefined constant vo - assumed 'vo' D:\xampp2\htdocs\design\Apps\Runtime\Cache\Home\ec2f62de7273b3912beaf3c71d5dd7c8.php 第 191 行.
NOTIC: [8] Use of undefined constant info_flag - assumed 'info_flag' D:\xampp2\htdocs\design\Apps\Runtime\Cache\Home\ec2f62de7273b3912beaf3c71d5dd7c8.php 第 191 行.
INFO: Run Behavior\ParseTemplateBehavior [ RunTime:0.015000s ]
INFO: [ view_parse ] --END-- [ RunTime:0.015000s ]
INFO: [ view_filter ] --START--
INFO: Run Behavior\WriteHtmlCacheBehavior [ RunTime:0.002500s ]
INFO: [ view_filter ] --END-- [ RunTime:0.002500s ]
INFO: [ app_end ] --START--
INFO: Run Behavior\ShowPageTraceBehavior [ RunTime:0.000000s ]
INFO: [ app_end ] --END-- [ RunTime:0.000000s ]

[ 2015-12-24T14:43:15+08:00 ] ::1 /design/index.php/home/personal/changeFlag
INFO: [ app_init ] --START--
INFO: Run Behavior\BuildLiteBehavior [ RunTime:0.000000s ]
INFO: [ app_init ] --END-- [ RunTime:0.002500s ]
INFO: [ app_begin ] --START--
INFO: Run Behavior\ReadHtmlCacheBehavior [ RunTime:0.000000s ]
INFO: [ app_begin ] --END-- [ RunTime:0.002500s ]
SQL: SHOW COLUMNS FROM `sw_user` [ RunTime:0.0050s ]
SQL: SHOW COLUMNS FROM `sw_info` [ RunTime:0.0025s ]
SQL: SELECT `info_id` FROM `sw_info` WHERE ( nickname='杨阳测试' and info_flag=0 )  [ RunTime:0.0000s ]
SQL: UPDATE `sw_info` SET `info_flag`='1' WHERE (  `info_id` = '2' ) [ RunTime:0.0725s ]

[ 2015-12-24T14:49:11+08:00 ] ::1 /design/index.php/home/personal/myCollection?pageSize=3&pageNum=1
INFO: [ app_init ] --START--
INFO: Run Behavior\BuildLiteBehavior [ RunTime:0.000000s ]
INFO: [ app_init ] --END-- [ RunTime:0.002500s ]
INFO: [ app_begin ] --START--
INFO: Run Behavior\ReadHtmlCacheBehavior [ RunTime:0.002500s ]
INFO: [ app_begin ] --END-- [ RunTime:0.002500s ]
SQL: SHOW COLUMNS FROM `sw_user` [ RunTime:0.0025s ]
SQL: SHOW COLUMNS FROM `sw_goods` [ RunTime:0.0025s ]
SQL: SHOW COLUMNS FROM `sw_collection` [ RunTime:0.0025s ]
SQL: SELECT `good_id` FROM `sw_collection` WHERE ( nickname = '杨阳测试' ) ORDER BY good_id desc LIMIT 0,3   [ RunTime:0.0000s ]
SQL: SELECT * FROM `sw_collection` WHERE ( nickname = '杨阳测试' )  [ RunTime:0.0000s ]
SQL: SELECT * FROM `sw_goods` WHERE (  `good_id` = '2' )  [ RunTime:0.0000s ]

