[ 2015-12-22T10:13:59+08:00 ] ::1 /design/index.php/home/personal/changeFlag
INFO: [ app_init ] --START--
INFO: Run Behavior\BuildLiteBehavior [ RunTime:0.000000s ]
INFO: [ app_init ] --END-- [ RunTime:0.010001s ]
INFO: [ app_begin ] --START--
INFO: Run Behavior\ReadHtmlCacheBehavior [ RunTime:0.011000s ]
INFO: [ app_begin ] --END-- [ RunTime:0.012000s ]
SQL: SHOW COLUMNS FROM `sw_user` [ RunTime:0.0060s ]
SQL: SHOW COLUMNS FROM `sw_info` [ RunTime:0.0060s ]
SQL: SELECT `info_id` FROM `sw_info` WHERE ( nickname='杨阳测试' and info_flag=0 )  [ RunTime:0.0250s ]
SQL: UPDATE `sw_info` SET `info_flag`='1' [ RunTime:0.1320s ]

[ 2015-12-22T10:16:09+08:00 ] ::1 /design/index.php/home/personal/index.html
INFO: [ app_init ] --START--
INFO: Run Behavior\BuildLiteBehavior [ RunTime:0.000000s ]
INFO: [ app_init ] --END-- [ RunTime:0.000000s ]
INFO: [ app_begin ] --START--
INFO: Run Behavior\ReadHtmlCacheBehavior [ RunTime:0.000000s ]
INFO: [ app_begin ] --END-- [ RunTime:0.000000s ]
SQL: SHOW COLUMNS FROM `sw_info` [ RunTime:0.0030s ]
SQL: SELECT * FROM `sw_info` WHERE ( nickname='杨阳测试' ) ORDER BY info_time desc  [ RunTime:0.0010s ]
INFO: [ view_parse ] --START--
INFO: [ template_filter ] --START--
INFO: Run Behavior\ContentReplaceBehavior [ RunTime:0.000000s ]
INFO: [ template_filter ] --END-- [ RunTime:0.000000s ]
NOTIC: [8] Undefined index: info_flag D:\xampp2\htdocs\design\Apps\Runtime\Cache\Home\ec2f62de7273b3912beaf3c71d5dd7c8.php 第 178 行.
NOTIC: [8] Undefined index: info_time D:\xampp2\htdocs\design\Apps\Runtime\Cache\Home\ec2f62de7273b3912beaf3c71d5dd7c8.php 第 180 行.
NOTIC: [8] Use of undefined constant vo - assumed 'vo' D:\xampp2\htdocs\design\Apps\Runtime\Cache\Home\ec2f62de7273b3912beaf3c71d5dd7c8.php 第 191 行.
NOTIC: [8] Use of undefined constant info_flag - assumed 'info_flag' D:\xampp2\htdocs\design\Apps\Runtime\Cache\Home\ec2f62de7273b3912beaf3c71d5dd7c8.php 第 191 行.
NOTIC: [8] Undefined index: info_time D:\xampp2\htdocs\design\Apps\Runtime\Cache\Home\ec2f62de7273b3912beaf3c71d5dd7c8.php 第 197 行.
INFO: Run Behavior\ParseTemplateBehavior [ RunTime:0.076005s ]
INFO: [ view_parse ] --END-- [ RunTime:0.076005s ]
INFO: [ view_filter ] --START--
INFO: Run Behavior\WriteHtmlCacheBehavior [ RunTime:0.084005s ]
INFO: [ view_filter ] --END-- [ RunTime:0.084005s ]
INFO: [ app_end ] --START--
INFO: Run Behavior\ShowPageTraceBehavior [ RunTime:0.008000s ]
INFO: [ app_end ] --END-- [ RunTime:0.008000s ]

[ 2015-12-22T10:16:11+08:00 ] ::1 /design/index.php/home/personal/myGoodList?pageSize=3&pageNum=1
INFO: [ app_init ] --START--
INFO: Run Behavior\BuildLiteBehavior [ RunTime:0.000000s ]
INFO: [ app_init ] --END-- [ RunTime:0.001000s ]
INFO: [ app_begin ] --START--
INFO: Run Behavior\ReadHtmlCacheBehavior [ RunTime:0.000000s ]
INFO: [ app_begin ] --END-- [ RunTime:0.000000s ]
SQL: SHOW COLUMNS FROM `sw_user` [ RunTime:0.0050s ]
SQL: SHOW COLUMNS FROM `sw_goods` [ RunTime:0.0030s ]
SQL: SELECT * FROM `sw_goods` WHERE ( nickname='杨阳测试' ) ORDER BY good_id desc LIMIT 0,3   [ RunTime:0.0000s ]
SQL: SELECT COUNT(*) AS tp_count FROM `sw_goods` WHERE ( nickname='杨阳测试' ) LIMIT 1   [ RunTime:0.0650s ]

[ 2015-12-22T10:16:14+08:00 ] ::1 /design/index.php/home/personal/myGoodList?pageSize=3&pageNum=1
INFO: [ app_init ] --START--
INFO: Run Behavior\BuildLiteBehavior [ RunTime:0.000000s ]
INFO: [ app_init ] --END-- [ RunTime:0.001000s ]
INFO: [ app_begin ] --START--
INFO: Run Behavior\ReadHtmlCacheBehavior [ RunTime:0.000000s ]
INFO: [ app_begin ] --END-- [ RunTime:0.000000s ]
SQL: SHOW COLUMNS FROM `sw_user` [ RunTime:0.0040s ]
SQL: SHOW COLUMNS FROM `sw_goods` [ RunTime:0.0040s ]
SQL: SELECT * FROM `sw_goods` WHERE ( nickname='杨阳测试' ) ORDER BY good_id desc LIMIT 0,3   [ RunTime:0.0010s ]
SQL: SELECT COUNT(*) AS tp_count FROM `sw_goods` WHERE ( nickname='杨阳测试' ) LIMIT 1   [ RunTime:0.0000s ]

[ 2015-12-22T10:16:15+08:00 ] ::1 /design/index.php/home/personal/myCollection?pageSize=3&pageNum=1
INFO: [ app_init ] --START--
INFO: Run Behavior\BuildLiteBehavior [ RunTime:0.000000s ]
INFO: [ app_init ] --END-- [ RunTime:0.001000s ]
INFO: [ app_begin ] --START--
INFO: Run Behavior\ReadHtmlCacheBehavior [ RunTime:0.001000s ]
INFO: [ app_begin ] --END-- [ RunTime:0.001000s ]
SQL: SHOW COLUMNS FROM `sw_user` [ RunTime:0.0030s ]
SQL: SHOW COLUMNS FROM `sw_goods` [ RunTime:0.0040s ]
SQL: SHOW COLUMNS FROM `sw_collection` [ RunTime:0.0360s ]
SQL: SELECT `good_id` FROM `sw_collection` WHERE ( nickname = '杨阳测试' ) ORDER BY good_id desc LIMIT 0,3   [ RunTime:0.0090s ]
SQL: SELECT * FROM `sw_collection` WHERE ( nickname = '杨阳测试' )  [ RunTime:0.0010s ]

[ 2015-12-22T10:16:16+08:00 ] ::1 /design/index.php/home/personal/myGoodList?pageSize=3&pageNum=1
INFO: [ app_init ] --START--
INFO: Run Behavior\BuildLiteBehavior [ RunTime:0.000000s ]
INFO: [ app_init ] --END-- [ RunTime:0.001000s ]
INFO: [ app_begin ] --START--
INFO: Run Behavior\ReadHtmlCacheBehavior [ RunTime:0.001000s ]
INFO: [ app_begin ] --END-- [ RunTime:0.002000s ]
SQL: SHOW COLUMNS FROM `sw_user` [ RunTime:0.0030s ]
SQL: SHOW COLUMNS FROM `sw_goods` [ RunTime:0.0020s ]
SQL: SELECT * FROM `sw_goods` WHERE ( nickname='杨阳测试' ) ORDER BY good_id desc LIMIT 0,3   [ RunTime:0.0020s ]
SQL: SELECT COUNT(*) AS tp_count FROM `sw_goods` WHERE ( nickname='杨阳测试' ) LIMIT 1   [ RunTime:0.0000s ]

[ 2015-12-22T10:16:26+08:00 ] ::1 /design/index.php/home/personal/myCollection?pageSize=3&pageNum=1
INFO: [ app_init ] --START--
INFO: Run Behavior\BuildLiteBehavior [ RunTime:0.000000s ]
INFO: [ app_init ] --END-- [ RunTime:0.000000s ]
INFO: [ app_begin ] --START--
INFO: Run Behavior\ReadHtmlCacheBehavior [ RunTime:0.001000s ]
INFO: [ app_begin ] --END-- [ RunTime:0.001000s ]
SQL: SHOW COLUMNS FROM `sw_user` [ RunTime:0.0040s ]
SQL: SHOW COLUMNS FROM `sw_goods` [ RunTime:0.0040s ]
SQL: SHOW COLUMNS FROM `sw_collection` [ RunTime:0.0040s ]
SQL: SELECT `good_id` FROM `sw_collection` WHERE ( nickname = '杨阳测试' ) ORDER BY good_id desc LIMIT 0,3   [ RunTime:0.0010s ]
SQL: SELECT * FROM `sw_collection` WHERE ( nickname = '杨阳测试' )  [ RunTime:0.0010s ]

[ 2015-12-22T10:16:28+08:00 ] ::1 /design/index.php/home/personal/myGoodList?pageSize=3&pageNum=1
INFO: [ app_init ] --START--
INFO: Run Behavior\BuildLiteBehavior [ RunTime:0.000000s ]
INFO: [ app_init ] --END-- [ RunTime:0.000000s ]
INFO: [ app_begin ] --START--
INFO: Run Behavior\ReadHtmlCacheBehavior [ RunTime:0.001000s ]
INFO: [ app_begin ] --END-- [ RunTime:0.001000s ]
SQL: SHOW COLUMNS FROM `sw_user` [ RunTime:0.0030s ]
SQL: SHOW COLUMNS FROM `sw_goods` [ RunTime:0.0030s ]
SQL: SELECT * FROM `sw_goods` WHERE ( nickname='杨阳测试' ) ORDER BY good_id desc LIMIT 0,3   [ RunTime:0.0010s ]
SQL: SELECT COUNT(*) AS tp_count FROM `sw_goods` WHERE ( nickname='杨阳测试' ) LIMIT 1   [ RunTime:0.0000s ]

[ 2015-12-22T10:16:29+08:00 ] ::1 /design/index.php/home/personal/myGoodList?pageSize=3&pageNum=1
INFO: [ app_init ] --START--
INFO: Run Behavior\BuildLiteBehavior [ RunTime:0.000000s ]
INFO: [ app_init ] --END-- [ RunTime:0.001000s ]
INFO: [ app_begin ] --START--
INFO: Run Behavior\ReadHtmlCacheBehavior [ RunTime:0.002000s ]
INFO: [ app_begin ] --END-- [ RunTime:0.002000s ]
SQL: SHOW COLUMNS FROM `sw_user` [ RunTime:0.0030s ]
SQL: SHOW COLUMNS FROM `sw_goods` [ RunTime:0.0030s ]
SQL: SELECT * FROM `sw_goods` WHERE ( nickname='杨阳测试' ) ORDER BY good_id desc LIMIT 0,3   [ RunTime:0.0000s ]
SQL: SELECT COUNT(*) AS tp_count FROM `sw_goods` WHERE ( nickname='杨阳测试' ) LIMIT 1   [ RunTime:0.0010s ]

[ 2015-12-22T10:16:33+08:00 ] ::1 /design/index.php/home/personal/myGoodList?pageSize=3&pageNum=1
INFO: [ app_init ] --START--
INFO: Run Behavior\BuildLiteBehavior [ RunTime:0.000000s ]
INFO: [ app_init ] --END-- [ RunTime:0.001001s ]
INFO: [ app_begin ] --START--
INFO: Run Behavior\ReadHtmlCacheBehavior [ RunTime:0.002000s ]
INFO: [ app_begin ] --END-- [ RunTime:0.002000s ]
SQL: SHOW COLUMNS FROM `sw_user` [ RunTime:0.0030s ]
SQL: SHOW COLUMNS FROM `sw_goods` [ RunTime:0.0030s ]
SQL: SELECT * FROM `sw_goods` WHERE ( nickname='杨阳测试' ) ORDER BY good_id desc LIMIT 0,3   [ RunTime:0.0010s ]
SQL: SELECT COUNT(*) AS tp_count FROM `sw_goods` WHERE ( nickname='杨阳测试' ) LIMIT 1   [ RunTime:0.0000s ]

[ 2015-12-22T10:16:39+08:00 ] ::1 /design/index.php/home/personal/myCollection?pageSize=3&pageNum=1
INFO: [ app_init ] --START--
INFO: Run Behavior\BuildLiteBehavior [ RunTime:0.000000s ]
INFO: [ app_init ] --END-- [ RunTime:0.001000s ]
INFO: [ app_begin ] --START--
INFO: Run Behavior\ReadHtmlCacheBehavior [ RunTime:0.000000s ]
INFO: [ app_begin ] --END-- [ RunTime:0.000000s ]
SQL: SHOW COLUMNS FROM `sw_user` [ RunTime:0.0030s ]
SQL: SHOW COLUMNS FROM `sw_goods` [ RunTime:0.0040s ]
SQL: SHOW COLUMNS FROM `sw_collection` [ RunTime:0.0040s ]
SQL: SELECT `good_id` FROM `sw_collection` WHERE ( nickname = '杨阳测试' ) ORDER BY good_id desc LIMIT 0,3   [ RunTime:0.0000s ]
SQL: SELECT * FROM `sw_collection` WHERE ( nickname = '杨阳测试' )  [ RunTime:0.0010s ]

[ 2015-12-22T10:16:39+08:00 ] ::1 /design/index.php/home/personal/changeFlag
INFO: [ app_init ] --START--
INFO: Run Behavior\BuildLiteBehavior [ RunTime:0.000000s ]
INFO: [ app_init ] --END-- [ RunTime:0.000000s ]
INFO: [ app_begin ] --START--
INFO: Run Behavior\ReadHtmlCacheBehavior [ RunTime:0.001000s ]
INFO: [ app_begin ] --END-- [ RunTime:0.001000s ]
SQL: SHOW COLUMNS FROM `sw_user` [ RunTime:0.0040s ]
SQL: SHOW COLUMNS FROM `sw_info` [ RunTime:0.0020s ]
SQL: SELECT `info_id` FROM `sw_info` WHERE ( nickname='杨阳测试' and info_flag=0 )  [ RunTime:0.0000s ]
SQL: UPDATE `sw_info` SET `info_flag`='1' [ RunTime:0.0000s ]

[ 2015-12-22T10:16:40+08:00 ] ::1 /design/index.php/home/personal/myGoodList?pageSize=3&pageNum=1
INFO: [ app_init ] --START--
INFO: Run Behavior\BuildLiteBehavior [ RunTime:0.000000s ]
INFO: [ app_init ] --END-- [ RunTime:0.000000s ]
INFO: [ app_begin ] --START--
INFO: Run Behavior\ReadHtmlCacheBehavior [ RunTime:0.001000s ]
INFO: [ app_begin ] --END-- [ RunTime:0.001000s ]
SQL: SHOW COLUMNS FROM `sw_user` [ RunTime:0.0040s ]
SQL: SHOW COLUMNS FROM `sw_goods` [ RunTime:0.0040s ]
SQL: SELECT * FROM `sw_goods` WHERE ( nickname='杨阳测试' ) ORDER BY good_id desc LIMIT 0,3   [ RunTime:0.0000s ]
SQL: SELECT COUNT(*) AS tp_count FROM `sw_goods` WHERE ( nickname='杨阳测试' ) LIMIT 1   [ RunTime:0.0000s ]

[ 2015-12-22T10:16:55+08:00 ] ::1 /design/index.php/home/index/index.html
INFO: [ app_init ] --START--
INFO: Run Behavior\BuildLiteBehavior [ RunTime:0.000000s ]
INFO: [ app_init ] --END-- [ RunTime:0.001000s ]
INFO: [ app_begin ] --START--
INFO: Run Behavior\ReadHtmlCacheBehavior [ RunTime:0.001000s ]
INFO: [ app_begin ] --END-- [ RunTime:0.001000s ]
INFO: [ view_parse ] --START--
INFO: [ template_filter ] --START--
INFO: Run Behavior\ContentReplaceBehavior [ RunTime:0.000000s ]
INFO: [ template_filter ] --END-- [ RunTime:0.000000s ]
INFO: Run Behavior\ParseTemplateBehavior [ RunTime:0.042002s ]
INFO: [ view_parse ] --END-- [ RunTime:0.042002s ]
INFO: [ view_filter ] --START--
INFO: Run Behavior\WriteHtmlCacheBehavior [ RunTime:0.000000s ]
INFO: [ view_filter ] --END-- [ RunTime:0.000000s ]
INFO: [ app_end ] --START--
INFO: Run Behavior\ShowPageTraceBehavior [ RunTime:0.001000s ]
INFO: [ app_end ] --END-- [ RunTime:0.001000s ]

[ 2015-12-22T10:16:55+08:00 ] ::1 /design/index.php/home/index/typeSelect?pageSize=3&type=0&pageNum=1
INFO: [ app_init ] --START--
INFO: Run Behavior\BuildLiteBehavior [ RunTime:0.000000s ]
INFO: [ app_init ] --END-- [ RunTime:0.000000s ]
INFO: [ app_begin ] --START--
INFO: Run Behavior\ReadHtmlCacheBehavior [ RunTime:0.004001s ]
INFO: [ app_begin ] --END-- [ RunTime:0.004001s ]
SQL: SHOW COLUMNS FROM `sw_goods` [ RunTime:0.0040s ]
SQL: SELECT * FROM `sw_goods` WHERE ( goodtype='0' ) ORDER BY good_id desc LIMIT 0,3   [ RunTime:0.0000s ]
SQL: SELECT * FROM `sw_goods` WHERE ( goodtype='0' )  [ RunTime:0.0010s ]

[ 2015-12-22T10:17:04+08:00 ] ::1 /design/index.php/home/personal/myGoodList?pageSize=3&pageNum=1
INFO: [ app_init ] --START--
INFO: Run Behavior\BuildLiteBehavior [ RunTime:0.000000s ]
INFO: [ app_init ] --END-- [ RunTime:0.000000s ]
INFO: [ app_begin ] --START--
INFO: Run Behavior\ReadHtmlCacheBehavior [ RunTime:0.001000s ]
INFO: [ app_begin ] --END-- [ RunTime:0.001000s ]
SQL: SHOW COLUMNS FROM `sw_user` [ RunTime:0.0020s ]
SQL: SHOW COLUMNS FROM `sw_goods` [ RunTime:0.0020s ]
SQL: SELECT * FROM `sw_goods` WHERE ( nickname='杨阳测试' ) ORDER BY good_id desc LIMIT 0,3   [ RunTime:0.0010s ]
SQL: SELECT COUNT(*) AS tp_count FROM `sw_goods` WHERE ( nickname='杨阳测试' ) LIMIT 1   [ RunTime:0.0000s ]

[ 2015-12-22T10:17:28+08:00 ] ::1 /design/index.php/home/personal/index.html
INFO: [ app_init ] --START--
INFO: Run Behavior\BuildLiteBehavior [ RunTime:0.000000s ]
INFO: [ app_init ] --END-- [ RunTime:0.001000s ]
INFO: [ app_begin ] --START--
INFO: Run Behavior\ReadHtmlCacheBehavior [ RunTime:0.001000s ]
INFO: [ app_begin ] --END-- [ RunTime:0.001000s ]
SQL: SHOW COLUMNS FROM `sw_info` [ RunTime:0.0060s ]
SQL: SELECT * FROM `sw_info` WHERE ( nickname='杨阳测试' ) ORDER BY info_time desc  [ RunTime:0.0000s ]
INFO: [ view_parse ] --START--
INFO: [ template_filter ] --START--
INFO: Run Behavior\ContentReplaceBehavior [ RunTime:0.000000s ]
INFO: [ template_filter ] --END-- [ RunTime:0.000000s ]
NOTIC: [8] Undefined index: info_flag D:\xampp2\htdocs\design\Apps\Runtime\Cache\Home\ec2f62de7273b3912beaf3c71d5dd7c8.php 第 178 行.
NOTIC: [8] Undefined index: info_time D:\xampp2\htdocs\design\Apps\Runtime\Cache\Home\ec2f62de7273b3912beaf3c71d5dd7c8.php 第 180 行.
NOTIC: [8] Use of undefined constant vo - assumed 'vo' D:\xampp2\htdocs\design\Apps\Runtime\Cache\Home\ec2f62de7273b3912beaf3c71d5dd7c8.php 第 191 行.
NOTIC: [8] Use of undefined constant info_flag - assumed 'info_flag' D:\xampp2\htdocs\design\Apps\Runtime\Cache\Home\ec2f62de7273b3912beaf3c71d5dd7c8.php 第 191 行.
NOTIC: [8] Undefined index: info_time D:\xampp2\htdocs\design\Apps\Runtime\Cache\Home\ec2f62de7273b3912beaf3c71d5dd7c8.php 第 197 行.
INFO: Run Behavior\ParseTemplateBehavior [ RunTime:0.011000s ]
INFO: [ view_parse ] --END-- [ RunTime:0.011000s ]
INFO: [ view_filter ] --START--
INFO: Run Behavior\WriteHtmlCacheBehavior [ RunTime:0.000000s ]
INFO: [ view_filter ] --END-- [ RunTime:0.000000s ]
INFO: [ app_end ] --START--
INFO: Run Behavior\ShowPageTraceBehavior [ RunTime:0.000000s ]
INFO: [ app_end ] --END-- [ RunTime:0.001000s ]

[ 2015-12-22T10:17:29+08:00 ] ::1 /design/index.php/home/personal/myGoodList?pageSize=3&pageNum=1
INFO: [ app_init ] --START--
INFO: Run Behavior\BuildLiteBehavior [ RunTime:0.000000s ]
INFO: [ app_init ] --END-- [ RunTime:0.000000s ]
INFO: [ app_begin ] --START--
INFO: Run Behavior\ReadHtmlCacheBehavior [ RunTime:0.001000s ]
INFO: [ app_begin ] --END-- [ RunTime:0.001000s ]
SQL: SHOW COLUMNS FROM `sw_user` [ RunTime:0.0030s ]
SQL: SHOW COLUMNS FROM `sw_goods` [ RunTime:0.0030s ]
SQL: SELECT * FROM `sw_goods` WHERE ( nickname='杨阳测试' ) ORDER BY good_id desc LIMIT 0,3   [ RunTime:0.0010s ]
SQL: SELECT COUNT(*) AS tp_count FROM `sw_goods` WHERE ( nickname='杨阳测试' ) LIMIT 1   [ RunTime:0.0000s ]

[ 2015-12-22T10:17:49+08:00 ] ::1 /design/index.php/home/personal/index.html
INFO: [ app_init ] --START--
INFO: Run Behavior\BuildLiteBehavior [ RunTime:0.000000s ]
INFO: [ app_init ] --END-- [ RunTime:0.000000s ]
INFO: [ app_begin ] --START--
INFO: Run Behavior\ReadHtmlCacheBehavior [ RunTime:0.001000s ]
INFO: [ app_begin ] --END-- [ RunTime:0.001000s ]
SQL: SHOW COLUMNS FROM `sw_info` [ RunTime:0.0030s ]
SQL: SELECT * FROM `sw_info` WHERE ( nickname='杨阳测试' ) ORDER BY info_time desc  [ RunTime:0.0000s ]
INFO: [ view_parse ] --START--
INFO: [ template_filter ] --START--
INFO: Run Behavior\ContentReplaceBehavior [ RunTime:0.000000s ]
INFO: [ template_filter ] --END-- [ RunTime:0.001000s ]
NOTIC: [8] Undefined index: info_flag D:\xampp2\htdocs\design\Apps\Runtime\Cache\Home\ec2f62de7273b3912beaf3c71d5dd7c8.php 第 178 行.
NOTIC: [8] Undefined index: info_time D:\xampp2\htdocs\design\Apps\Runtime\Cache\Home\ec2f62de7273b3912beaf3c71d5dd7c8.php 第 180 行.
NOTIC: [8] Use of undefined constant vo - assumed 'vo' D:\xampp2\htdocs\design\Apps\Runtime\Cache\Home\ec2f62de7273b3912beaf3c71d5dd7c8.php 第 191 行.
NOTIC: [8] Use of undefined constant info_flag - assumed 'info_flag' D:\xampp2\htdocs\design\Apps\Runtime\Cache\Home\ec2f62de7273b3912beaf3c71d5dd7c8.php 第 191 行.
NOTIC: [8] Undefined index: info_time D:\xampp2\htdocs\design\Apps\Runtime\Cache\Home\ec2f62de7273b3912beaf3c71d5dd7c8.php 第 197 行.
INFO: Run Behavior\ParseTemplateBehavior [ RunTime:0.010000s ]
INFO: [ view_parse ] --END-- [ RunTime:0.010000s ]
INFO: [ view_filter ] --START--
INFO: Run Behavior\WriteHtmlCacheBehavior [ RunTime:0.000000s ]
INFO: [ view_filter ] --END-- [ RunTime:0.000000s ]
INFO: [ app_end ] --START--
INFO: Run Behavior\ShowPageTraceBehavior [ RunTime:0.001000s ]
INFO: [ app_end ] --END-- [ RunTime:0.001000s ]

[ 2015-12-22T10:17:52+08:00 ] ::1 /design/index.php/home/personal/myGoodList?pageSize=3&pageNum=1
INFO: [ app_init ] --START--
INFO: Run Behavior\BuildLiteBehavior [ RunTime:0.000000s ]
INFO: [ app_init ] --END-- [ RunTime:0.000000s ]
INFO: [ app_begin ] --START--
INFO: Run Behavior\ReadHtmlCacheBehavior [ RunTime:0.000000s ]
INFO: [ app_begin ] --END-- [ RunTime:0.000000s ]
SQL: SHOW COLUMNS FROM `sw_user` [ RunTime:0.0040s ]
SQL: SHOW COLUMNS FROM `sw_goods` [ RunTime:0.0040s ]
SQL: SELECT * FROM `sw_goods` WHERE ( nickname='杨阳测试' ) ORDER BY good_id desc LIMIT 0,3   [ RunTime:0.0010s ]
SQL: SELECT COUNT(*) AS tp_count FROM `sw_goods` WHERE ( nickname='杨阳测试' ) LIMIT 1   [ RunTime:0.0000s ]

[ 2015-12-22T10:18:25+08:00 ] ::1 /design/index.php/home/personal/myGoodList?pageSize=3&pageNum=1
INFO: [ app_init ] --START--
INFO: Run Behavior\BuildLiteBehavior [ RunTime:0.001000s ]
INFO: [ app_init ] --END-- [ RunTime:0.001000s ]
INFO: [ app_begin ] --START--
INFO: Run Behavior\ReadHtmlCacheBehavior [ RunTime:0.000000s ]
INFO: [ app_begin ] --END-- [ RunTime:0.000000s ]
SQL: SHOW COLUMNS FROM `sw_user` [ RunTime:0.0030s ]
SQL: SHOW COLUMNS FROM `sw_goods` [ RunTime:0.0030s ]
SQL: SELECT * FROM `sw_goods` WHERE ( nickname='杨阳测试' ) ORDER BY good_id desc LIMIT 0,3   [ RunTime:0.0000s ]
SQL: SELECT COUNT(*) AS tp_count FROM `sw_goods` WHERE ( nickname='杨阳测试' ) LIMIT 1   [ RunTime:0.0000s ]

[ 2015-12-22T10:18:26+08:00 ] ::1 /design/index.php/home/personal/myGoodList?pageSize=3&pageNum=1
INFO: [ app_init ] --START--
INFO: Run Behavior\BuildLiteBehavior [ RunTime:0.000000s ]
INFO: [ app_init ] --END-- [ RunTime:0.001000s ]
INFO: [ app_begin ] --START--
INFO: Run Behavior\ReadHtmlCacheBehavior [ RunTime:0.001000s ]
INFO: [ app_begin ] --END-- [ RunTime:0.001000s ]
SQL: SHOW COLUMNS FROM `sw_user` [ RunTime:0.0030s ]
SQL: SHOW COLUMNS FROM `sw_goods` [ RunTime:0.0050s ]
SQL: SELECT * FROM `sw_goods` WHERE ( nickname='杨阳测试' ) ORDER BY good_id desc LIMIT 0,3   [ RunTime:0.0010s ]
SQL: SELECT COUNT(*) AS tp_count FROM `sw_goods` WHERE ( nickname='杨阳测试' ) LIMIT 1   [ RunTime:0.0000s ]

[ 2015-12-22T10:18:26+08:00 ] ::1 /design/index.php/home/personal/myGoodList?pageSize=3&pageNum=1
INFO: [ app_init ] --START--
INFO: Run Behavior\BuildLiteBehavior [ RunTime:0.000000s ]
INFO: [ app_init ] --END-- [ RunTime:0.000000s ]
INFO: [ app_begin ] --START--
INFO: Run Behavior\ReadHtmlCacheBehavior [ RunTime:0.000000s ]
INFO: [ app_begin ] --END-- [ RunTime:0.000000s ]
SQL: SHOW COLUMNS FROM `sw_user` [ RunTime:0.0040s ]
SQL: SHOW COLUMNS FROM `sw_goods` [ RunTime:0.0030s ]
SQL: SELECT * FROM `sw_goods` WHERE ( nickname='杨阳测试' ) ORDER BY good_id desc LIMIT 0,3   [ RunTime:0.0000s ]
SQL: SELECT COUNT(*) AS tp_count FROM `sw_goods` WHERE ( nickname='杨阳测试' ) LIMIT 1   [ RunTime:0.0000s ]

[ 2015-12-22T10:18:27+08:00 ] ::1 /design/index.php/home/personal/index.html
INFO: [ app_init ] --START--
INFO: Run Behavior\BuildLiteBehavior [ RunTime:0.000000s ]
INFO: [ app_init ] --END-- [ RunTime:0.000000s ]
INFO: [ app_begin ] --START--
INFO: Run Behavior\ReadHtmlCacheBehavior [ RunTime:0.000000s ]
INFO: [ app_begin ] --END-- [ RunTime:0.000000s ]
SQL: SHOW COLUMNS FROM `sw_info` [ RunTime:0.0030s ]
SQL: SELECT * FROM `sw_info` WHERE ( nickname='杨阳测试' ) ORDER BY info_time desc  [ RunTime:0.0010s ]
INFO: [ view_parse ] --START--
INFO: [ template_filter ] --START--
INFO: Run Behavior\ContentReplaceBehavior [ RunTime:0.000000s ]
INFO: [ template_filter ] --END-- [ RunTime:0.000000s ]
NOTIC: [8] Undefined index: info_flag D:\xampp2\htdocs\design\Apps\Runtime\Cache\Home\ec2f62de7273b3912beaf3c71d5dd7c8.php 第 178 行.
NOTIC: [8] Undefined index: info_time D:\xampp2\htdocs\design\Apps\Runtime\Cache\Home\ec2f62de7273b3912beaf3c71d5dd7c8.php 第 180 行.
NOTIC: [8] Use of undefined constant vo - assumed 'vo' D:\xampp2\htdocs\design\Apps\Runtime\Cache\Home\ec2f62de7273b3912beaf3c71d5dd7c8.php 第 191 行.
NOTIC: [8] Use of undefined constant info_flag - assumed 'info_flag' D:\xampp2\htdocs\design\Apps\Runtime\Cache\Home\ec2f62de7273b3912beaf3c71d5dd7c8.php 第 191 行.
NOTIC: [8] Undefined index: info_time D:\xampp2\htdocs\design\Apps\Runtime\Cache\Home\ec2f62de7273b3912beaf3c71d5dd7c8.php 第 197 行.
INFO: Run Behavior\ParseTemplateBehavior [ RunTime:0.009001s ]
INFO: [ view_parse ] --END-- [ RunTime:0.009001s ]
INFO: [ view_filter ] --START--
INFO: Run Behavior\WriteHtmlCacheBehavior [ RunTime:0.000000s ]
INFO: [ view_filter ] --END-- [ RunTime:0.000000s ]
INFO: [ app_end ] --START--
INFO: Run Behavior\ShowPageTraceBehavior [ RunTime:0.001000s ]
INFO: [ app_end ] --END-- [ RunTime:0.001000s ]

[ 2015-12-22T10:18:28+08:00 ] ::1 /design/index.php/home/personal/myGoodList?pageSize=3&pageNum=1
INFO: [ app_init ] --START--
INFO: Run Behavior\BuildLiteBehavior [ RunTime:0.000000s ]
INFO: [ app_init ] --END-- [ RunTime:0.001000s ]
INFO: [ app_begin ] --START--
INFO: Run Behavior\ReadHtmlCacheBehavior [ RunTime:0.001000s ]
INFO: [ app_begin ] --END-- [ RunTime:0.001000s ]
SQL: SHOW COLUMNS FROM `sw_user` [ RunTime:0.0030s ]
SQL: SHOW COLUMNS FROM `sw_goods` [ RunTime:0.0040s ]
SQL: SELECT * FROM `sw_goods` WHERE ( nickname='杨阳测试' ) ORDER BY good_id desc LIMIT 0,3   [ RunTime:0.0000s ]
SQL: SELECT COUNT(*) AS tp_count FROM `sw_goods` WHERE ( nickname='杨阳测试' ) LIMIT 1   [ RunTime:0.0010s ]

[ 2015-12-22T10:18:48+08:00 ] ::1 /design/index.php/home/personal/index.html
INFO: [ app_init ] --START--
INFO: Run Behavior\BuildLiteBehavior [ RunTime:0.000000s ]
INFO: [ app_init ] --END-- [ RunTime:0.000000s ]
INFO: [ app_begin ] --START--
INFO: Run Behavior\ReadHtmlCacheBehavior [ RunTime:0.001000s ]
INFO: [ app_begin ] --END-- [ RunTime:0.001000s ]
SQL: SHOW COLUMNS FROM `sw_info` [ RunTime:0.0030s ]
SQL: SELECT * FROM `sw_info` WHERE ( nickname='杨阳测试' ) ORDER BY info_time desc  [ RunTime:0.0010s ]
INFO: [ view_parse ] --START--
INFO: [ template_filter ] --START--
INFO: Run Behavior\ContentReplaceBehavior [ RunTime:0.000000s ]
INFO: [ template_filter ] --END-- [ RunTime:0.000000s ]
NOTIC: [8] Undefined index: info_flag D:\xampp2\htdocs\design\Apps\Runtime\Cache\Home\ec2f62de7273b3912beaf3c71d5dd7c8.php 第 178 行.
NOTIC: [8] Undefined index: info_time D:\xampp2\htdocs\design\Apps\Runtime\Cache\Home\ec2f62de7273b3912beaf3c71d5dd7c8.php 第 180 行.
NOTIC: [8] Use of undefined constant vo - assumed 'vo' D:\xampp2\htdocs\design\Apps\Runtime\Cache\Home\ec2f62de7273b3912beaf3c71d5dd7c8.php 第 191 行.
NOTIC: [8] Use of undefined constant info_flag - assumed 'info_flag' D:\xampp2\htdocs\design\Apps\Runtime\Cache\Home\ec2f62de7273b3912beaf3c71d5dd7c8.php 第 191 行.
NOTIC: [8] Undefined index: info_time D:\xampp2\htdocs\design\Apps\Runtime\Cache\Home\ec2f62de7273b3912beaf3c71d5dd7c8.php 第 197 行.
INFO: Run Behavior\ParseTemplateBehavior [ RunTime:0.107006s ]
INFO: [ view_parse ] --END-- [ RunTime:0.107006s ]
INFO: [ view_filter ] --START--
INFO: Run Behavior\WriteHtmlCacheBehavior [ RunTime:0.002000s ]
INFO: [ view_filter ] --END-- [ RunTime:0.002000s ]
INFO: [ app_end ] --START--
INFO: Run Behavior\ShowPageTraceBehavior [ RunTime:0.002000s ]
INFO: [ app_end ] --END-- [ RunTime:0.002000s ]

[ 2015-12-22T10:18:49+08:00 ] ::1 /design/index.php/home/personal/myGoodList?pageSize=3&pageNum=1
INFO: [ app_init ] --START--
INFO: Run Behavior\BuildLiteBehavior [ RunTime:0.000000s ]
INFO: [ app_init ] --END-- [ RunTime:0.000000s ]
INFO: [ app_begin ] --START--
INFO: Run Behavior\ReadHtmlCacheBehavior [ RunTime:0.000000s ]
INFO: [ app_begin ] --END-- [ RunTime:0.000000s ]
SQL: SHOW COLUMNS FROM `sw_user` [ RunTime:0.0030s ]
SQL: SHOW COLUMNS FROM `sw_goods` [ RunTime:0.0030s ]
SQL: SELECT * FROM `sw_goods` WHERE ( nickname='杨阳测试' ) ORDER BY good_id desc LIMIT 0,3   [ RunTime:0.0000s ]
SQL: SELECT COUNT(*) AS tp_count FROM `sw_goods` WHERE ( nickname='杨阳测试' ) LIMIT 1   [ RunTime:0.0000s ]

[ 2015-12-22T10:20:52+08:00 ] ::1 /design/index.php/home/personal/index.html
INFO: [ app_init ] --START--
INFO: Run Behavior\BuildLiteBehavior [ RunTime:0.000000s ]
INFO: [ app_init ] --END-- [ RunTime:0.001000s ]
INFO: [ app_begin ] --START--
INFO: Run Behavior\ReadHtmlCacheBehavior [ RunTime:0.000000s ]
INFO: [ app_begin ] --END-- [ RunTime:0.000000s ]
SQL: SHOW COLUMNS FROM `sw_info` [ RunTime:0.0030s ]
SQL: SELECT * FROM `sw_info` WHERE ( nickname='杨阳测试' ) ORDER BY info_time desc  [ RunTime:0.0000s ]
INFO: [ view_parse ] --START--
INFO: [ template_filter ] --START--
INFO: Run Behavior\ContentReplaceBehavior [ RunTime:0.001000s ]
INFO: [ template_filter ] --END-- [ RunTime:0.001000s ]
NOTIC: [8] Undefined index: info_flag D:\xampp2\htdocs\design\Apps\Runtime\Cache\Home\ec2f62de7273b3912beaf3c71d5dd7c8.php 第 178 行.
NOTIC: [8] Undefined index: info_time D:\xampp2\htdocs\design\Apps\Runtime\Cache\Home\ec2f62de7273b3912beaf3c71d5dd7c8.php 第 180 行.
NOTIC: [8] Use of undefined constant vo - assumed 'vo' D:\xampp2\htdocs\design\Apps\Runtime\Cache\Home\ec2f62de7273b3912beaf3c71d5dd7c8.php 第 191 行.
NOTIC: [8] Use of undefined constant info_flag - assumed 'info_flag' D:\xampp2\htdocs\design\Apps\Runtime\Cache\Home\ec2f62de7273b3912beaf3c71d5dd7c8.php 第 191 行.
NOTIC: [8] Undefined index: info_time D:\xampp2\htdocs\design\Apps\Runtime\Cache\Home\ec2f62de7273b3912beaf3c71d5dd7c8.php 第 197 行.
INFO: Run Behavior\ParseTemplateBehavior [ RunTime:0.042003s ]
INFO: [ view_parse ] --END-- [ RunTime:0.042003s ]
INFO: [ view_filter ] --START--
INFO: Run Behavior\WriteHtmlCacheBehavior [ RunTime:0.000000s ]
INFO: [ view_filter ] --END-- [ RunTime:0.000000s ]
INFO: [ app_end ] --START--
INFO: Run Behavior\ShowPageTraceBehavior [ RunTime:0.001000s ]
INFO: [ app_end ] --END-- [ RunTime:0.001000s ]

[ 2015-12-22T10:20:53+08:00 ] ::1 /design/index.php/home/personal/myGoodList?pageSize=3&pageNum=1
INFO: [ app_init ] --START--
INFO: Run Behavior\BuildLiteBehavior [ RunTime:0.000000s ]
INFO: [ app_init ] --END-- [ RunTime:0.000000s ]
INFO: [ app_begin ] --START--
INFO: Run Behavior\ReadHtmlCacheBehavior [ RunTime:0.001000s ]
INFO: [ app_begin ] --END-- [ RunTime:0.001000s ]
SQL: SHOW COLUMNS FROM `sw_user` [ RunTime:0.0040s ]
SQL: SHOW COLUMNS FROM `sw_goods` [ RunTime:0.0050s ]
SQL: SELECT * FROM `sw_goods` WHERE ( nickname='杨阳测试' ) ORDER BY good_id desc LIMIT 0,3   [ RunTime:0.0010s ]
SQL: SELECT COUNT(*) AS tp_count FROM `sw_goods` WHERE ( nickname='杨阳测试' ) LIMIT 1   [ RunTime:0.0000s ]

[ 2015-12-22T10:21:03+08:00 ] ::1 /design/index.php/home/personal/index.html
INFO: [ app_init ] --START--
INFO: Run Behavior\BuildLiteBehavior [ RunTime:0.000000s ]
INFO: [ app_init ] --END-- [ RunTime:0.000000s ]
INFO: [ app_begin ] --START--
INFO: Run Behavior\ReadHtmlCacheBehavior [ RunTime:0.000000s ]
INFO: [ app_begin ] --END-- [ RunTime:0.000000s ]
SQL: SHOW COLUMNS FROM `sw_info` [ RunTime:0.0030s ]
SQL: SELECT * FROM `sw_info` WHERE ( nickname='杨阳测试' ) ORDER BY info_time desc  [ RunTime:0.0000s ]
INFO: [ view_parse ] --START--
INFO: [ template_filter ] --START--
INFO: Run Behavior\ContentReplaceBehavior [ RunTime:0.000000s ]
INFO: [ template_filter ] --END-- [ RunTime:0.000000s ]
NOTIC: [8] Undefined index: info_flag D:\xampp2\htdocs\design\Apps\Runtime\Cache\Home\ec2f62de7273b3912beaf3c71d5dd7c8.php 第 178 行.
NOTIC: [8] Undefined index: info_time D:\xampp2\htdocs\design\Apps\Runtime\Cache\Home\ec2f62de7273b3912beaf3c71d5dd7c8.php 第 180 行.
NOTIC: [8] Use of undefined constant vo - assumed 'vo' D:\xampp2\htdocs\design\Apps\Runtime\Cache\Home\ec2f62de7273b3912beaf3c71d5dd7c8.php 第 191 行.
NOTIC: [8] Use of undefined constant info_flag - assumed 'info_flag' D:\xampp2\htdocs\design\Apps\Runtime\Cache\Home\ec2f62de7273b3912beaf3c71d5dd7c8.php 第 191 行.
NOTIC: [8] Undefined index: info_time D:\xampp2\htdocs\design\Apps\Runtime\Cache\Home\ec2f62de7273b3912beaf3c71d5dd7c8.php 第 197 行.
INFO: Run Behavior\ParseTemplateBehavior [ RunTime:0.010001s ]
INFO: [ view_parse ] --END-- [ RunTime:0.010001s ]
INFO: [ view_filter ] --START--
INFO: Run Behavior\WriteHtmlCacheBehavior [ RunTime:0.000000s ]
INFO: [ view_filter ] --END-- [ RunTime:0.000000s ]
INFO: [ app_end ] --START--
INFO: Run Behavior\ShowPageTraceBehavior [ RunTime:0.001000s ]
INFO: [ app_end ] --END-- [ RunTime:0.001000s ]

[ 2015-12-22T10:21:05+08:00 ] ::1 /design/index.php/home/personal/myGoodList?pageSize=3&pageNum=1
INFO: [ app_init ] --START--
INFO: Run Behavior\BuildLiteBehavior [ RunTime:0.000000s ]
INFO: [ app_init ] --END-- [ RunTime:0.001000s ]
INFO: [ app_begin ] --START--
INFO: Run Behavior\ReadHtmlCacheBehavior [ RunTime:0.000000s ]
INFO: [ app_begin ] --END-- [ RunTime:0.000000s ]
SQL: SHOW COLUMNS FROM `sw_user` [ RunTime:0.0040s ]
SQL: SHOW COLUMNS FROM `sw_goods` [ RunTime:0.0040s ]
SQL: SELECT * FROM `sw_goods` WHERE ( nickname='杨阳测试' ) ORDER BY good_id desc LIMIT 0,3   [ RunTime:0.0010s ]
SQL: SELECT COUNT(*) AS tp_count FROM `sw_goods` WHERE ( nickname='杨阳测试' ) LIMIT 1   [ RunTime:0.0000s ]

[ 2015-12-22T11:27:35+08:00 ] ::1 /design/index.php/home/personal/index.html
INFO: [ app_init ] --START--
INFO: Run Behavior\BuildLiteBehavior [ RunTime:0.000000s ]
INFO: [ app_init ] --END-- [ RunTime:0.001000s ]
INFO: [ app_begin ] --START--
INFO: Run Behavior\ReadHtmlCacheBehavior [ RunTime:0.002000s ]
INFO: [ app_begin ] --END-- [ RunTime:0.002000s ]
SQL: SHOW COLUMNS FROM `sw_info` [ RunTime:0.0040s ]
SQL: SELECT * FROM `sw_info` WHERE ( nickname='杨阳测试' ) ORDER BY info_time desc  [ RunTime:0.0000s ]
INFO: [ view_parse ] --START--
INFO: [ template_filter ] --START--
INFO: Run Behavior\ContentReplaceBehavior [ RunTime:0.000000s ]
INFO: [ template_filter ] --END-- [ RunTime:0.000000s ]
NOTIC: [8] Undefined index: info_flag D:\xampp2\htdocs\design\Apps\Runtime\Cache\Home\ec2f62de7273b3912beaf3c71d5dd7c8.php 第 178 行.
NOTIC: [8] Undefined index: info_time D:\xampp2\htdocs\design\Apps\Runtime\Cache\Home\ec2f62de7273b3912beaf3c71d5dd7c8.php 第 180 行.
NOTIC: [8] Use of undefined constant vo - assumed 'vo' D:\xampp2\htdocs\design\Apps\Runtime\Cache\Home\ec2f62de7273b3912beaf3c71d5dd7c8.php 第 191 行.
NOTIC: [8] Use of undefined constant info_flag - assumed 'info_flag' D:\xampp2\htdocs\design\Apps\Runtime\Cache\Home\ec2f62de7273b3912beaf3c71d5dd7c8.php 第 191 行.
NOTIC: [8] Undefined index: info_time D:\xampp2\htdocs\design\Apps\Runtime\Cache\Home\ec2f62de7273b3912beaf3c71d5dd7c8.php 第 197 行.
INFO: Run Behavior\ParseTemplateBehavior [ RunTime:0.011001s ]
INFO: [ view_parse ] --END-- [ RunTime:0.011001s ]
INFO: [ view_filter ] --START--
INFO: Run Behavior\WriteHtmlCacheBehavior [ RunTime:0.000000s ]
INFO: [ view_filter ] --END-- [ RunTime:0.000000s ]
INFO: [ app_end ] --START--
INFO: Run Behavior\ShowPageTraceBehavior [ RunTime:0.001000s ]
INFO: [ app_end ] --END-- [ RunTime:0.001000s ]

[ 2015-12-22T11:28:56+08:00 ] ::1 /design/index.php/home/personal/index.html
INFO: [ app_init ] --START--
INFO: Run Behavior\BuildLiteBehavior [ RunTime:0.000000s ]
INFO: [ app_init ] --END-- [ RunTime:0.000000s ]
INFO: [ app_begin ] --START--
INFO: Run Behavior\ReadHtmlCacheBehavior [ RunTime:0.001000s ]
INFO: [ app_begin ] --END-- [ RunTime:0.001000s ]
SQL: SHOW COLUMNS FROM `sw_info` [ RunTime:0.0030s ]
SQL: SELECT * FROM `sw_info` WHERE ( nickname='杨阳测试' ) ORDER BY info_time desc  [ RunTime:0.0010s ]
INFO: [ view_parse ] --START--
INFO: [ template_filter ] --START--
INFO: Run Behavior\ContentReplaceBehavior [ RunTime:0.000000s ]
INFO: [ template_filter ] --END-- [ RunTime:0.000000s ]
NOTIC: [8] Undefined index: info_flag D:\xampp2\htdocs\design\Apps\Runtime\Cache\Home\ec2f62de7273b3912beaf3c71d5dd7c8.php 第 178 行.
NOTIC: [8] Undefined index: info_time D:\xampp2\htdocs\design\Apps\Runtime\Cache\Home\ec2f62de7273b3912beaf3c71d5dd7c8.php 第 180 行.
NOTIC: [8] Use of undefined constant vo - assumed 'vo' D:\xampp2\htdocs\design\Apps\Runtime\Cache\Home\ec2f62de7273b3912beaf3c71d5dd7c8.php 第 191 行.
NOTIC: [8] Use of undefined constant info_flag - assumed 'info_flag' D:\xampp2\htdocs\design\Apps\Runtime\Cache\Home\ec2f62de7273b3912beaf3c71d5dd7c8.php 第 191 行.
NOTIC: [8] Undefined index: info_time D:\xampp2\htdocs\design\Apps\Runtime\Cache\Home\ec2f62de7273b3912beaf3c71d5dd7c8.php 第 197 行.
INFO: Run Behavior\ParseTemplateBehavior [ RunTime:0.045003s ]
INFO: [ view_parse ] --END-- [ RunTime:0.045003s ]
INFO: [ view_filter ] --START--
INFO: Run Behavior\WriteHtmlCacheBehavior [ RunTime:0.001000s ]
INFO: [ view_filter ] --END-- [ RunTime:0.001000s ]
INFO: [ app_end ] --START--
INFO: Run Behavior\ShowPageTraceBehavior [ RunTime:0.001000s ]
INFO: [ app_end ] --END-- [ RunTime:0.001000s ]

[ 2015-12-22T11:29:22+08:00 ] ::1 /design/index.php/home/personal/update
INFO: [ app_init ] --START--
INFO: Run Behavior\BuildLiteBehavior [ RunTime:0.000000s ]
INFO: [ app_init ] --END-- [ RunTime:0.001001s ]
INFO: [ app_begin ] --START--
INFO: Run Behavior\ReadHtmlCacheBehavior [ RunTime:0.001000s ]
INFO: [ app_begin ] --END-- [ RunTime:0.001000s ]
SQL: SHOW COLUMNS FROM `sw_user` [ RunTime:0.0260s ]
SQL: SELECT * FROM `sw_user` WHERE `nickname` = '杨阳测试' LIMIT 1   [ RunTime:0.0010s ]
SQL: SHOW COLUMNS FROM `sw_goods` [ RunTime:0.0040s ]
NOTIC: [2] call_user_func() expects parameter 1 to be a valid callback, no array or string given D:\xampp2\htdocs\design\ThinkPHP\Library\Think\Upload.class.php 第 170 行.
NOTIC: [8] Use of undefined constant goodname - assumed 'goodname' D:\xampp2\htdocs\design\Apps\Home\Controller\PersonalController.class.php 第 174 行.
NOTIC: [8] Use of undefined constant goodprice - assumed 'goodprice' D:\xampp2\htdocs\design\Apps\Home\Controller\PersonalController.class.php 第 175 行.
NOTIC: [8] Use of undefined constant changeprice - assumed 'changeprice' D:\xampp2\htdocs\design\Apps\Home\Controller\PersonalController.class.php 第 176 行.
NOTIC: [8] Use of undefined constant businesstype - assumed 'businesstype' D:\xampp2\htdocs\design\Apps\Home\Controller\PersonalController.class.php 第 177 行.
NOTIC: [8] Use of undefined constant goodtype - assumed 'goodtype' D:\xampp2\htdocs\design\Apps\Home\Controller\PersonalController.class.php 第 178 行.
NOTIC: [8] Use of undefined constant gooddetail - assumed 'gooddetail' D:\xampp2\htdocs\design\Apps\Home\Controller\PersonalController.class.php 第 180 行.
SQL: INSERT INTO `sw_goods` (`goodname`,`goodprice`,`changeprice`,`businesstype`,`goodtype`,`nickname`,`gooddetail`,`status`,`goodimg1`) VALUES ('javascript高级程序设计','50','1','1','3','杨阳测试','javascript高级程序设计javascript高级程序设计javascript高级程序设计javascript高级程序设计','1','Uploads/2015-12-22/5678c391b4664.jpg') [ RunTime:0.3540s ]

[ 2015-12-22T11:29:30+08:00 ] ::1 /design/index.php/home/index/index.html
INFO: [ app_init ] --START--
INFO: Run Behavior\BuildLiteBehavior [ RunTime:0.000000s ]
INFO: [ app_init ] --END-- [ RunTime:0.000000s ]
INFO: [ app_begin ] --START--
INFO: Run Behavior\ReadHtmlCacheBehavior [ RunTime:0.000000s ]
INFO: [ app_begin ] --END-- [ RunTime:0.001000s ]
INFO: [ view_parse ] --START--
INFO: [ template_filter ] --START--
INFO: Run Behavior\ContentReplaceBehavior [ RunTime:0.000000s ]
INFO: [ template_filter ] --END-- [ RunTime:0.000000s ]
INFO: Run Behavior\ParseTemplateBehavior [ RunTime:0.006000s ]
INFO: [ view_parse ] --END-- [ RunTime:0.006000s ]
INFO: [ view_filter ] --START--
INFO: Run Behavior\WriteHtmlCacheBehavior [ RunTime:0.000000s ]
INFO: [ view_filter ] --END-- [ RunTime:0.000000s ]
INFO: [ app_end ] --START--
INFO: Run Behavior\ShowPageTraceBehavior [ RunTime:0.001000s ]
INFO: [ app_end ] --END-- [ RunTime:0.001000s ]

[ 2015-12-22T11:29:33+08:00 ] ::1 /design/index.php/home/index/typeSelect?pageSize=3&type=0&pageNum=1
INFO: [ app_init ] --START--
INFO: Run Behavior\BuildLiteBehavior [ RunTime:0.000000s ]
INFO: [ app_init ] --END-- [ RunTime:0.000000s ]
INFO: [ app_begin ] --START--
INFO: Run Behavior\ReadHtmlCacheBehavior [ RunTime:0.001000s ]
INFO: [ app_begin ] --END-- [ RunTime:0.001000s ]
SQL: SHOW COLUMNS FROM `sw_goods` [ RunTime:0.0070s ]
SQL: SELECT * FROM `sw_goods` WHERE ( goodtype='0' ) ORDER BY good_id desc LIMIT 0,3   [ RunTime:0.0220s ]
SQL: SELECT * FROM `sw_goods` WHERE ( goodtype='0' )  [ RunTime:0.0010s ]

[ 2015-12-22T11:29:34+08:00 ] ::1 /design/index.php/home/index/typeSelect?pageSize=3&type=3&pageNum=1
INFO: [ app_init ] --START--
INFO: Run Behavior\BuildLiteBehavior [ RunTime:0.000000s ]
INFO: [ app_init ] --END-- [ RunTime:0.000000s ]
INFO: [ app_begin ] --START--
INFO: Run Behavior\ReadHtmlCacheBehavior [ RunTime:0.002000s ]
INFO: [ app_begin ] --END-- [ RunTime:0.002000s ]
SQL: SHOW COLUMNS FROM `sw_goods` [ RunTime:0.0050s ]
SQL: SELECT * FROM `sw_goods` WHERE ( goodtype='3' ) ORDER BY good_id desc LIMIT 0,3   [ RunTime:0.0000s ]
SQL: SELECT * FROM `sw_goods` WHERE ( goodtype='3' )  [ RunTime:0.0000s ]

[ 2015-12-22T11:29:38+08:00 ] ::1 /design/index.php/home/Item/index?id=1
INFO: [ app_init ] --START--
INFO: Run Behavior\BuildLiteBehavior [ RunTime:0.000000s ]
INFO: [ app_init ] --END-- [ RunTime:0.000000s ]
INFO: [ app_begin ] --START--
INFO: Run Behavior\ReadHtmlCacheBehavior [ RunTime:0.001000s ]
INFO: [ app_begin ] --END-- [ RunTime:0.002000s ]
SQL: SHOW COLUMNS FROM `sw_goods` [ RunTime:0.0050s ]
SQL: SHOW COLUMNS FROM `sw_user` [ RunTime:0.0040s ]
SQL: SELECT * FROM `sw_goods` WHERE ( good_id='1' )  [ RunTime:0.0000s ]
SQL: SELECT * FROM `sw_user` WHERE ( nickname='杨阳测试' )  [ RunTime:0.0000s ]
SQL: SHOW COLUMNS FROM `sw_collection` [ RunTime:0.0030s ]
SQL: SELECT * FROM `sw_collection` WHERE ( nickname='杨阳测试' and good_id = '1' )  [ RunTime:0.0000s ]
INFO: [ view_parse ] --START--
INFO: [ template_filter ] --START--
INFO: Run Behavior\ContentReplaceBehavior [ RunTime:0.000000s ]
INFO: [ template_filter ] --END-- [ RunTime:0.000000s ]
INFO: Run Behavior\ParseTemplateBehavior [ RunTime:0.152009s ]
INFO: [ view_parse ] --END-- [ RunTime:0.152009s ]
INFO: [ view_filter ] --START--
INFO: Run Behavior\WriteHtmlCacheBehavior [ RunTime:0.001000s ]
INFO: [ view_filter ] --END-- [ RunTime:0.001000s ]
INFO: [ app_end ] --START--
INFO: Run Behavior\ShowPageTraceBehavior [ RunTime:0.000000s ]
INFO: [ app_end ] --END-- [ RunTime:0.000000s ]

[ 2015-12-22T11:30:01+08:00 ] ::1 /design/index.php/home/personal/myCollection?pageSize=3&pageNum=1
INFO: [ app_init ] --START--
INFO: Run Behavior\BuildLiteBehavior [ RunTime:0.000000s ]
INFO: [ app_init ] --END-- [ RunTime:0.001000s ]
INFO: [ app_begin ] --START--
INFO: Run Behavior\ReadHtmlCacheBehavior [ RunTime:0.000000s ]
INFO: [ app_begin ] --END-- [ RunTime:0.000000s ]
SQL: SHOW COLUMNS FROM `sw_user` [ RunTime:0.0060s ]
SQL: SHOW COLUMNS FROM `sw_goods` [ RunTime:0.0060s ]
SQL: SHOW COLUMNS FROM `sw_collection` [ RunTime:0.0030s ]
SQL: SELECT `good_id` FROM `sw_collection` WHERE ( nickname = '杨阳测试' ) ORDER BY good_id desc LIMIT 0,3   [ RunTime:0.0010s ]
SQL: SELECT * FROM `sw_collection` WHERE ( nickname = '杨阳测试' )  [ RunTime:0.0000s ]

[ 2015-12-22T11:30:05+08:00 ] ::1 /design/index.php/home/personal/myGoodList?pageSize=3&pageNum=1
INFO: [ app_init ] --START--
INFO: Run Behavior\BuildLiteBehavior [ RunTime:0.000000s ]
INFO: [ app_init ] --END-- [ RunTime:0.001000s ]
INFO: [ app_begin ] --START--
INFO: Run Behavior\ReadHtmlCacheBehavior [ RunTime:0.001000s ]
INFO: [ app_begin ] --END-- [ RunTime:0.001000s ]
SQL: SHOW COLUMNS FROM `sw_user` [ RunTime:0.0030s ]
SQL: SHOW COLUMNS FROM `sw_goods` [ RunTime:0.0030s ]
SQL: SELECT * FROM `sw_goods` WHERE ( nickname='杨阳测试' ) ORDER BY good_id desc LIMIT 0,3   [ RunTime:0.0000s ]
SQL: SELECT COUNT(*) AS tp_count FROM `sw_goods` WHERE ( nickname='杨阳测试' ) LIMIT 1   [ RunTime:0.0010s ]

[ 2015-12-22T11:30:07+08:00 ] ::1 /design/index.php/home/personal/delGood
INFO: [ app_init ] --START--
INFO: Run Behavior\BuildLiteBehavior [ RunTime:0.001000s ]
INFO: [ app_init ] --END-- [ RunTime:0.001000s ]
INFO: [ app_begin ] --START--
INFO: Run Behavior\ReadHtmlCacheBehavior [ RunTime:0.001000s ]
INFO: [ app_begin ] --END-- [ RunTime:0.001000s ]
SQL: SHOW COLUMNS FROM `sw_user` [ RunTime:0.0030s ]
SQL: SHOW COLUMNS FROM `sw_goods` [ RunTime:0.0020s ]
SQL: DELETE FROM `sw_goods` WHERE ( good_id='1' ) [ RunTime:0.2250s ]

[ 2015-12-22T11:30:55+08:00 ] ::1 /design/index.php/home/personal/update
INFO: [ app_init ] --START--
INFO: Run Behavior\BuildLiteBehavior [ RunTime:0.000000s ]
INFO: [ app_init ] --END-- [ RunTime:0.001000s ]
INFO: [ app_begin ] --START--
INFO: Run Behavior\ReadHtmlCacheBehavior [ RunTime:0.001000s ]
INFO: [ app_begin ] --END-- [ RunTime:0.002000s ]
SQL: SHOW COLUMNS FROM `sw_user` [ RunTime:0.0090s ]
SQL: SELECT * FROM `sw_user` WHERE `nickname` = '杨阳测试' LIMIT 1   [ RunTime:0.0010s ]
SQL: SHOW COLUMNS FROM `sw_goods` [ RunTime:0.0060s ]
NOTIC: [2] call_user_func() expects parameter 1 to be a valid callback, no array or string given D:\xampp2\htdocs\design\ThinkPHP\Library\Think\Upload.class.php 第 170 行.
NOTIC: [8] Use of undefined constant goodname - assumed 'goodname' D:\xampp2\htdocs\design\Apps\Home\Controller\PersonalController.class.php 第 174 行.
NOTIC: [8] Use of undefined constant goodprice - assumed 'goodprice' D:\xampp2\htdocs\design\Apps\Home\Controller\PersonalController.class.php 第 175 行.
NOTIC: [8] Use of undefined constant changeprice - assumed 'changeprice' D:\xampp2\htdocs\design\Apps\Home\Controller\PersonalController.class.php 第 176 行.
NOTIC: [8] Use of undefined constant businesstype - assumed 'businesstype' D:\xampp2\htdocs\design\Apps\Home\Controller\PersonalController.class.php 第 177 行.
NOTIC: [8] Use of undefined constant goodtype - assumed 'goodtype' D:\xampp2\htdocs\design\Apps\Home\Controller\PersonalController.class.php 第 178 行.
NOTIC: [8] Use of undefined constant gooddetail - assumed 'gooddetail' D:\xampp2\htdocs\design\Apps\Home\Controller\PersonalController.class.php 第 180 行.
SQL: INSERT INTO `sw_goods` (`goodname`,`goodprice`,`changeprice`,`businesstype`,`goodtype`,`nickname`,`gooddetail`,`status`,`goodimg1`) VALUES ('javascript高级程序设计','50元','1','1','3','杨阳测试','javascript高级程序设计。出售。8成新。部分有笔记。绝对正版书籍！仅此一本。','1','Uploads/2015-12-22/5678c3efd861d.jpg') [ RunTime:0.0780s ]

[ 2015-12-22T11:31:01+08:00 ] ::1 /design/index.php/home/Item/index?id=1
INFO: [ app_init ] --START--
INFO: Run Behavior\BuildLiteBehavior [ RunTime:0.001000s ]
INFO: [ app_init ] --END-- [ RunTime:0.001000s ]
INFO: [ app_begin ] --START--
INFO: Run Behavior\ReadHtmlCacheBehavior [ RunTime:0.000000s ]
INFO: [ app_begin ] --END-- [ RunTime:0.000000s ]
SQL: SHOW COLUMNS FROM `sw_goods` [ RunTime:0.0030s ]
SQL: SHOW COLUMNS FROM `sw_user` [ RunTime:0.0030s ]
SQL: SELECT * FROM `sw_goods` WHERE ( good_id='1' )  [ RunTime:0.0000s ]
NOTIC: [8] Undefined offset: 0 D:\xampp2\htdocs\design\Apps\Home\Controller\ItemController.class.php 第 26 行.
SQL: SELECT * FROM `sw_user` WHERE ( nickname='' )  [ RunTime:0.0000s ]
NOTIC: [8] Undefined offset: 0 D:\xampp2\htdocs\design\Apps\Home\Controller\ItemController.class.php 第 30 行.
NOTIC: [8] Undefined variable: imgs D:\xampp2\htdocs\design\Apps\Home\Controller\ItemController.class.php 第 38 行.
SQL: SHOW COLUMNS FROM `sw_collection` [ RunTime:0.0070s ]
SQL: SELECT * FROM `sw_collection` WHERE ( nickname='' and good_id = '1' )  [ RunTime:0.0010s ]
INFO: [ view_parse ] --START--
INFO: [ template_filter ] --START--
INFO: Run Behavior\ContentReplaceBehavior [ RunTime:0.000000s ]
INFO: [ template_filter ] --END-- [ RunTime:0.000000s ]
INFO: Run Behavior\ParseTemplateBehavior [ RunTime:0.016001s ]
INFO: [ view_parse ] --END-- [ RunTime:0.016001s ]
INFO: [ view_filter ] --START--
INFO: Run Behavior\WriteHtmlCacheBehavior [ RunTime:0.001000s ]
INFO: [ view_filter ] --END-- [ RunTime:0.001000s ]
INFO: [ app_end ] --START--
INFO: Run Behavior\ShowPageTraceBehavior [ RunTime:0.001000s ]
INFO: [ app_end ] --END-- [ RunTime:0.001000s ]

[ 2015-12-22T11:31:05+08:00 ] ::1 /design/index.php/home/index/index.html
INFO: [ app_init ] --START--
INFO: Run Behavior\BuildLiteBehavior [ RunTime:0.000000s ]
INFO: [ app_init ] --END-- [ RunTime:0.001001s ]
INFO: [ app_begin ] --START--
INFO: Run Behavior\ReadHtmlCacheBehavior [ RunTime:0.001000s ]
INFO: [ app_begin ] --END-- [ RunTime:0.001000s ]
INFO: [ view_parse ] --START--
INFO: [ template_filter ] --START--
INFO: Run Behavior\ContentReplaceBehavior [ RunTime:0.000000s ]
INFO: [ template_filter ] --END-- [ RunTime:0.001000s ]
INFO: Run Behavior\ParseTemplateBehavior [ RunTime:0.006000s ]
INFO: [ view_parse ] --END-- [ RunTime:0.006000s ]
INFO: [ view_filter ] --START--
INFO: Run Behavior\WriteHtmlCacheBehavior [ RunTime:0.000000s ]
INFO: [ view_filter ] --END-- [ RunTime:0.000000s ]
INFO: [ app_end ] --START--
INFO: Run Behavior\ShowPageTraceBehavior [ RunTime:0.000000s ]
INFO: [ app_end ] --END-- [ RunTime:0.001000s ]

[ 2015-12-22T11:31:06+08:00 ] ::1 /design/index.php/home/index/typeSelect?pageSize=3&type=0&pageNum=1
INFO: [ app_init ] --START--
INFO: Run Behavior\BuildLiteBehavior [ RunTime:0.000000s ]
INFO: [ app_init ] --END-- [ RunTime:0.001000s ]
INFO: [ app_begin ] --START--
INFO: Run Behavior\ReadHtmlCacheBehavior [ RunTime:0.000000s ]
INFO: [ app_begin ] --END-- [ RunTime:0.000000s ]
SQL: SHOW COLUMNS FROM `sw_goods` [ RunTime:0.0060s ]
SQL: SELECT * FROM `sw_goods` WHERE ( goodtype='0' ) ORDER BY good_id desc LIMIT 0,3   [ RunTime:0.0000s ]
SQL: SELECT * FROM `sw_goods` WHERE ( goodtype='0' )  [ RunTime:0.0010s ]

[ 2015-12-22T11:31:07+08:00 ] ::1 /design/index.php/home/index/typeSelect?pageSize=3&type=3&pageNum=1
INFO: [ app_init ] --START--
INFO: Run Behavior\BuildLiteBehavior [ RunTime:0.000000s ]
INFO: [ app_init ] --END-- [ RunTime:0.000000s ]
INFO: [ app_begin ] --START--
INFO: Run Behavior\ReadHtmlCacheBehavior [ RunTime:0.001000s ]
INFO: [ app_begin ] --END-- [ RunTime:0.001000s ]
SQL: SHOW COLUMNS FROM `sw_goods` [ RunTime:0.0050s ]
SQL: SELECT * FROM `sw_goods` WHERE ( goodtype='3' ) ORDER BY good_id desc LIMIT 0,3   [ RunTime:0.0000s ]
SQL: SELECT * FROM `sw_goods` WHERE ( goodtype='3' )  [ RunTime:0.0010s ]

[ 2015-12-22T11:31:11+08:00 ] ::1 /design/index.php/home/Item/index?id=2
INFO: [ app_init ] --START--
INFO: Run Behavior\BuildLiteBehavior [ RunTime:0.001000s ]
INFO: [ app_init ] --END-- [ RunTime:0.001000s ]
INFO: [ app_begin ] --START--
INFO: Run Behavior\ReadHtmlCacheBehavior [ RunTime:0.000000s ]
INFO: [ app_begin ] --END-- [ RunTime:0.000000s ]
SQL: SHOW COLUMNS FROM `sw_goods` [ RunTime:0.0050s ]
SQL: SHOW COLUMNS FROM `sw_user` [ RunTime:0.0050s ]
SQL: SELECT * FROM `sw_goods` WHERE ( good_id='2' )  [ RunTime:0.0000s ]
SQL: SELECT * FROM `sw_user` WHERE ( nickname='杨阳测试' )  [ RunTime:0.0000s ]
SQL: SHOW COLUMNS FROM `sw_collection` [ RunTime:0.0020s ]
SQL: SELECT * FROM `sw_collection` WHERE ( nickname='杨阳测试' and good_id = '2' )  [ RunTime:0.0000s ]
INFO: [ view_parse ] --START--
INFO: [ template_filter ] --START--
INFO: Run Behavior\ContentReplaceBehavior [ RunTime:0.000000s ]
INFO: [ template_filter ] --END-- [ RunTime:0.000000s ]
INFO: Run Behavior\ParseTemplateBehavior [ RunTime:0.008000s ]
INFO: [ view_parse ] --END-- [ RunTime:0.008000s ]
INFO: [ view_filter ] --START--
INFO: Run Behavior\WriteHtmlCacheBehavior [ RunTime:0.001001s ]
INFO: [ view_filter ] --END-- [ RunTime:0.001001s ]
INFO: [ app_end ] --START--
INFO: Run Behavior\ShowPageTraceBehavior [ RunTime:0.001000s ]
INFO: [ app_end ] --END-- [ RunTime:0.001000s ]

