[ 2016-03-08T09:02:52+08:00 ] ::1 /design/index.php/home/index/typeSelect?pageSize=3&type=5&pageNum=2
INFO: [ app_init ] --START--
INFO: Run Behavior\BuildLiteBehavior [ RunTime:0.000000s ]
INFO: [ app_init ] --END-- [ RunTime:0.061003s ]
INFO: [ app_begin ] --START--
INFO: Run Behavior\ReadHtmlCacheBehavior [ RunTime:0.038002s ]
INFO: [ app_begin ] --END-- [ RunTime:0.038002s ]
SQL: SHOW COLUMNS FROM `sw_goods` [ RunTime:0.0200s ]
SQL: SELECT * FROM `sw_goods` WHERE ( goodtype='5' ) ORDER BY good_id desc LIMIT 3,3   [ RunTime:0.1950s ]
SQL: SELECT * FROM `sw_goods` WHERE ( goodtype='5' )  [ RunTime:0.0010s ]

[ 2016-03-08T09:02:58+08:00 ] ::1 /design/index.php/home/index/typeSelect?pageSize=3&type=3&pageNum=1
INFO: [ app_init ] --START--
INFO: Run Behavior\BuildLiteBehavior [ RunTime:0.000000s ]
INFO: [ app_init ] --END-- [ RunTime:0.001000s ]
INFO: [ app_begin ] --START--
INFO: Run Behavior\ReadHtmlCacheBehavior [ RunTime:0.000000s ]
INFO: [ app_begin ] --END-- [ RunTime:0.002000s ]
SQL: SHOW COLUMNS FROM `sw_goods` [ RunTime:0.0050s ]
SQL: SELECT * FROM `sw_goods` WHERE ( goodtype='3' ) ORDER BY good_id desc LIMIT 0,3   [ RunTime:0.0010s ]
SQL: SELECT * FROM `sw_goods` WHERE ( goodtype='3' )  [ RunTime:0.0010s ]

[ 2016-03-08T09:02:59+08:00 ] ::1 /design/index.php/home/index/typeSelect?pageSize=3&type=4&pageNum=1
INFO: [ app_init ] --START--
INFO: Run Behavior\BuildLiteBehavior [ RunTime:0.000000s ]
INFO: [ app_init ] --END-- [ RunTime:0.001000s ]
INFO: [ app_begin ] --START--
INFO: Run Behavior\ReadHtmlCacheBehavior [ RunTime:0.001000s ]
INFO: [ app_begin ] --END-- [ RunTime:0.001000s ]
SQL: SHOW COLUMNS FROM `sw_goods` [ RunTime:0.0050s ]
SQL: SELECT * FROM `sw_goods` WHERE ( goodtype='4' ) ORDER BY good_id desc LIMIT 0,3   [ RunTime:0.0010s ]
SQL: SELECT * FROM `sw_goods` WHERE ( goodtype='4' )  [ RunTime:0.0000s ]

[ 2016-03-08T09:03:00+08:00 ] ::1 /design/index.php/home/index/typeSelect?pageSize=3&type=5&pageNum=1
INFO: [ app_init ] --START--
INFO: Run Behavior\BuildLiteBehavior [ RunTime:0.000000s ]
INFO: [ app_init ] --END-- [ RunTime:0.000000s ]
INFO: [ app_begin ] --START--
INFO: Run Behavior\ReadHtmlCacheBehavior [ RunTime:0.001000s ]
INFO: [ app_begin ] --END-- [ RunTime:0.001000s ]
SQL: SHOW COLUMNS FROM `sw_goods` [ RunTime:0.0040s ]
SQL: SELECT * FROM `sw_goods` WHERE ( goodtype='5' ) ORDER BY good_id desc LIMIT 0,3   [ RunTime:0.0000s ]
SQL: SELECT * FROM `sw_goods` WHERE ( goodtype='5' )  [ RunTime:0.0010s ]

[ 2016-03-08T09:03:02+08:00 ] ::1 /design/index.php/home/index/typeSelect?pageSize=3&type=5&pageNum=1
INFO: [ app_init ] --START--
INFO: Run Behavior\BuildLiteBehavior [ RunTime:0.000000s ]
INFO: [ app_init ] --END-- [ RunTime:0.001000s ]
INFO: [ app_begin ] --START--
INFO: Run Behavior\ReadHtmlCacheBehavior [ RunTime:0.001000s ]
INFO: [ app_begin ] --END-- [ RunTime:0.001000s ]
SQL: SHOW COLUMNS FROM `sw_goods` [ RunTime:0.0050s ]
SQL: SELECT * FROM `sw_goods` WHERE ( goodtype='5' ) ORDER BY good_id desc LIMIT 0,3   [ RunTime:0.0010s ]
SQL: SELECT * FROM `sw_goods` WHERE ( goodtype='5' )  [ RunTime:0.0000s ]

[ 2016-03-08T09:03:03+08:00 ] ::1 /design/index.php/home/index/typeSelect?pageSize=3&type=5&pageNum=1
INFO: [ app_init ] --START--
INFO: Run Behavior\BuildLiteBehavior [ RunTime:0.000000s ]
INFO: [ app_init ] --END-- [ RunTime:0.000000s ]
INFO: [ app_begin ] --START--
INFO: Run Behavior\ReadHtmlCacheBehavior [ RunTime:0.001000s ]
INFO: [ app_begin ] --END-- [ RunTime:0.001000s ]
SQL: SHOW COLUMNS FROM `sw_goods` [ RunTime:0.0050s ]
SQL: SELECT * FROM `sw_goods` WHERE ( goodtype='5' ) ORDER BY good_id desc LIMIT 0,3   [ RunTime:0.0010s ]
SQL: SELECT * FROM `sw_goods` WHERE ( goodtype='5' )  [ RunTime:0.0000s ]

[ 2016-03-08T09:03:08+08:00 ] ::1 /design/index.php/home/index/typeSelect?pageSize=3&type=0&pageNum=1
INFO: [ app_init ] --START--
INFO: Run Behavior\BuildLiteBehavior [ RunTime:0.000000s ]
INFO: [ app_init ] --END-- [ RunTime:0.001000s ]
INFO: [ app_begin ] --START--
INFO: Run Behavior\ReadHtmlCacheBehavior [ RunTime:0.001000s ]
INFO: [ app_begin ] --END-- [ RunTime:0.001000s ]
SQL: SHOW COLUMNS FROM `sw_goods` [ RunTime:0.0050s ]
SQL: SELECT * FROM `sw_goods` WHERE ( goodtype='0' ) ORDER BY good_id desc LIMIT 0,3   [ RunTime:0.0010s ]
SQL: SELECT * FROM `sw_goods` WHERE ( goodtype='0' )  [ RunTime:0.0000s ]

[ 2016-03-08T09:03:09+08:00 ] ::1 /design/index.php/home/index/typeSelect?pageSize=3&type=1&pageNum=1
INFO: [ app_init ] --START--
INFO: Run Behavior\BuildLiteBehavior [ RunTime:0.000000s ]
INFO: [ app_init ] --END-- [ RunTime:0.000000s ]
INFO: [ app_begin ] --START--
INFO: Run Behavior\ReadHtmlCacheBehavior [ RunTime:0.000000s ]
INFO: [ app_begin ] --END-- [ RunTime:0.000000s ]
SQL: SHOW COLUMNS FROM `sw_goods` [ RunTime:0.0040s ]
SQL: SELECT * FROM `sw_goods` WHERE ( goodtype='1' ) ORDER BY good_id desc LIMIT 0,3   [ RunTime:0.0000s ]
SQL: SELECT * FROM `sw_goods` WHERE ( goodtype='1' )  [ RunTime:0.0000s ]

[ 2016-03-08T09:03:09+08:00 ] ::1 /design/index.php/home/index/typeSelect?pageSize=3&type=2&pageNum=1
INFO: [ app_init ] --START--
INFO: Run Behavior\BuildLiteBehavior [ RunTime:0.000000s ]
INFO: [ app_init ] --END-- [ RunTime:0.000000s ]
INFO: [ app_begin ] --START--
INFO: Run Behavior\ReadHtmlCacheBehavior [ RunTime:0.001000s ]
INFO: [ app_begin ] --END-- [ RunTime:0.001000s ]
SQL: SHOW COLUMNS FROM `sw_goods` [ RunTime:0.0040s ]
SQL: SELECT * FROM `sw_goods` WHERE ( goodtype='2' ) ORDER BY good_id desc LIMIT 0,3   [ RunTime:0.0000s ]
SQL: SELECT * FROM `sw_goods` WHERE ( goodtype='2' )  [ RunTime:0.0010s ]

[ 2016-03-08T09:03:10+08:00 ] ::1 /design/index.php/home/index/typeSelect?pageSize=3&type=3&pageNum=1
INFO: [ app_init ] --START--
INFO: Run Behavior\BuildLiteBehavior [ RunTime:0.000000s ]
INFO: [ app_init ] --END-- [ RunTime:0.001001s ]
INFO: [ app_begin ] --START--
INFO: Run Behavior\ReadHtmlCacheBehavior [ RunTime:0.001000s ]
INFO: [ app_begin ] --END-- [ RunTime:0.002000s ]
SQL: SHOW COLUMNS FROM `sw_goods` [ RunTime:0.0060s ]
SQL: SELECT * FROM `sw_goods` WHERE ( goodtype='3' ) ORDER BY good_id desc LIMIT 0,3   [ RunTime:0.0010s ]
SQL: SELECT * FROM `sw_goods` WHERE ( goodtype='3' )  [ RunTime:0.0000s ]

[ 2016-03-08T09:03:11+08:00 ] ::1 /design/index.php/home/index/typeSelect?pageSize=3&type=4&pageNum=1
INFO: [ app_init ] --START--
INFO: Run Behavior\BuildLiteBehavior [ RunTime:0.000000s ]
INFO: [ app_init ] --END-- [ RunTime:0.001000s ]
INFO: [ app_begin ] --START--
INFO: Run Behavior\ReadHtmlCacheBehavior [ RunTime:0.000000s ]
INFO: [ app_begin ] --END-- [ RunTime:0.000000s ]
SQL: SHOW COLUMNS FROM `sw_goods` [ RunTime:0.0050s ]
SQL: SELECT * FROM `sw_goods` WHERE ( goodtype='4' ) ORDER BY good_id desc LIMIT 0,3   [ RunTime:0.0010s ]
SQL: SELECT * FROM `sw_goods` WHERE ( goodtype='4' )  [ RunTime:0.0000s ]

[ 2016-03-08T09:03:11+08:00 ] ::1 /design/index.php/home/index/typeSelect?pageSize=3&type=5&pageNum=1
INFO: [ app_init ] --START--
INFO: Run Behavior\BuildLiteBehavior [ RunTime:0.000000s ]
INFO: [ app_init ] --END-- [ RunTime:0.001000s ]
INFO: [ app_begin ] --START--
INFO: Run Behavior\ReadHtmlCacheBehavior [ RunTime:0.001000s ]
INFO: [ app_begin ] --END-- [ RunTime:0.001000s ]
SQL: SHOW COLUMNS FROM `sw_goods` [ RunTime:0.0040s ]
SQL: SELECT * FROM `sw_goods` WHERE ( goodtype='5' ) ORDER BY good_id desc LIMIT 0,3   [ RunTime:0.0000s ]
SQL: SELECT * FROM `sw_goods` WHERE ( goodtype='5' )  [ RunTime:0.0000s ]

[ 2016-03-08T09:03:15+08:00 ] ::1 /design/index.php/home/personal/index.html
INFO: [ app_init ] --START--
INFO: Run Behavior\BuildLiteBehavior [ RunTime:0.000000s ]
INFO: [ app_init ] --END-- [ RunTime:0.000000s ]
INFO: [ app_begin ] --START--
INFO: Run Behavior\ReadHtmlCacheBehavior [ RunTime:0.001000s ]
INFO: [ app_begin ] --END-- [ RunTime:0.001000s ]
SQL: SHOW COLUMNS FROM `sw_info` [ RunTime:0.0040s ]
SQL: SELECT * FROM `sw_info` WHERE ( nickname='小咩咩' ) ORDER BY info_time desc  [ RunTime:0.0300s ]
INFO: [ view_parse ] --START--
INFO: [ template_filter ] --START--
INFO: Run Behavior\ContentReplaceBehavior [ RunTime:0.000000s ]
INFO: [ template_filter ] --END-- [ RunTime:0.000000s ]
NOTIC: [8] Undefined index: info_flag D:\xampp2\htdocs\design\Apps\Runtime\Cache\Home\ec2f62de7273b3912beaf3c71d5dd7c8.php 第 177 行.
NOTIC: [8] Undefined index: info_time D:\xampp2\htdocs\design\Apps\Runtime\Cache\Home\ec2f62de7273b3912beaf3c71d5dd7c8.php 第 179 行.
NOTIC: [8] Use of undefined constant vo - assumed 'vo' D:\xampp2\htdocs\design\Apps\Runtime\Cache\Home\ec2f62de7273b3912beaf3c71d5dd7c8.php 第 190 行.
NOTIC: [8] Use of undefined constant info_flag - assumed 'info_flag' D:\xampp2\htdocs\design\Apps\Runtime\Cache\Home\ec2f62de7273b3912beaf3c71d5dd7c8.php 第 190 行.
NOTIC: [8] Undefined index: info_time D:\xampp2\htdocs\design\Apps\Runtime\Cache\Home\ec2f62de7273b3912beaf3c71d5dd7c8.php 第 196 行.
INFO: Run Behavior\ParseTemplateBehavior [ RunTime:0.816046s ]
INFO: [ view_parse ] --END-- [ RunTime:0.816046s ]
INFO: [ view_filter ] --START--
INFO: Run Behavior\WriteHtmlCacheBehavior [ RunTime:0.028002s ]
INFO: [ view_filter ] --END-- [ RunTime:0.028002s ]
INFO: [ app_end ] --START--
INFO: Run Behavior\ShowPageTraceBehavior [ RunTime:0.033002s ]
INFO: [ app_end ] --END-- [ RunTime:0.033002s ]

[ 2016-03-08T09:03:21+08:00 ] ::1 /design/index.php/home/login/logout.html
INFO: [ app_init ] --START--
INFO: Run Behavior\BuildLiteBehavior [ RunTime:0.000000s ]
INFO: [ app_init ] --END-- [ RunTime:0.001001s ]
INFO: [ app_begin ] --START--
INFO: Run Behavior\ReadHtmlCacheBehavior [ RunTime:0.001000s ]
INFO: [ app_begin ] --END-- [ RunTime:0.001000s ]

[ 2016-03-08T09:03:21+08:00 ] ::1 /design/index.php/home/index/index.html
INFO: [ app_init ] --START--
INFO: Run Behavior\BuildLiteBehavior [ RunTime:0.000000s ]
INFO: [ app_init ] --END-- [ RunTime:0.000000s ]
INFO: [ app_begin ] --START--
INFO: Run Behavior\ReadHtmlCacheBehavior [ RunTime:0.001000s ]
INFO: [ app_begin ] --END-- [ RunTime:0.001000s ]
INFO: [ view_parse ] --START--
INFO: [ template_filter ] --START--
INFO: Run Behavior\ContentReplaceBehavior [ RunTime:0.000000s ]
INFO: [ template_filter ] --END-- [ RunTime:0.000000s ]
NOTIC: [8] Undefined index: nickname D:\xampp2\htdocs\design\Apps\Runtime\Cache\Home\400c995c330f1f6ecac6b9102849eb7e.php 第 72 行.
INFO: Run Behavior\ParseTemplateBehavior [ RunTime:0.016001s ]
INFO: [ view_parse ] --END-- [ RunTime:0.016001s ]
INFO: [ view_filter ] --START--
INFO: Run Behavior\WriteHtmlCacheBehavior [ RunTime:0.000000s ]
INFO: [ view_filter ] --END-- [ RunTime:0.000000s ]
INFO: [ app_end ] --START--
INFO: Run Behavior\ShowPageTraceBehavior [ RunTime:0.001000s ]
INFO: [ app_end ] --END-- [ RunTime:0.001000s ]

[ 2016-03-08T09:03:21+08:00 ] ::1 /design/index.php/home/index/typeSelect?pageSize=3&type=0&pageNum=1
INFO: [ app_init ] --START--
INFO: Run Behavior\BuildLiteBehavior [ RunTime:0.000000s ]
INFO: [ app_init ] --END-- [ RunTime:0.000000s ]
INFO: [ app_begin ] --START--
INFO: Run Behavior\ReadHtmlCacheBehavior [ RunTime:0.001000s ]
INFO: [ app_begin ] --END-- [ RunTime:0.001000s ]
SQL: SHOW COLUMNS FROM `sw_goods` [ RunTime:0.0050s ]
SQL: SELECT * FROM `sw_goods` WHERE ( goodtype='0' ) ORDER BY good_id desc LIMIT 0,3   [ RunTime:0.0000s ]
SQL: SELECT * FROM `sw_goods` WHERE ( goodtype='0' )  [ RunTime:0.0000s ]

[ 2016-03-08T09:03:26+08:00 ] ::1 /design/index.php/home/personal/index.html
INFO: [ app_init ] --START--
INFO: Run Behavior\BuildLiteBehavior [ RunTime:0.000000s ]
INFO: [ app_init ] --END-- [ RunTime:0.001000s ]
INFO: [ app_begin ] --START--
INFO: Run Behavior\ReadHtmlCacheBehavior [ RunTime:0.001000s ]
INFO: [ app_begin ] --END-- [ RunTime:0.001000s ]
INFO: [ view_parse ] --START--
INFO: Run Behavior\ParseTemplateBehavior [ RunTime:0.028002s ]
INFO: [ view_parse ] --END-- [ RunTime:0.028002s ]
INFO: [ view_filter ] --START--
INFO: Run Behavior\WriteHtmlCacheBehavior [ RunTime:0.001000s ]
INFO: [ view_filter ] --END-- [ RunTime:0.001000s ]
INFO: [ app_end ] --START--
INFO: Run Behavior\ShowPageTraceBehavior [ RunTime:0.001000s ]
INFO: [ app_end ] --END-- [ RunTime:0.001000s ]

[ 2016-03-08T09:03:28+08:00 ] ::1 /design/index.php/home/index/index.html
INFO: [ app_init ] --START--
INFO: Run Behavior\BuildLiteBehavior [ RunTime:0.000000s ]
INFO: [ app_init ] --END-- [ RunTime:0.001000s ]
INFO: [ app_begin ] --START--
INFO: Run Behavior\ReadHtmlCacheBehavior [ RunTime:0.001000s ]
INFO: [ app_begin ] --END-- [ RunTime:0.001000s ]
INFO: [ view_parse ] --START--
INFO: [ template_filter ] --START--
INFO: Run Behavior\ContentReplaceBehavior [ RunTime:0.000000s ]
INFO: [ template_filter ] --END-- [ RunTime:0.000000s ]
NOTIC: [8] Undefined index: nickname D:\xampp2\htdocs\design\Apps\Runtime\Cache\Home\400c995c330f1f6ecac6b9102849eb7e.php 第 72 行.
INFO: Run Behavior\ParseTemplateBehavior [ RunTime:0.008001s ]
INFO: [ view_parse ] --END-- [ RunTime:0.008001s ]
INFO: [ view_filter ] --START--
INFO: Run Behavior\WriteHtmlCacheBehavior [ RunTime:0.001000s ]
INFO: [ view_filter ] --END-- [ RunTime:0.001000s ]
INFO: [ app_end ] --START--
INFO: Run Behavior\ShowPageTraceBehavior [ RunTime:0.001000s ]
INFO: [ app_end ] --END-- [ RunTime:0.001000s ]

[ 2016-03-08T09:03:29+08:00 ] ::1 /design/index.php/home/index/typeSelect?pageSize=3&type=0&pageNum=1
INFO: [ app_init ] --START--
INFO: Run Behavior\BuildLiteBehavior [ RunTime:0.000000s ]
INFO: [ app_init ] --END-- [ RunTime:0.000000s ]
INFO: [ app_begin ] --START--
INFO: Run Behavior\ReadHtmlCacheBehavior [ RunTime:0.000000s ]
INFO: [ app_begin ] --END-- [ RunTime:0.000000s ]
SQL: SHOW COLUMNS FROM `sw_goods` [ RunTime:0.0040s ]
SQL: SELECT * FROM `sw_goods` WHERE ( goodtype='0' ) ORDER BY good_id desc LIMIT 0,3   [ RunTime:0.0000s ]
SQL: SELECT * FROM `sw_goods` WHERE ( goodtype='0' )  [ RunTime:0.0010s ]

[ 2016-03-08T09:03:32+08:00 ] ::1 /design/index.php/home/index/typeSelect?pageSize=3&type=1&pageNum=1
INFO: [ app_init ] --START--
INFO: Run Behavior\BuildLiteBehavior [ RunTime:0.000000s ]
INFO: [ app_init ] --END-- [ RunTime:0.000000s ]
INFO: [ app_begin ] --START--
INFO: Run Behavior\ReadHtmlCacheBehavior [ RunTime:0.001000s ]
INFO: [ app_begin ] --END-- [ RunTime:0.001000s ]
SQL: SHOW COLUMNS FROM `sw_goods` [ RunTime:0.0040s ]
SQL: SELECT * FROM `sw_goods` WHERE ( goodtype='1' ) ORDER BY good_id desc LIMIT 0,3   [ RunTime:0.0000s ]
SQL: SELECT * FROM `sw_goods` WHERE ( goodtype='1' )  [ RunTime:0.0010s ]

