[ 2016-01-13T10:45:42+08:00 ] ::1 /design/index.php/home/register/Register/register
INFO: [ app_init ] --START--
INFO: Run Behavior\BuildLiteBehavior [ RunTime:0.000000s ]
INFO: [ app_init ] --END-- [ RunTime:0.001000s ]
INFO: [ app_begin ] --START--
INFO: Run Behavior\ReadHtmlCacheBehavior [ RunTime:0.000000s ]
INFO: [ app_begin ] --END-- [ RunTime:0.000000s ]
SQL: SHOW COLUMNS FROM `sw_user` [ RunTime:0.0040s ]
NOTIC: [8] Use of undefined constant realname - assumed 'realname' D:\xampp2\htdocs\design\Apps\Home\Controller\RegisterController.class.php 第 25 行.
NOTIC: [8] Use of undefined constant nickname - assumed 'nickname' D:\xampp2\htdocs\design\Apps\Home\Controller\RegisterController.class.php 第 26 行.
NOTIC: [8] Use of undefined constant password - assumed 'password' D:\xampp2\htdocs\design\Apps\Home\Controller\RegisterController.class.php 第 27 行.
NOTIC: [8] Use of undefined constant phonenum - assumed 'phonenum' D:\xampp2\htdocs\design\Apps\Home\Controller\RegisterController.class.php 第 28 行.
SQL: INSERT INTO `sw_user` (`realname`,`nickname`,`password`,`phonenum`) VALUES ('张洋','小花花','135799','11111111111') [ RunTime:0.1060s ]

[ 2016-01-13T10:50:12+08:00 ] ::1 /design/index.php/home/index/index.html
INFO: [ app_init ] --START--
INFO: Run Behavior\BuildLiteBehavior [ RunTime:0.000000s ]
INFO: [ app_init ] --END-- [ RunTime:0.000000s ]
INFO: [ app_begin ] --START--
INFO: Run Behavior\ReadHtmlCacheBehavior [ RunTime:0.001000s ]
INFO: [ app_begin ] --END-- [ RunTime:0.001000s ]
INFO: [ view_parse ] --START--
INFO: [ template_filter ] --START--
INFO: Run Behavior\ContentReplaceBehavior [ RunTime:0.000000s ]
INFO: [ template_filter ] --END-- [ RunTime:0.000000s ]
NOTIC: [8] Undefined index: nickname D:\xampp2\htdocs\design\Apps\Runtime\Cache\Home\400c995c330f1f6ecac6b9102849eb7e.php 第 71 行.
INFO: Run Behavior\ParseTemplateBehavior [ RunTime:0.030002s ]
INFO: [ view_parse ] --END-- [ RunTime:0.030002s ]
INFO: [ view_filter ] --START--
INFO: Run Behavior\WriteHtmlCacheBehavior [ RunTime:0.001000s ]
INFO: [ view_filter ] --END-- [ RunTime:0.001000s ]
INFO: [ app_end ] --START--
INFO: Run Behavior\ShowPageTraceBehavior [ RunTime:0.000000s ]
INFO: [ app_end ] --END-- [ RunTime:0.000000s ]

[ 2016-01-13T10:50:12+08:00 ] ::1 /design/index.php/home/index/typeSelect?pageSize=3&type=0&pageNum=1
INFO: [ app_init ] --START--
INFO: Run Behavior\BuildLiteBehavior [ RunTime:0.000000s ]
INFO: [ app_init ] --END-- [ RunTime:0.000000s ]
INFO: [ app_begin ] --START--
INFO: Run Behavior\ReadHtmlCacheBehavior [ RunTime:0.000000s ]
INFO: [ app_begin ] --END-- [ RunTime:0.000000s ]
SQL: SHOW COLUMNS FROM `sw_goods` [ RunTime:0.0050s ]
SQL: SELECT * FROM `sw_goods` WHERE ( goodtype='0' ) ORDER BY good_id desc LIMIT 0,3   [ RunTime:0.0520s ]
SQL: SELECT * FROM `sw_goods` WHERE ( goodtype='0' )  [ RunTime:0.0000s ]

[ 2016-01-13T10:50:15+08:00 ] ::1 /design/index.php/home/index/typeSelect?pageSize=3&type=1&pageNum=1
INFO: [ app_init ] --START--
INFO: Run Behavior\BuildLiteBehavior [ RunTime:0.000000s ]
INFO: [ app_init ] --END-- [ RunTime:0.000000s ]
INFO: [ app_begin ] --START--
INFO: Run Behavior\ReadHtmlCacheBehavior [ RunTime:0.001000s ]
INFO: [ app_begin ] --END-- [ RunTime:0.001000s ]
SQL: SHOW COLUMNS FROM `sw_goods` [ RunTime:0.0060s ]
SQL: SELECT * FROM `sw_goods` WHERE ( goodtype='1' ) ORDER BY good_id desc LIMIT 0,3   [ RunTime:0.0010s ]
SQL: SELECT * FROM `sw_goods` WHERE ( goodtype='1' )  [ RunTime:0.0000s ]

[ 2016-01-13T10:50:15+08:00 ] ::1 /design/index.php/home/index/typeSelect?pageSize=3&type=2&pageNum=1
INFO: [ app_init ] --START--
INFO: Run Behavior\BuildLiteBehavior [ RunTime:0.000000s ]
INFO: [ app_init ] --END-- [ RunTime:0.000000s ]
INFO: [ app_begin ] --START--
INFO: Run Behavior\ReadHtmlCacheBehavior [ RunTime:0.001000s ]
INFO: [ app_begin ] --END-- [ RunTime:0.001000s ]
SQL: SHOW COLUMNS FROM `sw_goods` [ RunTime:0.0030s ]
SQL: SELECT * FROM `sw_goods` WHERE ( goodtype='2' ) ORDER BY good_id desc LIMIT 0,3   [ RunTime:0.0010s ]
SQL: SELECT * FROM `sw_goods` WHERE ( goodtype='2' )  [ RunTime:0.0000s ]

[ 2016-01-13T10:50:16+08:00 ] ::1 /design/index.php/home/index/typeSelect?pageSize=3&type=3&pageNum=1
INFO: [ app_init ] --START--
INFO: Run Behavior\BuildLiteBehavior [ RunTime:0.000000s ]
INFO: [ app_init ] --END-- [ RunTime:0.000000s ]
INFO: [ app_begin ] --START--
INFO: Run Behavior\ReadHtmlCacheBehavior [ RunTime:0.000000s ]
INFO: [ app_begin ] --END-- [ RunTime:0.000000s ]
SQL: SHOW COLUMNS FROM `sw_goods` [ RunTime:0.0100s ]
SQL: SELECT * FROM `sw_goods` WHERE ( goodtype='3' ) ORDER BY good_id desc LIMIT 0,3   [ RunTime:0.0010s ]
SQL: SELECT * FROM `sw_goods` WHERE ( goodtype='3' )  [ RunTime:0.0000s ]

[ 2016-01-13T10:50:19+08:00 ] ::1 /design/index.php/home/Item/index?id=3
INFO: [ app_init ] --START--
INFO: Run Behavior\BuildLiteBehavior [ RunTime:0.000000s ]
INFO: [ app_init ] --END-- [ RunTime:0.001000s ]
INFO: [ app_begin ] --START--
INFO: Run Behavior\ReadHtmlCacheBehavior [ RunTime:0.001000s ]
INFO: [ app_begin ] --END-- [ RunTime:0.001000s ]
SQL: SHOW COLUMNS FROM `sw_goods` [ RunTime:0.0020s ]
SQL: SHOW COLUMNS FROM `sw_user` [ RunTime:0.0040s ]
SQL: SELECT * FROM `sw_goods` WHERE ( good_id='3' )  [ RunTime:0.0000s ]
SQL: SELECT * FROM `sw_user` WHERE ( nickname='杨阳测试' )  [ RunTime:0.0010s ]
INFO: [ view_parse ] --START--
INFO: [ template_filter ] --START--
INFO: Run Behavior\ContentReplaceBehavior [ RunTime:0.000000s ]
INFO: [ template_filter ] --END-- [ RunTime:0.000000s ]
NOTIC: [8] Undefined index: nickname D:\xampp2\htdocs\design\Apps\Runtime\Cache\Home\45091a69aca66bd026a6b8c75e20684e.php 第 58 行.
INFO: Run Behavior\ParseTemplateBehavior [ RunTime:0.092005s ]
INFO: [ view_parse ] --END-- [ RunTime:0.092005s ]
INFO: [ view_filter ] --START--
INFO: Run Behavior\WriteHtmlCacheBehavior [ RunTime:0.000000s ]
INFO: [ view_filter ] --END-- [ RunTime:0.000000s ]
INFO: [ app_end ] --START--
INFO: Run Behavior\ShowPageTraceBehavior [ RunTime:0.001000s ]
INFO: [ app_end ] --END-- [ RunTime:0.001000s ]

[ 2016-01-13T10:50:27+08:00 ] ::1 /design/index.php/home/Item/addCollection
INFO: [ app_init ] --START--
INFO: Run Behavior\BuildLiteBehavior [ RunTime:0.000000s ]
INFO: [ app_init ] --END-- [ RunTime:0.000000s ]
INFO: [ app_begin ] --START--
INFO: Run Behavior\ReadHtmlCacheBehavior [ RunTime:0.001000s ]
INFO: [ app_begin ] --END-- [ RunTime:0.001000s ]
SQL: SHOW COLUMNS FROM `sw_collection` [ RunTime:0.0030s ]
SQL: SHOW COLUMNS FROM `sw_user` [ RunTime:0.0020s ]

[ 2016-01-13T17:00:30+08:00 ] ::1 /design/index.php/home/register/index.html
INFO: [ app_init ] --START--
INFO: Run Behavior\BuildLiteBehavior [ RunTime:0.000000s ]
INFO: [ app_init ] --END-- [ RunTime:0.001000s ]
INFO: [ app_begin ] --START--
INFO: Run Behavior\ReadHtmlCacheBehavior [ RunTime:0.000000s ]
INFO: [ app_begin ] --END-- [ RunTime:0.001000s ]
INFO: [ view_parse ] --START--
INFO: [ template_filter ] --START--
INFO: Run Behavior\ContentReplaceBehavior [ RunTime:0.000000s ]
INFO: [ template_filter ] --END-- [ RunTime:0.000000s ]
INFO: Run Behavior\ParseTemplateBehavior [ RunTime:0.016001s ]
INFO: [ view_parse ] --END-- [ RunTime:0.016001s ]
INFO: [ view_filter ] --START--
INFO: Run Behavior\WriteHtmlCacheBehavior [ RunTime:0.001000s ]
INFO: [ view_filter ] --END-- [ RunTime:0.001000s ]
INFO: [ app_end ] --START--
INFO: Run Behavior\ShowPageTraceBehavior [ RunTime:0.000000s ]
INFO: [ app_end ] --END-- [ RunTime:0.000000s ]

[ 2016-01-13T17:00:37+08:00 ] ::1 /design/index.php/home/register/nickCheck?nickName=%E5%B0%8F%E6%98%8E
INFO: [ app_init ] --START--
INFO: Run Behavior\BuildLiteBehavior [ RunTime:0.000000s ]
INFO: [ app_init ] --END-- [ RunTime:0.000000s ]
INFO: [ app_begin ] --START--
INFO: Run Behavior\ReadHtmlCacheBehavior [ RunTime:0.001000s ]
INFO: [ app_begin ] --END-- [ RunTime:0.001000s ]
SQL: SHOW COLUMNS FROM `sw_user` [ RunTime:0.0050s ]
SQL: SELECT * FROM `sw_user` WHERE ( nickname = '小明' )  [ RunTime:0.0080s ]

[ 2016-01-13T17:00:45+08:00 ] ::1 /design/index.php/home/register/Register/register
INFO: [ app_init ] --START--
INFO: Run Behavior\BuildLiteBehavior [ RunTime:0.000000s ]
INFO: [ app_init ] --END-- [ RunTime:0.000000s ]
INFO: [ app_begin ] --START--
INFO: Run Behavior\ReadHtmlCacheBehavior [ RunTime:0.001000s ]
INFO: [ app_begin ] --END-- [ RunTime:0.001000s ]
SQL: SHOW COLUMNS FROM `sw_user` [ RunTime:0.0040s ]
NOTIC: [8] Use of undefined constant realname - assumed 'realname' D:\xampp2\htdocs\design\Apps\Home\Controller\RegisterController.class.php 第 25 行.
NOTIC: [8] Use of undefined constant nickname - assumed 'nickname' D:\xampp2\htdocs\design\Apps\Home\Controller\RegisterController.class.php 第 26 行.
NOTIC: [8] Use of undefined constant password - assumed 'password' D:\xampp2\htdocs\design\Apps\Home\Controller\RegisterController.class.php 第 27 行.
NOTIC: [8] Use of undefined constant phonenum - assumed 'phonenum' D:\xampp2\htdocs\design\Apps\Home\Controller\RegisterController.class.php 第 28 行.
SQL: INSERT INTO `sw_user` (`realname`,`nickname`,`password`,`phonenum`) VALUES ('小明','小明','111111','11111111111') [ RunTime:0.1170s ]

[ 2016-01-13T17:00:48+08:00 ] ::1 /design/index.php/home/register/nickCheck?nickName=%E5%B0%8F%E6%98%8E1
INFO: [ app_init ] --START--
INFO: Run Behavior\BuildLiteBehavior [ RunTime:0.000000s ]
INFO: [ app_init ] --END-- [ RunTime:0.000000s ]
INFO: [ app_begin ] --START--
INFO: Run Behavior\ReadHtmlCacheBehavior [ RunTime:0.001000s ]
INFO: [ app_begin ] --END-- [ RunTime:0.001000s ]
SQL: SHOW COLUMNS FROM `sw_user` [ RunTime:0.0030s ]
SQL: SELECT * FROM `sw_user` WHERE ( nickname = '小明1' )  [ RunTime:0.0010s ]

[ 2016-01-13T17:00:48+08:00 ] ::1 /design/index.php/home/register/Register/register
INFO: [ app_init ] --START--
INFO: Run Behavior\BuildLiteBehavior [ RunTime:0.000000s ]
INFO: [ app_init ] --END-- [ RunTime:0.000000s ]
INFO: [ app_begin ] --START--
INFO: Run Behavior\ReadHtmlCacheBehavior [ RunTime:0.001000s ]
INFO: [ app_begin ] --END-- [ RunTime:0.001000s ]
SQL: SHOW COLUMNS FROM `sw_user` [ RunTime:0.0040s ]
NOTIC: [8] Use of undefined constant realname - assumed 'realname' D:\xampp2\htdocs\design\Apps\Home\Controller\RegisterController.class.php 第 25 行.
NOTIC: [8] Use of undefined constant nickname - assumed 'nickname' D:\xampp2\htdocs\design\Apps\Home\Controller\RegisterController.class.php 第 26 行.
NOTIC: [8] Use of undefined constant password - assumed 'password' D:\xampp2\htdocs\design\Apps\Home\Controller\RegisterController.class.php 第 27 行.
NOTIC: [8] Use of undefined constant phonenum - assumed 'phonenum' D:\xampp2\htdocs\design\Apps\Home\Controller\RegisterController.class.php 第 28 行.
SQL: INSERT INTO `sw_user` (`realname`,`nickname`,`password`,`phonenum`) VALUES ('小明1','小明1','111111','11111111111') [ RunTime:0.1440s ]

[ 2016-01-13T17:00:53+08:00 ] ::1 /design/index.php/home/register/nickCheck?nickName=%E5%B0%8F%E6%98%8E2
INFO: [ app_init ] --START--
INFO: Run Behavior\BuildLiteBehavior [ RunTime:0.000000s ]
INFO: [ app_init ] --END-- [ RunTime:0.000000s ]
INFO: [ app_begin ] --START--
INFO: Run Behavior\ReadHtmlCacheBehavior [ RunTime:0.000000s ]
INFO: [ app_begin ] --END-- [ RunTime:0.001000s ]
SQL: SHOW COLUMNS FROM `sw_user` [ RunTime:0.0040s ]
SQL: SELECT * FROM `sw_user` WHERE ( nickname = '小明2' )  [ RunTime:0.0010s ]

[ 2016-01-13T17:00:53+08:00 ] ::1 /design/index.php/home/register/Register/register
INFO: [ app_init ] --START--
INFO: Run Behavior\BuildLiteBehavior [ RunTime:0.000000s ]
INFO: [ app_init ] --END-- [ RunTime:0.000000s ]
INFO: [ app_begin ] --START--
INFO: Run Behavior\ReadHtmlCacheBehavior [ RunTime:0.001000s ]
INFO: [ app_begin ] --END-- [ RunTime:0.001000s ]
SQL: SHOW COLUMNS FROM `sw_user` [ RunTime:0.0070s ]
NOTIC: [8] Use of undefined constant realname - assumed 'realname' D:\xampp2\htdocs\design\Apps\Home\Controller\RegisterController.class.php 第 25 行.
NOTIC: [8] Use of undefined constant nickname - assumed 'nickname' D:\xampp2\htdocs\design\Apps\Home\Controller\RegisterController.class.php 第 26 行.
NOTIC: [8] Use of undefined constant password - assumed 'password' D:\xampp2\htdocs\design\Apps\Home\Controller\RegisterController.class.php 第 27 行.
NOTIC: [8] Use of undefined constant phonenum - assumed 'phonenum' D:\xampp2\htdocs\design\Apps\Home\Controller\RegisterController.class.php 第 28 行.
SQL: INSERT INTO `sw_user` (`realname`,`nickname`,`password`,`phonenum`) VALUES ('小明2','小明2','111111','11111111111') [ RunTime:0.0680s ]

[ 2016-01-13T17:00:55+08:00 ] ::1 /design/index.php/home/register/nickCheck?nickName=%E5%B0%8F%E6%98%8E3
INFO: [ app_init ] --START--
INFO: Run Behavior\BuildLiteBehavior [ RunTime:0.000000s ]
INFO: [ app_init ] --END-- [ RunTime:0.000000s ]
INFO: [ app_begin ] --START--
INFO: Run Behavior\ReadHtmlCacheBehavior [ RunTime:0.000000s ]
INFO: [ app_begin ] --END-- [ RunTime:0.000000s ]
SQL: SHOW COLUMNS FROM `sw_user` [ RunTime:0.0040s ]
SQL: SELECT * FROM `sw_user` WHERE ( nickname = '小明3' )  [ RunTime:0.0010s ]

[ 2016-01-13T17:00:55+08:00 ] ::1 /design/index.php/home/register/Register/register
INFO: [ app_init ] --START--
INFO: Run Behavior\BuildLiteBehavior [ RunTime:0.000000s ]
INFO: [ app_init ] --END-- [ RunTime:0.000000s ]
INFO: [ app_begin ] --START--
INFO: Run Behavior\ReadHtmlCacheBehavior [ RunTime:0.001000s ]
INFO: [ app_begin ] --END-- [ RunTime:0.001000s ]
SQL: SHOW COLUMNS FROM `sw_user` [ RunTime:0.0030s ]
NOTIC: [8] Use of undefined constant realname - assumed 'realname' D:\xampp2\htdocs\design\Apps\Home\Controller\RegisterController.class.php 第 25 行.
NOTIC: [8] Use of undefined constant nickname - assumed 'nickname' D:\xampp2\htdocs\design\Apps\Home\Controller\RegisterController.class.php 第 26 行.
NOTIC: [8] Use of undefined constant password - assumed 'password' D:\xampp2\htdocs\design\Apps\Home\Controller\RegisterController.class.php 第 27 行.
NOTIC: [8] Use of undefined constant phonenum - assumed 'phonenum' D:\xampp2\htdocs\design\Apps\Home\Controller\RegisterController.class.php 第 28 行.
SQL: INSERT INTO `sw_user` (`realname`,`nickname`,`password`,`phonenum`) VALUES ('小明2','小明3','111111','11111111111') [ RunTime:0.0770s ]

[ 2016-01-13T17:00:57+08:00 ] ::1 /design/index.php/home/register/nickCheck?nickName=%E5%B0%8F%E6%98%8E4
INFO: [ app_init ] --START--
INFO: Run Behavior\BuildLiteBehavior [ RunTime:0.000000s ]
INFO: [ app_init ] --END-- [ RunTime:0.001000s ]
INFO: [ app_begin ] --START--
INFO: Run Behavior\ReadHtmlCacheBehavior [ RunTime:0.001000s ]
INFO: [ app_begin ] --END-- [ RunTime:0.001000s ]
SQL: SHOW COLUMNS FROM `sw_user` [ RunTime:0.0030s ]
SQL: SELECT * FROM `sw_user` WHERE ( nickname = '小明4' )  [ RunTime:0.0000s ]

[ 2016-01-13T17:00:57+08:00 ] ::1 /design/index.php/home/register/Register/register
INFO: [ app_init ] --START--
INFO: Run Behavior\BuildLiteBehavior [ RunTime:0.000000s ]
INFO: [ app_init ] --END-- [ RunTime:0.001000s ]
INFO: [ app_begin ] --START--
INFO: Run Behavior\ReadHtmlCacheBehavior [ RunTime:0.001000s ]
INFO: [ app_begin ] --END-- [ RunTime:0.001000s ]
SQL: SHOW COLUMNS FROM `sw_user` [ RunTime:0.0030s ]
NOTIC: [8] Use of undefined constant realname - assumed 'realname' D:\xampp2\htdocs\design\Apps\Home\Controller\RegisterController.class.php 第 25 行.
NOTIC: [8] Use of undefined constant nickname - assumed 'nickname' D:\xampp2\htdocs\design\Apps\Home\Controller\RegisterController.class.php 第 26 行.
NOTIC: [8] Use of undefined constant password - assumed 'password' D:\xampp2\htdocs\design\Apps\Home\Controller\RegisterController.class.php 第 27 行.
NOTIC: [8] Use of undefined constant phonenum - assumed 'phonenum' D:\xampp2\htdocs\design\Apps\Home\Controller\RegisterController.class.php 第 28 行.
SQL: INSERT INTO `sw_user` (`realname`,`nickname`,`password`,`phonenum`) VALUES ('小明2','小明4','111111','11111111111') [ RunTime:0.0730s ]

[ 2016-01-13T17:01:00+08:00 ] ::1 /design/index.php/home/register/nickCheck?nickName=%E5%B0%8F%E6%98%8E5
INFO: [ app_init ] --START--
INFO: Run Behavior\BuildLiteBehavior [ RunTime:0.000000s ]
INFO: [ app_init ] --END-- [ RunTime:0.000000s ]
INFO: [ app_begin ] --START--
INFO: Run Behavior\ReadHtmlCacheBehavior [ RunTime:0.001000s ]
INFO: [ app_begin ] --END-- [ RunTime:0.001000s ]
SQL: SHOW COLUMNS FROM `sw_user` [ RunTime:0.0050s ]
SQL: SELECT * FROM `sw_user` WHERE ( nickname = '小明5' )  [ RunTime:0.0000s ]

[ 2016-01-13T17:01:00+08:00 ] ::1 /design/index.php/home/register/Register/register
INFO: [ app_init ] --START--
INFO: Run Behavior\BuildLiteBehavior [ RunTime:0.000000s ]
INFO: [ app_init ] --END-- [ RunTime:0.001000s ]
INFO: [ app_begin ] --START--
INFO: Run Behavior\ReadHtmlCacheBehavior [ RunTime:0.001001s ]
INFO: [ app_begin ] --END-- [ RunTime:0.001001s ]
SQL: SHOW COLUMNS FROM `sw_user` [ RunTime:0.0050s ]
NOTIC: [8] Use of undefined constant realname - assumed 'realname' D:\xampp2\htdocs\design\Apps\Home\Controller\RegisterController.class.php 第 25 行.
NOTIC: [8] Use of undefined constant nickname - assumed 'nickname' D:\xampp2\htdocs\design\Apps\Home\Controller\RegisterController.class.php 第 26 行.
NOTIC: [8] Use of undefined constant password - assumed 'password' D:\xampp2\htdocs\design\Apps\Home\Controller\RegisterController.class.php 第 27 行.
NOTIC: [8] Use of undefined constant phonenum - assumed 'phonenum' D:\xampp2\htdocs\design\Apps\Home\Controller\RegisterController.class.php 第 28 行.
SQL: INSERT INTO `sw_user` (`realname`,`nickname`,`password`,`phonenum`) VALUES ('小明2','小明5','111111','11111111111') [ RunTime:0.0790s ]

[ 2016-01-13T17:01:02+08:00 ] ::1 /design/index.php/home/register/nickCheck?nickName=%E5%B0%8F%E6%98%8E6
INFO: [ app_init ] --START--
INFO: Run Behavior\BuildLiteBehavior [ RunTime:0.000000s ]
INFO: [ app_init ] --END-- [ RunTime:0.000000s ]
INFO: [ app_begin ] --START--
INFO: Run Behavior\ReadHtmlCacheBehavior [ RunTime:0.001001s ]
INFO: [ app_begin ] --END-- [ RunTime:0.001001s ]
SQL: SHOW COLUMNS FROM `sw_user` [ RunTime:0.0050s ]
SQL: SELECT * FROM `sw_user` WHERE ( nickname = '小明6' )  [ RunTime:0.0000s ]

[ 2016-01-13T17:01:02+08:00 ] ::1 /design/index.php/home/register/Register/register
INFO: [ app_init ] --START--
INFO: Run Behavior\BuildLiteBehavior [ RunTime:0.000000s ]
INFO: [ app_init ] --END-- [ RunTime:0.000000s ]
INFO: [ app_begin ] --START--
INFO: Run Behavior\ReadHtmlCacheBehavior [ RunTime:0.000000s ]
INFO: [ app_begin ] --END-- [ RunTime:0.000000s ]
SQL: SHOW COLUMNS FROM `sw_user` [ RunTime:0.0030s ]
NOTIC: [8] Use of undefined constant realname - assumed 'realname' D:\xampp2\htdocs\design\Apps\Home\Controller\RegisterController.class.php 第 25 行.
NOTIC: [8] Use of undefined constant nickname - assumed 'nickname' D:\xampp2\htdocs\design\Apps\Home\Controller\RegisterController.class.php 第 26 行.
NOTIC: [8] Use of undefined constant password - assumed 'password' D:\xampp2\htdocs\design\Apps\Home\Controller\RegisterController.class.php 第 27 行.
NOTIC: [8] Use of undefined constant phonenum - assumed 'phonenum' D:\xampp2\htdocs\design\Apps\Home\Controller\RegisterController.class.php 第 28 行.
SQL: INSERT INTO `sw_user` (`realname`,`nickname`,`password`,`phonenum`) VALUES ('小明2','小明6','111111','11111111111') [ RunTime:0.0850s ]

