[ 2016-03-09T15:50:36+08:00 ] ::1 /design/index.php/home/index/index.html
INFO: [ app_init ] --START--
INFO: Run Behavior\BuildLiteBehavior [ RunTime:0.000000s ]
INFO: [ app_init ] --END-- [ RunTime:0.069004s ]
INFO: [ app_begin ] --START--
INFO: Run Behavior\ReadHtmlCacheBehavior [ RunTime:0.017001s ]
INFO: [ app_begin ] --END-- [ RunTime:0.018001s ]
INFO: [ view_parse ] --START--
INFO: [ template_filter ] --START--
INFO: Run Behavior\ContentReplaceBehavior [ RunTime:0.000000s ]
INFO: [ template_filter ] --END-- [ RunTime:0.000000s ]
NOTIC: [8] Undefined index: nickname D:\xampp2\htdocs\design\Apps\Runtime\Cache\Home\400c995c330f1f6ecac6b9102849eb7e.php 第 72 行.
INFO: Run Behavior\ParseTemplateBehavior [ RunTime:0.826047s ]
INFO: [ view_parse ] --END-- [ RunTime:0.826047s ]
INFO: [ view_filter ] --START--
INFO: Run Behavior\WriteHtmlCacheBehavior [ RunTime:0.018001s ]
INFO: [ view_filter ] --END-- [ RunTime:0.019001s ]
INFO: [ app_end ] --START--
INFO: Run Behavior\ShowPageTraceBehavior [ RunTime:0.085005s ]
INFO: [ app_end ] --END-- [ RunTime:0.086005s ]

[ 2016-03-09T15:50:38+08:00 ] ::1 /design/index.php/home/index/typeSelect?pageSize=3&type=0&pageNum=1
INFO: [ app_init ] --START--
INFO: Run Behavior\BuildLiteBehavior [ RunTime:0.000000s ]
INFO: [ app_init ] --END-- [ RunTime:0.001000s ]
INFO: [ app_begin ] --START--
INFO: Run Behavior\ReadHtmlCacheBehavior [ RunTime:0.001000s ]
INFO: [ app_begin ] --END-- [ RunTime:0.001000s ]
SQL: SHOW COLUMNS FROM `sw_goods` [ RunTime:0.1610s ]
SQL: SELECT * FROM `sw_goods` WHERE ( goodtype='0' ) ORDER BY good_id desc LIMIT 0,3   [ RunTime:0.0010s ]
SQL: SELECT * FROM `sw_goods` WHERE ( goodtype='0' )  [ RunTime:0.0010s ]

[ 2016-03-09T21:02:52+08:00 ] ::1 /design/index.php/home/index/index.html
INFO: [ app_init ] --START--
INFO: Run Behavior\BuildLiteBehavior [ RunTime:0.000000s ]
INFO: [ app_init ] --END-- [ RunTime:0.016001s ]
INFO: [ app_begin ] --START--
INFO: Run Behavior\ReadHtmlCacheBehavior [ RunTime:0.006000s ]
INFO: [ app_begin ] --END-- [ RunTime:0.006000s ]
INFO: [ view_parse ] --START--
INFO: [ template_filter ] --START--
INFO: Run Behavior\ContentReplaceBehavior [ RunTime:0.000000s ]
INFO: [ template_filter ] --END-- [ RunTime:0.000000s ]
NOTIC: [8] Undefined index: nickname D:\xampp2\htdocs\design\Apps\Runtime\Cache\Home\400c995c330f1f6ecac6b9102849eb7e.php 第 72 行.
INFO: Run Behavior\ParseTemplateBehavior [ RunTime:0.205011s ]
INFO: [ view_parse ] --END-- [ RunTime:0.205011s ]
INFO: [ view_filter ] --START--
INFO: Run Behavior\WriteHtmlCacheBehavior [ RunTime:0.018001s ]
INFO: [ view_filter ] --END-- [ RunTime:0.018001s ]
INFO: [ app_end ] --START--
INFO: Run Behavior\ShowPageTraceBehavior [ RunTime:0.008001s ]
INFO: [ app_end ] --END-- [ RunTime:0.008001s ]

[ 2016-03-09T21:02:54+08:00 ] ::1 /design/index.php/home/index/typeSelect?pageSize=3&type=0&pageNum=1
INFO: [ app_init ] --START--
INFO: Run Behavior\BuildLiteBehavior [ RunTime:0.000000s ]
INFO: [ app_init ] --END-- [ RunTime:0.001000s ]
INFO: [ app_begin ] --START--
INFO: Run Behavior\ReadHtmlCacheBehavior [ RunTime:0.001000s ]
INFO: [ app_begin ] --END-- [ RunTime:0.001000s ]
SQL: SHOW COLUMNS FROM `sw_goods` [ RunTime:0.0050s ]
SQL: SELECT * FROM `sw_goods` WHERE ( goodtype='0' ) ORDER BY good_id desc LIMIT 0,3   [ RunTime:0.0000s ]
SQL: SELECT * FROM `sw_goods` WHERE ( goodtype='0' )  [ RunTime:0.0010s ]

[ 2016-03-09T21:03:02+08:00 ] ::1 /design/index.php/home/register/index.html
INFO: [ app_init ] --START--
INFO: Run Behavior\BuildLiteBehavior [ RunTime:0.000000s ]
INFO: [ app_init ] --END-- [ RunTime:0.001001s ]
INFO: [ app_begin ] --START--
INFO: Run Behavior\ReadHtmlCacheBehavior [ RunTime:0.002000s ]
INFO: [ app_begin ] --END-- [ RunTime:0.002000s ]
INFO: [ view_parse ] --START--
INFO: [ template_filter ] --START--
INFO: Run Behavior\ContentReplaceBehavior [ RunTime:0.000000s ]
INFO: [ template_filter ] --END-- [ RunTime:0.000000s ]
INFO: Run Behavior\ParseTemplateBehavior [ RunTime:1.091063s ]
INFO: [ view_parse ] --END-- [ RunTime:1.091063s ]
INFO: [ view_filter ] --START--
INFO: Run Behavior\WriteHtmlCacheBehavior [ RunTime:0.001000s ]
INFO: [ view_filter ] --END-- [ RunTime:0.001000s ]
INFO: [ app_end ] --START--
INFO: Run Behavior\ShowPageTraceBehavior [ RunTime:0.002000s ]
INFO: [ app_end ] --END-- [ RunTime:0.002000s ]

[ 2016-03-09T21:03:12+08:00 ] ::1 /design/index.php/home/register/nickCheck?nickName=%E5%B0%8F%E5%92%A9
INFO: [ app_init ] --START--
INFO: Run Behavior\BuildLiteBehavior [ RunTime:0.000000s ]
INFO: [ app_init ] --END-- [ RunTime:0.000000s ]
INFO: [ app_begin ] --START--
INFO: Run Behavior\ReadHtmlCacheBehavior [ RunTime:0.001000s ]
INFO: [ app_begin ] --END-- [ RunTime:0.001000s ]
SQL: SHOW COLUMNS FROM `sw_user` [ RunTime:0.0030s ]
SQL: SELECT * FROM `sw_user` WHERE ( nickname = '小咩' )  [ RunTime:0.0540s ]

[ 2016-03-09T21:03:33+08:00 ] ::1 /design/index.php/home/register/Register/register
INFO: [ app_init ] --START--
INFO: Run Behavior\BuildLiteBehavior [ RunTime:0.000000s ]
INFO: [ app_init ] --END-- [ RunTime:0.000000s ]
INFO: [ app_begin ] --START--
INFO: Run Behavior\ReadHtmlCacheBehavior [ RunTime:0.000000s ]
INFO: [ app_begin ] --END-- [ RunTime:0.000000s ]
SQL: SHOW COLUMNS FROM `sw_user` [ RunTime:0.0030s ]
NOTIC: [8] Use of undefined constant realname - assumed 'realname' D:\xampp2\htdocs\design\Apps\Home\Controller\RegisterController.class.php 第 25 行.
NOTIC: [8] Use of undefined constant nickname - assumed 'nickname' D:\xampp2\htdocs\design\Apps\Home\Controller\RegisterController.class.php 第 26 行.
NOTIC: [8] Use of undefined constant password - assumed 'password' D:\xampp2\htdocs\design\Apps\Home\Controller\RegisterController.class.php 第 27 行.
NOTIC: [8] Use of undefined constant phonenum - assumed 'phonenum' D:\xampp2\htdocs\design\Apps\Home\Controller\RegisterController.class.php 第 28 行.
SQL: INSERT INTO `sw_user` (`realname`,`nickname`,`password`,`phonenum`) VALUES ('杨阳','小咩','135799asdf','15682566795') [ RunTime:0.3830s ]

[ 2016-03-09T21:08:41+08:00 ] ::1 /design/index.php/home/register/nickCheck?nickName=%E5%B0%8F%E5%92%A9
INFO: [ app_init ] --START--
INFO: Run Behavior\BuildLiteBehavior [ RunTime:0.000000s ]
INFO: [ app_init ] --END-- [ RunTime:0.001000s ]
INFO: [ app_begin ] --START--
INFO: Run Behavior\ReadHtmlCacheBehavior [ RunTime:0.001000s ]
INFO: [ app_begin ] --END-- [ RunTime:0.001000s ]
SQL: SHOW COLUMNS FROM `sw_user` [ RunTime:0.0040s ]
SQL: SELECT * FROM `sw_user` WHERE ( nickname = '小咩' )  [ RunTime:0.0900s ]

