[ 2015-12-10T10:49:54+08:00 ] ::1 /design/admin.php
INFO: [ app_init ] --START--
INFO: Run Behavior\BuildLiteBehavior [ RunTime:0.000000s ]
INFO: [ app_init ] --END-- [ RunTime:0.000000s ]
INFO: [ app_begin ] --START--
INFO: Run Behavior\ReadHtmlCacheBehavior [ RunTime:0.000000s ]
INFO: [ app_begin ] --END-- [ RunTime:0.001000s ]
SQL: SHOW COLUMNS FROM `sw_manager` [ RunTime:0.0030s ]
INFO: [ view_parse ] --START--
INFO: Run Behavior\ParseTemplateBehavior [ RunTime:0.000000s ]
INFO: [ view_parse ] --END-- [ RunTime:0.000000s ]
INFO: [ view_filter ] --START--
INFO: Run Behavior\WriteHtmlCacheBehavior [ RunTime:0.001000s ]
INFO: [ view_filter ] --END-- [ RunTime:0.001000s ]
INFO: [ app_end ] --START--
INFO: Run Behavior\ShowPageTraceBehavior [ RunTime:0.000000s ]
INFO: [ app_end ] --END-- [ RunTime:0.000000s ]

[ 2015-12-10T10:49:56+08:00 ] ::1 /design/admin.php/login/index.html
INFO: [ app_init ] --START--
INFO: Run Behavior\BuildLiteBehavior [ RunTime:0.000000s ]
INFO: [ app_init ] --END-- [ RunTime:0.001000s ]
INFO: [ app_begin ] --START--
INFO: Run Behavior\ReadHtmlCacheBehavior [ RunTime:0.001000s ]
INFO: [ app_begin ] --END-- [ RunTime:0.001000s ]
INFO: [ view_parse ] --START--
INFO: [ template_filter ] --START--
INFO: Run Behavior\ContentReplaceBehavior [ RunTime:0.000000s ]
INFO: [ template_filter ] --END-- [ RunTime:0.000000s ]
INFO: Run Behavior\ParseTemplateBehavior [ RunTime:0.008000s ]
INFO: [ view_parse ] --END-- [ RunTime:0.008000s ]
INFO: [ view_filter ] --START--
INFO: Run Behavior\WriteHtmlCacheBehavior [ RunTime:0.000000s ]
INFO: [ view_filter ] --END-- [ RunTime:0.000000s ]
INFO: [ app_end ] --START--
INFO: Run Behavior\ShowPageTraceBehavior [ RunTime:0.001000s ]
INFO: [ app_end ] --END-- [ RunTime:0.001000s ]

[ 2015-12-10T10:50:57+08:00 ] ::1 /design/admin.php/Index/index.html
INFO: [ app_init ] --START--
INFO: Run Behavior\BuildLiteBehavior [ RunTime:0.000000s ]
INFO: [ app_init ] --END-- [ RunTime:0.001000s ]
INFO: [ app_begin ] --START--
INFO: Run Behavior\ReadHtmlCacheBehavior [ RunTime:0.000000s ]
INFO: [ app_begin ] --END-- [ RunTime:0.000000s ]
SQL: SHOW COLUMNS FROM `sw_manager` [ RunTime:0.0030s ]
INFO: [ view_parse ] --START--
INFO: [ template_filter ] --START--
INFO: Run Behavior\ContentReplaceBehavior [ RunTime:0.000000s ]
INFO: [ template_filter ] --END-- [ RunTime:0.000000s ]
INFO: Run Behavior\ParseTemplateBehavior [ RunTime:0.006001s ]
INFO: [ view_parse ] --END-- [ RunTime:0.006001s ]
INFO: [ view_filter ] --START--
INFO: Run Behavior\WriteHtmlCacheBehavior [ RunTime:0.001000s ]
INFO: [ view_filter ] --END-- [ RunTime:0.001000s ]
INFO: [ app_end ] --START--
INFO: Run Behavior\ShowPageTraceBehavior [ RunTime:0.000000s ]
INFO: [ app_end ] --END-- [ RunTime:0.000000s ]

[ 2015-12-10T10:50:57+08:00 ] ::1 /design/admin.php/Index/searchInfo?keyvalue=&pageSize=3&pageNum=1
INFO: [ app_init ] --START--
INFO: Run Behavior\BuildLiteBehavior [ RunTime:0.000000s ]
INFO: [ app_init ] --END-- [ RunTime:0.000000s ]
INFO: [ app_begin ] --START--
INFO: Run Behavior\ReadHtmlCacheBehavior [ RunTime:0.001000s ]
INFO: [ app_begin ] --END-- [ RunTime:0.001000s ]
SQL: SHOW COLUMNS FROM `sw_manager` [ RunTime:0.0420s ]
SQL: SHOW COLUMNS FROM `sw_goods` [ RunTime:0.0080s ]
SQL: SELECT * FROM `sw_goods` WHERE (  `gooddetail` LIKE '%%' OR `goodname` LIKE '%%' ) ORDER BY good_id desc LIMIT 0,3   [ RunTime:0.0000s ]
SQL: SELECT * FROM `sw_goods` WHERE (  `gooddetail` LIKE '%%' OR `goodname` LIKE '%%' )  [ RunTime:0.0010s ]
NOTIC: [8] Use of undefined constant data - assumed 'data' D:\xampp2\htdocs\design\Apps\Admin\Controller\IndexController.class.php 第 33 行.
NOTIC: [8] Use of undefined constant totalCount - assumed 'totalCount' D:\xampp2\htdocs\design\Apps\Admin\Controller\IndexController.class.php 第 34 行.

[ 2015-12-10T14:59:08+08:00 ] ::1 /design/admin.php/Index/searchUser?keyvalue=&pageNum=1
INFO: [ app_init ] --START--
INFO: Run Behavior\BuildLiteBehavior [ RunTime:0.000000s ]
INFO: [ app_init ] --END-- [ RunTime:0.000000s ]
INFO: [ app_begin ] --START--
INFO: Run Behavior\ReadHtmlCacheBehavior [ RunTime:0.001000s ]
INFO: [ app_begin ] --END-- [ RunTime:0.001000s ]
SQL: SHOW COLUMNS FROM `sw_manager` [ RunTime:0.0050s ]
SQL: SHOW COLUMNS FROM `sw_user` [ RunTime:0.0040s ]
NOTIC: [8] Undefined index: limit D:\xampp2\htdocs\design\ThinkPHP\Library\Think\Db\Driver.class.php 第 961 行.
SQL: SELECT * FROM `sw_user` WHERE (  `nickname` LIKE '%%' OR `realname` LIKE '%%' ) ORDER BY user_id desc LIMIT 0,20   [ RunTime:0.0000s ]
SQL: SELECT * FROM `sw_user` WHERE (  `nickname` LIKE '%%' OR `realname` LIKE '%%' )  [ RunTime:0.0010s ]
NOTIC: [8] Use of undefined constant data - assumed 'data' D:\xampp2\htdocs\design\Apps\Admin\Controller\IndexController.class.php 第 66 行.
NOTIC: [8] Use of undefined constant totalCount - assumed 'totalCount' D:\xampp2\htdocs\design\Apps\Admin\Controller\IndexController.class.php 第 67 行.

[ 2015-12-10T15:01:21+08:00 ] ::1 /design/admin.php/Index/index.html
INFO: [ app_init ] --START--
INFO: Run Behavior\BuildLiteBehavior [ RunTime:0.000000s ]
INFO: [ app_init ] --END-- [ RunTime:0.000000s ]
INFO: [ app_begin ] --START--
INFO: Run Behavior\ReadHtmlCacheBehavior [ RunTime:0.001000s ]
INFO: [ app_begin ] --END-- [ RunTime:0.001000s ]
SQL: SHOW COLUMNS FROM `sw_manager` [ RunTime:0.0050s ]
INFO: [ view_parse ] --START--
INFO: [ template_filter ] --START--
INFO: Run Behavior\ContentReplaceBehavior [ RunTime:0.000000s ]
INFO: [ template_filter ] --END-- [ RunTime:0.000000s ]
INFO: Run Behavior\ParseTemplateBehavior [ RunTime:0.010001s ]
INFO: [ view_parse ] --END-- [ RunTime:0.010001s ]
INFO: [ view_filter ] --START--
INFO: Run Behavior\WriteHtmlCacheBehavior [ RunTime:0.000000s ]
INFO: [ view_filter ] --END-- [ RunTime:0.000000s ]
INFO: [ app_end ] --START--
INFO: Run Behavior\ShowPageTraceBehavior [ RunTime:0.000000s ]
INFO: [ app_end ] --END-- [ RunTime:0.000000s ]

[ 2015-12-10T15:01:21+08:00 ] ::1 /design/admin.php/Index/searchInfo?keyvalue=&pageSize=3&pageNum=1
INFO: [ app_init ] --START--
INFO: Run Behavior\BuildLiteBehavior [ RunTime:0.000000s ]
INFO: [ app_init ] --END-- [ RunTime:0.000000s ]
INFO: [ app_begin ] --START--
INFO: Run Behavior\ReadHtmlCacheBehavior [ RunTime:0.001000s ]
INFO: [ app_begin ] --END-- [ RunTime:0.001000s ]
SQL: SHOW COLUMNS FROM `sw_manager` [ RunTime:0.0030s ]
SQL: SHOW COLUMNS FROM `sw_goods` [ RunTime:0.0030s ]
SQL: SELECT * FROM `sw_goods` WHERE (  `gooddetail` LIKE '%%' OR `goodname` LIKE '%%' ) ORDER BY good_id desc LIMIT 0,3   [ RunTime:0.0010s ]
SQL: SELECT * FROM `sw_goods` WHERE (  `gooddetail` LIKE '%%' OR `goodname` LIKE '%%' )  [ RunTime:0.0000s ]
NOTIC: [8] Use of undefined constant data - assumed 'data' D:\xampp2\htdocs\design\Apps\Admin\Controller\IndexController.class.php 第 33 行.
NOTIC: [8] Use of undefined constant totalCount - assumed 'totalCount' D:\xampp2\htdocs\design\Apps\Admin\Controller\IndexController.class.php 第 34 行.

[ 2015-12-10T15:01:27+08:00 ] ::1 /design/admin.php/Index/searchUser?keyvalue=&pageNum=1
INFO: [ app_init ] --START--
INFO: Run Behavior\BuildLiteBehavior [ RunTime:0.000000s ]
INFO: [ app_init ] --END-- [ RunTime:0.000000s ]
INFO: [ app_begin ] --START--
INFO: Run Behavior\ReadHtmlCacheBehavior [ RunTime:0.001000s ]
INFO: [ app_begin ] --END-- [ RunTime:0.001000s ]
SQL: SHOW COLUMNS FROM `sw_manager` [ RunTime:0.0030s ]
SQL: SHOW COLUMNS FROM `sw_user` [ RunTime:0.0030s ]
NOTIC: [8] Undefined index: limit D:\xampp2\htdocs\design\ThinkPHP\Library\Think\Db\Driver.class.php 第 961 行.
SQL: SELECT * FROM `sw_user` WHERE (  `nickname` LIKE '%%' OR `realname` LIKE '%%' ) ORDER BY user_id desc LIMIT 0,20   [ RunTime:0.0010s ]
SQL: SELECT * FROM `sw_user` WHERE (  `nickname` LIKE '%%' OR `realname` LIKE '%%' )  [ RunTime:0.0000s ]
NOTIC: [8] Use of undefined constant data - assumed 'data' D:\xampp2\htdocs\design\Apps\Admin\Controller\IndexController.class.php 第 66 行.
NOTIC: [8] Use of undefined constant totalCount - assumed 'totalCount' D:\xampp2\htdocs\design\Apps\Admin\Controller\IndexController.class.php 第 67 行.

[ 2015-12-10T15:02:59+08:00 ] ::1 /design/admin.php/Index/index.html
INFO: [ app_init ] --START--
INFO: Run Behavior\BuildLiteBehavior [ RunTime:0.000000s ]
INFO: [ app_init ] --END-- [ RunTime:0.000000s ]
INFO: [ app_begin ] --START--
INFO: Run Behavior\ReadHtmlCacheBehavior [ RunTime:0.001000s ]
INFO: [ app_begin ] --END-- [ RunTime:0.001000s ]
SQL: SHOW COLUMNS FROM `sw_manager` [ RunTime:0.0050s ]
INFO: [ view_parse ] --START--
INFO: [ template_filter ] --START--
INFO: Run Behavior\ContentReplaceBehavior [ RunTime:0.000000s ]
INFO: [ template_filter ] --END-- [ RunTime:0.000000s ]
INFO: Run Behavior\ParseTemplateBehavior [ RunTime:0.010001s ]
INFO: [ view_parse ] --END-- [ RunTime:0.010001s ]
INFO: [ view_filter ] --START--
INFO: Run Behavior\WriteHtmlCacheBehavior [ RunTime:0.001000s ]
INFO: [ view_filter ] --END-- [ RunTime:0.001000s ]
INFO: [ app_end ] --START--
INFO: Run Behavior\ShowPageTraceBehavior [ RunTime:0.000000s ]
INFO: [ app_end ] --END-- [ RunTime:0.001000s ]

[ 2015-12-10T15:02:59+08:00 ] ::1 /design/admin.php/Index/searchInfo?keyvalue=&pageSize=3&pageNum=1
INFO: [ app_init ] --START--
INFO: Run Behavior\BuildLiteBehavior [ RunTime:0.000000s ]
INFO: [ app_init ] --END-- [ RunTime:0.000000s ]
INFO: [ app_begin ] --START--
INFO: Run Behavior\ReadHtmlCacheBehavior [ RunTime:0.000000s ]
INFO: [ app_begin ] --END-- [ RunTime:0.000000s ]
SQL: SHOW COLUMNS FROM `sw_manager` [ RunTime:0.0030s ]
SQL: SHOW COLUMNS FROM `sw_goods` [ RunTime:0.0030s ]
SQL: SELECT * FROM `sw_goods` WHERE (  `gooddetail` LIKE '%%' OR `goodname` LIKE '%%' ) ORDER BY good_id desc LIMIT 0,3   [ RunTime:0.0000s ]
SQL: SELECT * FROM `sw_goods` WHERE (  `gooddetail` LIKE '%%' OR `goodname` LIKE '%%' )  [ RunTime:0.0000s ]
NOTIC: [8] Use of undefined constant data - assumed 'data' D:\xampp2\htdocs\design\Apps\Admin\Controller\IndexController.class.php 第 33 行.
NOTIC: [8] Use of undefined constant totalCount - assumed 'totalCount' D:\xampp2\htdocs\design\Apps\Admin\Controller\IndexController.class.php 第 34 行.

[ 2015-12-10T15:03:34+08:00 ] ::1 /design/admin.php/Index/index.html
INFO: [ app_init ] --START--
INFO: Run Behavior\BuildLiteBehavior [ RunTime:0.000000s ]
INFO: [ app_init ] --END-- [ RunTime:0.000000s ]
INFO: [ app_begin ] --START--
INFO: Run Behavior\ReadHtmlCacheBehavior [ RunTime:0.000000s ]
INFO: [ app_begin ] --END-- [ RunTime:0.000000s ]
SQL: SHOW COLUMNS FROM `sw_manager` [ RunTime:0.0040s ]
INFO: [ view_parse ] --START--
INFO: [ template_filter ] --START--
INFO: Run Behavior\ContentReplaceBehavior [ RunTime:0.000000s ]
INFO: [ template_filter ] --END-- [ RunTime:0.001000s ]
INFO: Run Behavior\ParseTemplateBehavior [ RunTime:0.008000s ]
INFO: [ view_parse ] --END-- [ RunTime:0.009000s ]
INFO: [ view_filter ] --START--
INFO: Run Behavior\WriteHtmlCacheBehavior [ RunTime:0.000000s ]
INFO: [ view_filter ] --END-- [ RunTime:0.000000s ]
INFO: [ app_end ] --START--
INFO: Run Behavior\ShowPageTraceBehavior [ RunTime:0.001000s ]
INFO: [ app_end ] --END-- [ RunTime:0.001000s ]

[ 2015-12-10T15:03:34+08:00 ] ::1 /design/admin.php/Index/searchInfo?keyvalue=&pageSize=3&pageNum=1
INFO: [ app_init ] --START--
INFO: Run Behavior\BuildLiteBehavior [ RunTime:0.000000s ]
INFO: [ app_init ] --END-- [ RunTime:0.000000s ]
INFO: [ app_begin ] --START--
INFO: Run Behavior\ReadHtmlCacheBehavior [ RunTime:0.001000s ]
INFO: [ app_begin ] --END-- [ RunTime:0.001000s ]
SQL: SHOW COLUMNS FROM `sw_manager` [ RunTime:0.0040s ]
SQL: SHOW COLUMNS FROM `sw_goods` [ RunTime:0.0030s ]
SQL: SELECT * FROM `sw_goods` WHERE (  `gooddetail` LIKE '%%' OR `goodname` LIKE '%%' ) ORDER BY good_id desc LIMIT 0,3   [ RunTime:0.0000s ]
SQL: SELECT * FROM `sw_goods` WHERE (  `gooddetail` LIKE '%%' OR `goodname` LIKE '%%' )  [ RunTime:0.0000s ]
NOTIC: [8] Use of undefined constant data - assumed 'data' D:\xampp2\htdocs\design\Apps\Admin\Controller\IndexController.class.php 第 33 行.
NOTIC: [8] Use of undefined constant totalCount - assumed 'totalCount' D:\xampp2\htdocs\design\Apps\Admin\Controller\IndexController.class.php 第 34 行.

[ 2015-12-10T15:06:27+08:00 ] ::1 /design/admin.php/Index/index.html
INFO: [ app_init ] --START--
INFO: Run Behavior\BuildLiteBehavior [ RunTime:0.000000s ]
INFO: [ app_init ] --END-- [ RunTime:0.000000s ]
INFO: [ app_begin ] --START--
INFO: Run Behavior\ReadHtmlCacheBehavior [ RunTime:0.001000s ]
INFO: [ app_begin ] --END-- [ RunTime:0.001000s ]
SQL: SHOW COLUMNS FROM `sw_manager` [ RunTime:0.0050s ]
INFO: [ view_parse ] --START--
INFO: [ template_filter ] --START--
INFO: Run Behavior\ContentReplaceBehavior [ RunTime:0.000000s ]
INFO: [ template_filter ] --END-- [ RunTime:0.000000s ]
INFO: Run Behavior\ParseTemplateBehavior [ RunTime:0.009000s ]
INFO: [ view_parse ] --END-- [ RunTime:0.009000s ]
INFO: [ view_filter ] --START--
INFO: Run Behavior\WriteHtmlCacheBehavior [ RunTime:0.001000s ]
INFO: [ view_filter ] --END-- [ RunTime:0.001000s ]
INFO: [ app_end ] --START--
INFO: Run Behavior\ShowPageTraceBehavior [ RunTime:0.000000s ]
INFO: [ app_end ] --END-- [ RunTime:0.001000s ]

[ 2015-12-10T15:06:27+08:00 ] ::1 /design/admin.php/Index/searchInfo?keyvalue=&pageSize=3&pageNum=1
INFO: [ app_init ] --START--
INFO: Run Behavior\BuildLiteBehavior [ RunTime:0.000000s ]
INFO: [ app_init ] --END-- [ RunTime:0.001000s ]
INFO: [ app_begin ] --START--
INFO: Run Behavior\ReadHtmlCacheBehavior [ RunTime:0.001001s ]
INFO: [ app_begin ] --END-- [ RunTime:0.001001s ]
SQL: SHOW COLUMNS FROM `sw_manager` [ RunTime:0.0040s ]
SQL: SHOW COLUMNS FROM `sw_goods` [ RunTime:0.0030s ]
SQL: SELECT * FROM `sw_goods` WHERE (  `gooddetail` LIKE '%%' OR `goodname` LIKE '%%' ) ORDER BY good_id desc LIMIT 0,3   [ RunTime:0.0010s ]
SQL: SELECT * FROM `sw_goods` WHERE (  `gooddetail` LIKE '%%' OR `goodname` LIKE '%%' )  [ RunTime:0.0000s ]
NOTIC: [8] Use of undefined constant data - assumed 'data' D:\xampp2\htdocs\design\Apps\Admin\Controller\IndexController.class.php 第 33 行.
NOTIC: [8] Use of undefined constant totalCount - assumed 'totalCount' D:\xampp2\htdocs\design\Apps\Admin\Controller\IndexController.class.php 第 34 行.

[ 2015-12-10T15:06:48+08:00 ] ::1 /design/admin.php/Index/index.html
INFO: [ app_init ] --START--
INFO: Run Behavior\BuildLiteBehavior [ RunTime:0.000000s ]
INFO: [ app_init ] --END-- [ RunTime:0.001000s ]
INFO: [ app_begin ] --START--
INFO: Run Behavior\ReadHtmlCacheBehavior [ RunTime:0.003000s ]
INFO: [ app_begin ] --END-- [ RunTime:0.003000s ]
SQL: SHOW COLUMNS FROM `sw_manager` [ RunTime:0.0060s ]
INFO: [ view_parse ] --START--
INFO: [ template_filter ] --START--
INFO: Run Behavior\ContentReplaceBehavior [ RunTime:0.000000s ]
INFO: [ template_filter ] --END-- [ RunTime:0.001000s ]
INFO: Run Behavior\ParseTemplateBehavior [ RunTime:0.014001s ]
INFO: [ view_parse ] --END-- [ RunTime:0.014001s ]
INFO: [ view_filter ] --START--
INFO: Run Behavior\WriteHtmlCacheBehavior [ RunTime:0.000000s ]
INFO: [ view_filter ] --END-- [ RunTime:0.000000s ]
INFO: [ app_end ] --START--
INFO: Run Behavior\ShowPageTraceBehavior [ RunTime:0.001000s ]
INFO: [ app_end ] --END-- [ RunTime:0.001000s ]

[ 2015-12-10T15:06:49+08:00 ] ::1 /design/admin.php/Index/searchInfo?keyvalue=&pageSize=3&pageNum=1
INFO: [ app_init ] --START--
INFO: Run Behavior\BuildLiteBehavior [ RunTime:0.000000s ]
INFO: [ app_init ] --END-- [ RunTime:0.000000s ]
INFO: [ app_begin ] --START--
INFO: Run Behavior\ReadHtmlCacheBehavior [ RunTime:0.001000s ]
INFO: [ app_begin ] --END-- [ RunTime:0.001000s ]
SQL: SHOW COLUMNS FROM `sw_manager` [ RunTime:0.0030s ]
SQL: SHOW COLUMNS FROM `sw_goods` [ RunTime:0.0030s ]
SQL: SELECT * FROM `sw_goods` WHERE (  `gooddetail` LIKE '%%' OR `goodname` LIKE '%%' ) ORDER BY good_id desc LIMIT 0,3   [ RunTime:0.0000s ]
SQL: SELECT * FROM `sw_goods` WHERE (  `gooddetail` LIKE '%%' OR `goodname` LIKE '%%' )  [ RunTime:0.0010s ]
NOTIC: [8] Use of undefined constant data - assumed 'data' D:\xampp2\htdocs\design\Apps\Admin\Controller\IndexController.class.php 第 33 行.
NOTIC: [8] Use of undefined constant totalCount - assumed 'totalCount' D:\xampp2\htdocs\design\Apps\Admin\Controller\IndexController.class.php 第 34 行.

[ 2015-12-10T15:12:55+08:00 ] ::1 /design/admin.php/Index/index.html
INFO: [ app_init ] --START--
INFO: Run Behavior\BuildLiteBehavior [ RunTime:0.000000s ]
INFO: [ app_init ] --END-- [ RunTime:0.001000s ]
INFO: [ app_begin ] --START--
INFO: Run Behavior\ReadHtmlCacheBehavior [ RunTime:0.001000s ]
INFO: [ app_begin ] --END-- [ RunTime:0.001000s ]
SQL: SHOW COLUMNS FROM `sw_manager` [ RunTime:0.0040s ]
INFO: [ view_parse ] --START--
INFO: [ template_filter ] --START--
INFO: Run Behavior\ContentReplaceBehavior [ RunTime:0.000000s ]
INFO: [ template_filter ] --END-- [ RunTime:0.000000s ]
INFO: Run Behavior\ParseTemplateBehavior [ RunTime:0.010000s ]
INFO: [ view_parse ] --END-- [ RunTime:0.010000s ]
INFO: [ view_filter ] --START--
INFO: Run Behavior\WriteHtmlCacheBehavior [ RunTime:0.000000s ]
INFO: [ view_filter ] --END-- [ RunTime:0.000000s ]
INFO: [ app_end ] --START--
INFO: Run Behavior\ShowPageTraceBehavior [ RunTime:0.001000s ]
INFO: [ app_end ] --END-- [ RunTime:0.001000s ]

[ 2015-12-10T15:12:55+08:00 ] ::1 /design/admin.php/Index/searchInfo?keyvalue=&pageSize=3&pageNum=1
INFO: [ app_init ] --START--
INFO: Run Behavior\BuildLiteBehavior [ RunTime:0.000000s ]
INFO: [ app_init ] --END-- [ RunTime:0.000000s ]
INFO: [ app_begin ] --START--
INFO: Run Behavior\ReadHtmlCacheBehavior [ RunTime:0.000000s ]
INFO: [ app_begin ] --END-- [ RunTime:0.000000s ]
SQL: SHOW COLUMNS FROM `sw_manager` [ RunTime:0.0030s ]
SQL: SHOW COLUMNS FROM `sw_goods` [ RunTime:0.0030s ]
SQL: SELECT * FROM `sw_goods` WHERE (  `gooddetail` LIKE '%%' OR `goodname` LIKE '%%' ) ORDER BY good_id desc LIMIT 0,3   [ RunTime:0.0000s ]
SQL: SELECT * FROM `sw_goods` WHERE (  `gooddetail` LIKE '%%' OR `goodname` LIKE '%%' )  [ RunTime:0.0000s ]
NOTIC: [8] Use of undefined constant data - assumed 'data' D:\xampp2\htdocs\design\Apps\Admin\Controller\IndexController.class.php 第 33 行.
NOTIC: [8] Use of undefined constant totalCount - assumed 'totalCount' D:\xampp2\htdocs\design\Apps\Admin\Controller\IndexController.class.php 第 34 行.

[ 2015-12-10T15:12:57+08:00 ] ::1 /design/admin.php/Index/searchUser?keyvalue=&pageNum=1
INFO: [ app_init ] --START--
INFO: Run Behavior\BuildLiteBehavior [ RunTime:0.000000s ]
INFO: [ app_init ] --END-- [ RunTime:0.001000s ]
INFO: [ app_begin ] --START--
INFO: Run Behavior\ReadHtmlCacheBehavior [ RunTime:0.002000s ]
INFO: [ app_begin ] --END-- [ RunTime:0.002000s ]
SQL: SHOW COLUMNS FROM `sw_manager` [ RunTime:0.0040s ]
SQL: SHOW COLUMNS FROM `sw_user` [ RunTime:0.0040s ]
NOTIC: [8] Undefined index: limit D:\xampp2\htdocs\design\ThinkPHP\Library\Think\Db\Driver.class.php 第 961 行.
SQL: SELECT * FROM `sw_user` WHERE (  `nickname` LIKE '%%' OR `realname` LIKE '%%' ) ORDER BY user_id desc LIMIT 0,20   [ RunTime:0.0000s ]
SQL: SELECT * FROM `sw_user` WHERE (  `nickname` LIKE '%%' OR `realname` LIKE '%%' )  [ RunTime:0.0000s ]
NOTIC: [8] Use of undefined constant data - assumed 'data' D:\xampp2\htdocs\design\Apps\Admin\Controller\IndexController.class.php 第 66 行.
NOTIC: [8] Use of undefined constant totalCount - assumed 'totalCount' D:\xampp2\htdocs\design\Apps\Admin\Controller\IndexController.class.php 第 67 行.

[ 2015-12-10T15:13:08+08:00 ] ::1 /design/admin.php/Index/searchUser?keyvalue=&pageNum=1
INFO: [ app_init ] --START--
INFO: Run Behavior\BuildLiteBehavior [ RunTime:0.000000s ]
INFO: [ app_init ] --END-- [ RunTime:0.000000s ]
INFO: [ app_begin ] --START--
INFO: Run Behavior\ReadHtmlCacheBehavior [ RunTime:0.001000s ]
INFO: [ app_begin ] --END-- [ RunTime:0.001000s ]
SQL: SHOW COLUMNS FROM `sw_manager` [ RunTime:0.0040s ]
SQL: SHOW COLUMNS FROM `sw_user` [ RunTime:0.0030s ]
NOTIC: [8] Undefined index: limit D:\xampp2\htdocs\design\ThinkPHP\Library\Think\Db\Driver.class.php 第 961 行.
SQL: SELECT * FROM `sw_user` WHERE (  `nickname` LIKE '%%' OR `realname` LIKE '%%' ) ORDER BY user_id desc LIMIT 0,20   [ RunTime:0.0000s ]
SQL: SELECT * FROM `sw_user` WHERE (  `nickname` LIKE '%%' OR `realname` LIKE '%%' )  [ RunTime:0.0010s ]
NOTIC: [8] Use of undefined constant data - assumed 'data' D:\xampp2\htdocs\design\Apps\Admin\Controller\IndexController.class.php 第 66 行.
NOTIC: [8] Use of undefined constant totalCount - assumed 'totalCount' D:\xampp2\htdocs\design\Apps\Admin\Controller\IndexController.class.php 第 67 行.

[ 2015-12-10T15:13:37+08:00 ] ::1 /design/admin.php/Index/index.html
INFO: [ app_init ] --START--
INFO: Run Behavior\BuildLiteBehavior [ RunTime:0.000000s ]
INFO: [ app_init ] --END-- [ RunTime:0.001000s ]
INFO: [ app_begin ] --START--
INFO: Run Behavior\ReadHtmlCacheBehavior [ RunTime:0.001000s ]
INFO: [ app_begin ] --END-- [ RunTime:0.001000s ]
SQL: SHOW COLUMNS FROM `sw_manager` [ RunTime:0.0040s ]
INFO: [ view_parse ] --START--
INFO: [ template_filter ] --START--
INFO: Run Behavior\ContentReplaceBehavior [ RunTime:0.000000s ]
INFO: [ template_filter ] --END-- [ RunTime:0.000000s ]
INFO: Run Behavior\ParseTemplateBehavior [ RunTime:0.008000s ]
INFO: [ view_parse ] --END-- [ RunTime:0.008000s ]
INFO: [ view_filter ] --START--
INFO: Run Behavior\WriteHtmlCacheBehavior [ RunTime:0.001000s ]
INFO: [ view_filter ] --END-- [ RunTime:0.001000s ]
INFO: [ app_end ] --START--
INFO: Run Behavior\ShowPageTraceBehavior [ RunTime:0.001000s ]
INFO: [ app_end ] --END-- [ RunTime:0.001000s ]

[ 2015-12-10T15:13:37+08:00 ] ::1 /design/admin.php/Index/searchInfo?keyvalue=&pageSize=3&pageNum=1
INFO: [ app_init ] --START--
INFO: Run Behavior\BuildLiteBehavior [ RunTime:0.000000s ]
INFO: [ app_init ] --END-- [ RunTime:0.000000s ]
INFO: [ app_begin ] --START--
INFO: Run Behavior\ReadHtmlCacheBehavior [ RunTime:0.001000s ]
INFO: [ app_begin ] --END-- [ RunTime:0.001000s ]
SQL: SHOW COLUMNS FROM `sw_manager` [ RunTime:0.0040s ]
SQL: SHOW COLUMNS FROM `sw_goods` [ RunTime:0.0050s ]
SQL: SELECT * FROM `sw_goods` WHERE (  `gooddetail` LIKE '%%' OR `goodname` LIKE '%%' ) ORDER BY good_id desc LIMIT 0,3   [ RunTime:0.0000s ]
SQL: SELECT * FROM `sw_goods` WHERE (  `gooddetail` LIKE '%%' OR `goodname` LIKE '%%' )  [ RunTime:0.0010s ]
NOTIC: [8] Use of undefined constant data - assumed 'data' D:\xampp2\htdocs\design\Apps\Admin\Controller\IndexController.class.php 第 33 行.
NOTIC: [8] Use of undefined constant totalCount - assumed 'totalCount' D:\xampp2\htdocs\design\Apps\Admin\Controller\IndexController.class.php 第 34 行.

[ 2015-12-10T15:13:38+08:00 ] ::1 /design/admin.php/Index/searchUser?keyvalue=&pageNum=1
INFO: [ app_init ] --START--
INFO: Run Behavior\BuildLiteBehavior [ RunTime:0.000000s ]
INFO: [ app_init ] --END-- [ RunTime:0.000000s ]
INFO: [ app_begin ] --START--
INFO: Run Behavior\ReadHtmlCacheBehavior [ RunTime:0.001000s ]
INFO: [ app_begin ] --END-- [ RunTime:0.001000s ]
SQL: SHOW COLUMNS FROM `sw_manager` [ RunTime:0.0050s ]
SQL: SHOW COLUMNS FROM `sw_user` [ RunTime:0.0050s ]
NOTIC: [8] Undefined index: limit D:\xampp2\htdocs\design\ThinkPHP\Library\Think\Db\Driver.class.php 第 961 行.
SQL: SELECT * FROM `sw_user` WHERE (  `nickname` LIKE '%%' OR `realname` LIKE '%%' ) ORDER BY user_id desc LIMIT 0,20   [ RunTime:0.0010s ]
SQL: SELECT * FROM `sw_user` WHERE (  `nickname` LIKE '%%' OR `realname` LIKE '%%' )  [ RunTime:0.0010s ]
NOTIC: [8] Use of undefined constant data - assumed 'data' D:\xampp2\htdocs\design\Apps\Admin\Controller\IndexController.class.php 第 66 行.
NOTIC: [8] Use of undefined constant totalCount - assumed 'totalCount' D:\xampp2\htdocs\design\Apps\Admin\Controller\IndexController.class.php 第 67 行.

[ 2015-12-10T15:29:20+08:00 ] ::1 /design/admin.php/Index/index.html
INFO: [ app_init ] --START--
INFO: Run Behavior\BuildLiteBehavior [ RunTime:0.000000s ]
INFO: [ app_init ] --END-- [ RunTime:0.001000s ]
INFO: [ app_begin ] --START--
INFO: Run Behavior\ReadHtmlCacheBehavior [ RunTime:0.001000s ]
INFO: [ app_begin ] --END-- [ RunTime:0.001000s ]
SQL: SHOW COLUMNS FROM `sw_manager` [ RunTime:0.0030s ]
INFO: [ view_parse ] --START--
INFO: [ template_filter ] --START--
INFO: Run Behavior\ContentReplaceBehavior [ RunTime:0.000000s ]
INFO: [ template_filter ] --END-- [ RunTime:0.000000s ]
INFO: Run Behavior\ParseTemplateBehavior [ RunTime:0.008001s ]
INFO: [ view_parse ] --END-- [ RunTime:0.008001s ]
INFO: [ view_filter ] --START--
INFO: Run Behavior\WriteHtmlCacheBehavior [ RunTime:0.001000s ]
INFO: [ view_filter ] --END-- [ RunTime:0.001000s ]
INFO: [ app_end ] --START--
INFO: Run Behavior\ShowPageTraceBehavior [ RunTime:0.000000s ]
INFO: [ app_end ] --END-- [ RunTime:0.000000s ]

[ 2015-12-10T15:29:20+08:00 ] ::1 /design/admin.php/Index/searchInfo?keyvalue=&pageSize=3&pageNum=1
INFO: [ app_init ] --START--
INFO: Run Behavior\BuildLiteBehavior [ RunTime:0.000000s ]
INFO: [ app_init ] --END-- [ RunTime:0.000000s ]
INFO: [ app_begin ] --START--
INFO: Run Behavior\ReadHtmlCacheBehavior [ RunTime:0.000000s ]
INFO: [ app_begin ] --END-- [ RunTime:0.001000s ]
SQL: SHOW COLUMNS FROM `sw_manager` [ RunTime:0.0030s ]
SQL: SHOW COLUMNS FROM `sw_goods` [ RunTime:0.0030s ]
SQL: SELECT * FROM `sw_goods` WHERE (  `gooddetail` LIKE '%%' OR `goodname` LIKE '%%' ) ORDER BY good_id desc LIMIT 0,3   [ RunTime:0.0000s ]
SQL: SELECT * FROM `sw_goods` WHERE (  `gooddetail` LIKE '%%' OR `goodname` LIKE '%%' )  [ RunTime:0.0010s ]
NOTIC: [8] Use of undefined constant data - assumed 'data' D:\xampp2\htdocs\design\Apps\Admin\Controller\IndexController.class.php 第 33 行.
NOTIC: [8] Use of undefined constant totalCount - assumed 'totalCount' D:\xampp2\htdocs\design\Apps\Admin\Controller\IndexController.class.php 第 34 行.

[ 2015-12-10T21:53:28+08:00 ] ::1 /design/admin.php/Index/searchUser?keyvalue=&pageNum=1
INFO: [ app_init ] --START--
INFO: Run Behavior\BuildLiteBehavior [ RunTime:0.000000s ]
INFO: [ app_init ] --END-- [ RunTime:0.000000s ]
INFO: [ app_begin ] --START--
INFO: Run Behavior\ReadHtmlCacheBehavior [ RunTime:0.000000s ]
INFO: [ app_begin ] --END-- [ RunTime:0.000000s ]
SQL: SHOW COLUMNS FROM `sw_manager` [ RunTime:0.0030s ]
SQL: SHOW COLUMNS FROM `sw_user` [ RunTime:0.0030s ]
NOTIC: [8] Undefined index: limit D:\xampp2\htdocs\design\ThinkPHP\Library\Think\Db\Driver.class.php 第 961 行.
SQL: SELECT * FROM `sw_user` WHERE (  `nickname` LIKE '%%' OR `realname` LIKE '%%' ) ORDER BY user_id desc LIMIT 0,20   [ RunTime:0.0000s ]
SQL: SELECT * FROM `sw_user` WHERE (  `nickname` LIKE '%%' OR `realname` LIKE '%%' )  [ RunTime:0.0000s ]
NOTIC: [8] Use of undefined constant data - assumed 'data' D:\xampp2\htdocs\design\Apps\Admin\Controller\IndexController.class.php 第 66 行.
NOTIC: [8] Use of undefined constant totalCount - assumed 'totalCount' D:\xampp2\htdocs\design\Apps\Admin\Controller\IndexController.class.php 第 67 行.

[ 2015-12-10T22:08:19+08:00 ] ::1 /design/admin.php/Index/index.html
INFO: [ app_init ] --START--
INFO: Run Behavior\BuildLiteBehavior [ RunTime:0.000000s ]
INFO: [ app_init ] --END-- [ RunTime:0.000000s ]
INFO: [ app_begin ] --START--
INFO: Run Behavior\ReadHtmlCacheBehavior [ RunTime:0.001000s ]
INFO: [ app_begin ] --END-- [ RunTime:0.001000s ]
SQL: SHOW COLUMNS FROM `sw_manager` [ RunTime:0.0030s ]
INFO: [ view_parse ] --START--
INFO: Run Behavior\ParseTemplateBehavior [ RunTime:0.001000s ]
INFO: [ view_parse ] --END-- [ RunTime:0.001000s ]
INFO: [ view_filter ] --START--
INFO: Run Behavior\WriteHtmlCacheBehavior [ RunTime:0.001000s ]
INFO: [ view_filter ] --END-- [ RunTime:0.001000s ]
INFO: [ app_end ] --START--
INFO: Run Behavior\ShowPageTraceBehavior [ RunTime:0.000000s ]
INFO: [ app_end ] --END-- [ RunTime:0.000000s ]

[ 2015-12-10T22:08:21+08:00 ] ::1 /design/admin.php/login/index.html
INFO: [ app_init ] --START--
INFO: Run Behavior\BuildLiteBehavior [ RunTime:0.000000s ]
INFO: [ app_init ] --END-- [ RunTime:0.001000s ]
INFO: [ app_begin ] --START--
INFO: Run Behavior\ReadHtmlCacheBehavior [ RunTime:0.001000s ]
INFO: [ app_begin ] --END-- [ RunTime:0.001000s ]
INFO: [ view_parse ] --START--
INFO: [ template_filter ] --START--
INFO: Run Behavior\ContentReplaceBehavior [ RunTime:0.000000s ]
INFO: [ template_filter ] --END-- [ RunTime:0.000000s ]
INFO: Run Behavior\ParseTemplateBehavior [ RunTime:0.100006s ]
INFO: [ view_parse ] --END-- [ RunTime:0.100006s ]
INFO: [ view_filter ] --START--
INFO: Run Behavior\WriteHtmlCacheBehavior [ RunTime:0.001000s ]
INFO: [ view_filter ] --END-- [ RunTime:0.001000s ]
INFO: [ app_end ] --START--
INFO: Run Behavior\ShowPageTraceBehavior [ RunTime:0.000000s ]
INFO: [ app_end ] --END-- [ RunTime:0.001000s ]

[ 2015-12-10T22:08:25+08:00 ] ::1 /design/admin.php/login/Login/login
INFO: [ app_init ] --START--
INFO: Run Behavior\BuildLiteBehavior [ RunTime:0.000000s ]
INFO: [ app_init ] --END-- [ RunTime:0.000000s ]
INFO: [ app_begin ] --START--
INFO: Run Behavior\ReadHtmlCacheBehavior [ RunTime:0.000000s ]
INFO: [ app_begin ] --END-- [ RunTime:0.000000s ]
SQL: SHOW COLUMNS FROM `sw_manager` [ RunTime:0.0030s ]
SQL: SELECT * FROM `sw_manager` WHERE `username` = '小花' LIMIT 1   [ RunTime:0.0070s ]

[ 2015-12-10T22:08:25+08:00 ] ::1 /design/admin.php/Index/index.html
INFO: [ app_init ] --START--
INFO: Run Behavior\BuildLiteBehavior [ RunTime:0.000000s ]
INFO: [ app_init ] --END-- [ RunTime:0.001001s ]
INFO: [ app_begin ] --START--
INFO: Run Behavior\ReadHtmlCacheBehavior [ RunTime:0.000000s ]
INFO: [ app_begin ] --END-- [ RunTime:0.001000s ]
SQL: SHOW COLUMNS FROM `sw_manager` [ RunTime:0.0030s ]
INFO: [ view_parse ] --START--
INFO: [ template_filter ] --START--
INFO: Run Behavior\ContentReplaceBehavior [ RunTime:0.000000s ]
INFO: [ template_filter ] --END-- [ RunTime:0.000000s ]
INFO: Run Behavior\ParseTemplateBehavior [ RunTime:0.012000s ]
INFO: [ view_parse ] --END-- [ RunTime:0.012000s ]
INFO: [ view_filter ] --START--
INFO: Run Behavior\WriteHtmlCacheBehavior [ RunTime:0.000000s ]
INFO: [ view_filter ] --END-- [ RunTime:0.000000s ]
INFO: [ app_end ] --START--
INFO: Run Behavior\ShowPageTraceBehavior [ RunTime:0.001000s ]
INFO: [ app_end ] --END-- [ RunTime:0.001000s ]

[ 2015-12-10T22:08:26+08:00 ] ::1 /design/admin.php/Index/searchInfo?keyvalue=&pageSize=3&pageNum=1
INFO: [ app_init ] --START--
INFO: Run Behavior\BuildLiteBehavior [ RunTime:0.000000s ]
INFO: [ app_init ] --END-- [ RunTime:0.000000s ]
INFO: [ app_begin ] --START--
INFO: Run Behavior\ReadHtmlCacheBehavior [ RunTime:0.001000s ]
INFO: [ app_begin ] --END-- [ RunTime:0.001000s ]
SQL: SHOW COLUMNS FROM `sw_manager` [ RunTime:0.0030s ]
SQL: SHOW COLUMNS FROM `sw_goods` [ RunTime:0.0030s ]
SQL: SELECT * FROM `sw_goods` WHERE (  `gooddetail` LIKE '%%' OR `goodname` LIKE '%%' ) ORDER BY good_id desc LIMIT 0,3   [ RunTime:0.0010s ]
SQL: SELECT * FROM `sw_goods` WHERE (  `gooddetail` LIKE '%%' OR `goodname` LIKE '%%' )  [ RunTime:0.0000s ]
NOTIC: [8] Use of undefined constant data - assumed 'data' D:\xampp2\htdocs\design\Apps\Admin\Controller\IndexController.class.php 第 33 行.
NOTIC: [8] Use of undefined constant totalCount - assumed 'totalCount' D:\xampp2\htdocs\design\Apps\Admin\Controller\IndexController.class.php 第 34 行.

[ 2015-12-10T22:08:28+08:00 ] ::1 /design/admin.php/Index/searchUser?keyvalue=&pageNum=1
INFO: [ app_init ] --START--
INFO: Run Behavior\BuildLiteBehavior [ RunTime:0.000000s ]
INFO: [ app_init ] --END-- [ RunTime:0.000000s ]
INFO: [ app_begin ] --START--
INFO: Run Behavior\ReadHtmlCacheBehavior [ RunTime:0.000000s ]
INFO: [ app_begin ] --END-- [ RunTime:0.000000s ]
SQL: SHOW COLUMNS FROM `sw_manager` [ RunTime:0.0040s ]
SQL: SHOW COLUMNS FROM `sw_user` [ RunTime:0.0030s ]
NOTIC: [8] Undefined index: limit D:\xampp2\htdocs\design\ThinkPHP\Library\Think\Db\Driver.class.php 第 961 行.
SQL: SELECT * FROM `sw_user` WHERE (  `nickname` LIKE '%%' OR `realname` LIKE '%%' ) ORDER BY user_id desc LIMIT 0,20   [ RunTime:0.0010s ]
SQL: SELECT * FROM `sw_user` WHERE (  `nickname` LIKE '%%' OR `realname` LIKE '%%' )  [ RunTime:0.0000s ]
NOTIC: [8] Use of undefined constant data - assumed 'data' D:\xampp2\htdocs\design\Apps\Admin\Controller\IndexController.class.php 第 66 行.
NOTIC: [8] Use of undefined constant totalCount - assumed 'totalCount' D:\xampp2\htdocs\design\Apps\Admin\Controller\IndexController.class.php 第 67 行.

[ 2015-12-10T22:10:54+08:00 ] ::1 /design/admin.php/Index/index.html
INFO: [ app_init ] --START--
INFO: Run Behavior\BuildLiteBehavior [ RunTime:0.000000s ]
INFO: [ app_init ] --END-- [ RunTime:0.000000s ]
INFO: [ app_begin ] --START--
INFO: Run Behavior\ReadHtmlCacheBehavior [ RunTime:0.001000s ]
INFO: [ app_begin ] --END-- [ RunTime:0.001000s ]
SQL: SHOW COLUMNS FROM `sw_manager` [ RunTime:0.0030s ]
INFO: [ view_parse ] --START--
INFO: [ template_filter ] --START--
INFO: Run Behavior\ContentReplaceBehavior [ RunTime:0.000000s ]
INFO: [ template_filter ] --END-- [ RunTime:0.000000s ]
INFO: Run Behavior\ParseTemplateBehavior [ RunTime:0.007001s ]
INFO: [ view_parse ] --END-- [ RunTime:0.007001s ]
INFO: [ view_filter ] --START--
INFO: Run Behavior\WriteHtmlCacheBehavior [ RunTime:0.000000s ]
INFO: [ view_filter ] --END-- [ RunTime:0.000000s ]
INFO: [ app_end ] --START--
INFO: Run Behavior\ShowPageTraceBehavior [ RunTime:0.001000s ]
INFO: [ app_end ] --END-- [ RunTime:0.001000s ]

[ 2015-12-10T22:10:55+08:00 ] ::1 /design/admin.php/Index/searchInfo?keyvalue=&pageSize=3&pageNum=1
INFO: [ app_init ] --START--
INFO: Run Behavior\BuildLiteBehavior [ RunTime:0.000000s ]
INFO: [ app_init ] --END-- [ RunTime:0.000000s ]
INFO: [ app_begin ] --START--
INFO: Run Behavior\ReadHtmlCacheBehavior [ RunTime:0.002001s ]
INFO: [ app_begin ] --END-- [ RunTime:0.002001s ]
SQL: SHOW COLUMNS FROM `sw_manager` [ RunTime:0.0030s ]
SQL: SHOW COLUMNS FROM `sw_goods` [ RunTime:0.0040s ]
SQL: SELECT * FROM `sw_goods` WHERE (  `gooddetail` LIKE '%%' OR `goodname` LIKE '%%' ) ORDER BY good_id desc LIMIT 0,3   [ RunTime:0.0000s ]
SQL: SELECT * FROM `sw_goods` WHERE (  `gooddetail` LIKE '%%' OR `goodname` LIKE '%%' )  [ RunTime:0.0000s ]
NOTIC: [8] Use of undefined constant data - assumed 'data' D:\xampp2\htdocs\design\Apps\Admin\Controller\IndexController.class.php 第 33 行.
NOTIC: [8] Use of undefined constant totalCount - assumed 'totalCount' D:\xampp2\htdocs\design\Apps\Admin\Controller\IndexController.class.php 第 34 行.

[ 2015-12-10T22:10:55+08:00 ] ::1 /design/admin.php/Index/searchUser?keyvalue=&pageNum=1
INFO: [ app_init ] --START--
INFO: Run Behavior\BuildLiteBehavior [ RunTime:0.000000s ]
INFO: [ app_init ] --END-- [ RunTime:0.000000s ]
INFO: [ app_begin ] --START--
INFO: Run Behavior\ReadHtmlCacheBehavior [ RunTime:0.001000s ]
INFO: [ app_begin ] --END-- [ RunTime:0.001000s ]
SQL: SHOW COLUMNS FROM `sw_manager` [ RunTime:0.0030s ]
SQL: SHOW COLUMNS FROM `sw_user` [ RunTime:0.0030s ]
NOTIC: [8] Undefined index: limit D:\xampp2\htdocs\design\ThinkPHP\Library\Think\Db\Driver.class.php 第 961 行.
SQL: SELECT * FROM `sw_user` WHERE (  `nickname` LIKE '%%' OR `realname` LIKE '%%' ) ORDER BY user_id desc LIMIT 0,20   [ RunTime:0.0000s ]
SQL: SELECT * FROM `sw_user` WHERE (  `nickname` LIKE '%%' OR `realname` LIKE '%%' )  [ RunTime:0.0010s ]
NOTIC: [8] Use of undefined constant data - assumed 'data' D:\xampp2\htdocs\design\Apps\Admin\Controller\IndexController.class.php 第 66 行.
NOTIC: [8] Use of undefined constant totalCount - assumed 'totalCount' D:\xampp2\htdocs\design\Apps\Admin\Controller\IndexController.class.php 第 67 行.

[ 2015-12-10T22:13:26+08:00 ] ::1 /design/admin.php/Index/index.html
INFO: [ app_init ] --START--
INFO: Run Behavior\BuildLiteBehavior [ RunTime:0.000000s ]
INFO: [ app_init ] --END-- [ RunTime:0.000000s ]
INFO: [ app_begin ] --START--
INFO: Run Behavior\ReadHtmlCacheBehavior [ RunTime:0.001000s ]
INFO: [ app_begin ] --END-- [ RunTime:0.001000s ]
SQL: SHOW COLUMNS FROM `sw_manager` [ RunTime:0.0030s ]
INFO: [ view_parse ] --START--
INFO: [ template_filter ] --START--
INFO: Run Behavior\ContentReplaceBehavior [ RunTime:0.000000s ]
INFO: [ template_filter ] --END-- [ RunTime:0.001000s ]
INFO: Run Behavior\ParseTemplateBehavior [ RunTime:0.007001s ]
INFO: [ view_parse ] --END-- [ RunTime:0.007001s ]
INFO: [ view_filter ] --START--
INFO: Run Behavior\WriteHtmlCacheBehavior [ RunTime:0.001000s ]
INFO: [ view_filter ] --END-- [ RunTime:0.001000s ]
INFO: [ app_end ] --START--
INFO: Run Behavior\ShowPageTraceBehavior [ RunTime:0.001000s ]
INFO: [ app_end ] --END-- [ RunTime:0.001000s ]

[ 2015-12-10T22:13:27+08:00 ] ::1 /design/admin.php/Index/searchInfo?keyvalue=&pageSize=3&pageNum=1
INFO: [ app_init ] --START--
INFO: Run Behavior\BuildLiteBehavior [ RunTime:0.000000s ]
INFO: [ app_init ] --END-- [ RunTime:0.000000s ]
INFO: [ app_begin ] --START--
INFO: Run Behavior\ReadHtmlCacheBehavior [ RunTime:0.001000s ]
INFO: [ app_begin ] --END-- [ RunTime:0.001000s ]
SQL: SHOW COLUMNS FROM `sw_manager` [ RunTime:0.0030s ]
SQL: SHOW COLUMNS FROM `sw_goods` [ RunTime:0.0030s ]
SQL: SELECT * FROM `sw_goods` WHERE (  `gooddetail` LIKE '%%' OR `goodname` LIKE '%%' ) ORDER BY good_id desc LIMIT 0,3   [ RunTime:0.0000s ]
SQL: SELECT * FROM `sw_goods` WHERE (  `gooddetail` LIKE '%%' OR `goodname` LIKE '%%' )  [ RunTime:0.0010s ]
NOTIC: [8] Use of undefined constant data - assumed 'data' D:\xampp2\htdocs\design\Apps\Admin\Controller\IndexController.class.php 第 33 行.
NOTIC: [8] Use of undefined constant totalCount - assumed 'totalCount' D:\xampp2\htdocs\design\Apps\Admin\Controller\IndexController.class.php 第 34 行.

[ 2015-12-10T22:13:28+08:00 ] ::1 /design/admin.php/Index/searchUser?keyvalue=&pageNum=1
INFO: [ app_init ] --START--
INFO: Run Behavior\BuildLiteBehavior [ RunTime:0.000000s ]
INFO: [ app_init ] --END-- [ RunTime:0.000000s ]
INFO: [ app_begin ] --START--
INFO: Run Behavior\ReadHtmlCacheBehavior [ RunTime:0.001001s ]
INFO: [ app_begin ] --END-- [ RunTime:0.001001s ]
SQL: SHOW COLUMNS FROM `sw_manager` [ RunTime:0.0050s ]
SQL: SHOW COLUMNS FROM `sw_user` [ RunTime:0.0040s ]
NOTIC: [8] Undefined index: limit D:\xampp2\htdocs\design\ThinkPHP\Library\Think\Db\Driver.class.php 第 961 行.
SQL: SELECT * FROM `sw_user` WHERE (  `nickname` LIKE '%%' OR `realname` LIKE '%%' ) ORDER BY user_id desc LIMIT 0,20   [ RunTime:0.0000s ]
SQL: SELECT * FROM `sw_user` WHERE (  `nickname` LIKE '%%' OR `realname` LIKE '%%' )  [ RunTime:0.0000s ]
NOTIC: [8] Use of undefined constant data - assumed 'data' D:\xampp2\htdocs\design\Apps\Admin\Controller\IndexController.class.php 第 66 行.
NOTIC: [8] Use of undefined constant totalCount - assumed 'totalCount' D:\xampp2\htdocs\design\Apps\Admin\Controller\IndexController.class.php 第 67 行.

[ 2015-12-10T22:16:03+08:00 ] ::1 /design/admin.php/Index/index.html
INFO: [ app_init ] --START--
INFO: Run Behavior\BuildLiteBehavior [ RunTime:0.000000s ]
INFO: [ app_init ] --END-- [ RunTime:0.000000s ]
INFO: [ app_begin ] --START--
INFO: Run Behavior\ReadHtmlCacheBehavior [ RunTime:0.001000s ]
INFO: [ app_begin ] --END-- [ RunTime:0.001000s ]
SQL: SHOW COLUMNS FROM `sw_manager` [ RunTime:0.0030s ]
INFO: [ view_parse ] --START--
INFO: [ template_filter ] --START--
INFO: Run Behavior\ContentReplaceBehavior [ RunTime:0.000000s ]
INFO: [ template_filter ] --END-- [ RunTime:0.001000s ]
INFO: Run Behavior\ParseTemplateBehavior [ RunTime:0.008000s ]
INFO: [ view_parse ] --END-- [ RunTime:0.008000s ]
INFO: [ view_filter ] --START--
INFO: Run Behavior\WriteHtmlCacheBehavior [ RunTime:0.000000s ]
INFO: [ view_filter ] --END-- [ RunTime:0.000000s ]
INFO: [ app_end ] --START--
INFO: Run Behavior\ShowPageTraceBehavior [ RunTime:0.001000s ]
INFO: [ app_end ] --END-- [ RunTime:0.001000s ]

[ 2015-12-10T22:16:04+08:00 ] ::1 /design/admin.php/Index/searchInfo?keyvalue=&pageSize=3&pageNum=1
INFO: [ app_init ] --START--
INFO: Run Behavior\BuildLiteBehavior [ RunTime:0.000000s ]
INFO: [ app_init ] --END-- [ RunTime:0.000000s ]
INFO: [ app_begin ] --START--
INFO: Run Behavior\ReadHtmlCacheBehavior [ RunTime:0.000000s ]
INFO: [ app_begin ] --END-- [ RunTime:0.000000s ]
SQL: SHOW COLUMNS FROM `sw_manager` [ RunTime:0.0030s ]
SQL: SHOW COLUMNS FROM `sw_goods` [ RunTime:0.0030s ]
SQL: SELECT * FROM `sw_goods` WHERE (  `gooddetail` LIKE '%%' OR `goodname` LIKE '%%' ) ORDER BY good_id desc LIMIT 0,3   [ RunTime:0.0000s ]
SQL: SELECT * FROM `sw_goods` WHERE (  `gooddetail` LIKE '%%' OR `goodname` LIKE '%%' )  [ RunTime:0.0000s ]
NOTIC: [8] Use of undefined constant data - assumed 'data' D:\xampp2\htdocs\design\Apps\Admin\Controller\IndexController.class.php 第 33 行.
NOTIC: [8] Use of undefined constant totalCount - assumed 'totalCount' D:\xampp2\htdocs\design\Apps\Admin\Controller\IndexController.class.php 第 34 行.

[ 2015-12-10T22:16:05+08:00 ] ::1 /design/admin.php/Index/searchUser?keyvalue=&pageNum=1
INFO: [ app_init ] --START--
INFO: Run Behavior\BuildLiteBehavior [ RunTime:0.000000s ]
INFO: [ app_init ] --END-- [ RunTime:0.000000s ]
INFO: [ app_begin ] --START--
INFO: Run Behavior\ReadHtmlCacheBehavior [ RunTime:0.002000s ]
INFO: [ app_begin ] --END-- [ RunTime:0.002000s ]
SQL: SHOW COLUMNS FROM `sw_manager` [ RunTime:0.0030s ]
SQL: SHOW COLUMNS FROM `sw_user` [ RunTime:0.0030s ]
NOTIC: [8] Undefined index: limit D:\xampp2\htdocs\design\ThinkPHP\Library\Think\Db\Driver.class.php 第 961 行.
SQL: SELECT * FROM `sw_user` WHERE (  `nickname` LIKE '%%' OR `realname` LIKE '%%' ) ORDER BY user_id desc LIMIT 0,20   [ RunTime:0.0000s ]
SQL: SELECT * FROM `sw_user` WHERE (  `nickname` LIKE '%%' OR `realname` LIKE '%%' )  [ RunTime:0.0000s ]
NOTIC: [8] Use of undefined constant data - assumed 'data' D:\xampp2\htdocs\design\Apps\Admin\Controller\IndexController.class.php 第 66 行.
NOTIC: [8] Use of undefined constant totalCount - assumed 'totalCount' D:\xampp2\htdocs\design\Apps\Admin\Controller\IndexController.class.php 第 67 行.

[ 2015-12-10T22:16:15+08:00 ] ::1 /design/admin.php/Index/index.html
INFO: [ app_init ] --START--
INFO: Run Behavior\BuildLiteBehavior [ RunTime:0.000000s ]
INFO: [ app_init ] --END-- [ RunTime:0.001000s ]
INFO: [ app_begin ] --START--
INFO: Run Behavior\ReadHtmlCacheBehavior [ RunTime:0.001000s ]
INFO: [ app_begin ] --END-- [ RunTime:0.001000s ]
SQL: SHOW COLUMNS FROM `sw_manager` [ RunTime:0.0030s ]
INFO: [ view_parse ] --START--
INFO: [ template_filter ] --START--
INFO: Run Behavior\ContentReplaceBehavior [ RunTime:0.000000s ]
INFO: [ template_filter ] --END-- [ RunTime:0.000000s ]
INFO: Run Behavior\ParseTemplateBehavior [ RunTime:0.006001s ]
INFO: [ view_parse ] --END-- [ RunTime:0.006001s ]
INFO: [ view_filter ] --START--
INFO: Run Behavior\WriteHtmlCacheBehavior [ RunTime:0.000000s ]
INFO: [ view_filter ] --END-- [ RunTime:0.000000s ]
INFO: [ app_end ] --START--
INFO: Run Behavior\ShowPageTraceBehavior [ RunTime:0.001000s ]
INFO: [ app_end ] --END-- [ RunTime:0.001000s ]

[ 2015-12-10T22:16:16+08:00 ] ::1 /design/admin.php/Index/searchInfo?keyvalue=&pageSize=3&pageNum=1
INFO: [ app_init ] --START--
INFO: Run Behavior\BuildLiteBehavior [ RunTime:0.000000s ]
INFO: [ app_init ] --END-- [ RunTime:0.001000s ]
INFO: [ app_begin ] --START--
INFO: Run Behavior\ReadHtmlCacheBehavior [ RunTime:0.000000s ]
INFO: [ app_begin ] --END-- [ RunTime:0.001000s ]
SQL: SHOW COLUMNS FROM `sw_manager` [ RunTime:0.0030s ]
SQL: SHOW COLUMNS FROM `sw_goods` [ RunTime:0.0040s ]
SQL: SELECT * FROM `sw_goods` WHERE (  `gooddetail` LIKE '%%' OR `goodname` LIKE '%%' ) ORDER BY good_id desc LIMIT 0,3   [ RunTime:0.0000s ]
SQL: SELECT * FROM `sw_goods` WHERE (  `gooddetail` LIKE '%%' OR `goodname` LIKE '%%' )  [ RunTime:0.0000s ]
NOTIC: [8] Use of undefined constant data - assumed 'data' D:\xampp2\htdocs\design\Apps\Admin\Controller\IndexController.class.php 第 33 行.
NOTIC: [8] Use of undefined constant totalCount - assumed 'totalCount' D:\xampp2\htdocs\design\Apps\Admin\Controller\IndexController.class.php 第 34 行.

[ 2015-12-10T22:16:17+08:00 ] ::1 /design/admin.php/Index/searchUser?keyvalue=&pageNum=1
INFO: [ app_init ] --START--
INFO: Run Behavior\BuildLiteBehavior [ RunTime:0.000000s ]
INFO: [ app_init ] --END-- [ RunTime:0.000000s ]
INFO: [ app_begin ] --START--
INFO: Run Behavior\ReadHtmlCacheBehavior [ RunTime:0.002000s ]
INFO: [ app_begin ] --END-- [ RunTime:0.002000s ]
SQL: SHOW COLUMNS FROM `sw_manager` [ RunTime:0.0040s ]
SQL: SHOW COLUMNS FROM `sw_user` [ RunTime:0.0030s ]
NOTIC: [8] Undefined index: limit D:\xampp2\htdocs\design\ThinkPHP\Library\Think\Db\Driver.class.php 第 961 行.
SQL: SELECT * FROM `sw_user` WHERE (  `nickname` LIKE '%%' OR `realname` LIKE '%%' ) ORDER BY user_id desc LIMIT 0,20   [ RunTime:0.0000s ]
SQL: SELECT * FROM `sw_user` WHERE (  `nickname` LIKE '%%' OR `realname` LIKE '%%' )  [ RunTime:0.0000s ]
NOTIC: [8] Use of undefined constant data - assumed 'data' D:\xampp2\htdocs\design\Apps\Admin\Controller\IndexController.class.php 第 66 行.
NOTIC: [8] Use of undefined constant totalCount - assumed 'totalCount' D:\xampp2\htdocs\design\Apps\Admin\Controller\IndexController.class.php 第 67 行.

[ 2015-12-10T22:17:19+08:00 ] ::1 /design/admin.php/Index/index.html
INFO: [ app_init ] --START--
INFO: Run Behavior\BuildLiteBehavior [ RunTime:0.000000s ]
INFO: [ app_init ] --END-- [ RunTime:0.000000s ]
INFO: [ app_begin ] --START--
INFO: Run Behavior\ReadHtmlCacheBehavior [ RunTime:0.000000s ]
INFO: [ app_begin ] --END-- [ RunTime:0.000000s ]
SQL: SHOW COLUMNS FROM `sw_manager` [ RunTime:0.0050s ]
INFO: [ view_parse ] --START--
INFO: [ template_filter ] --START--
INFO: Run Behavior\ContentReplaceBehavior [ RunTime:0.000000s ]
INFO: [ template_filter ] --END-- [ RunTime:0.000000s ]
INFO: Run Behavior\ParseTemplateBehavior [ RunTime:0.007000s ]
INFO: [ view_parse ] --END-- [ RunTime:0.007000s ]
INFO: [ view_filter ] --START--
INFO: Run Behavior\WriteHtmlCacheBehavior [ RunTime:0.000000s ]
INFO: [ view_filter ] --END-- [ RunTime:0.000000s ]
INFO: [ app_end ] --START--
INFO: Run Behavior\ShowPageTraceBehavior [ RunTime:0.001000s ]
INFO: [ app_end ] --END-- [ RunTime:0.001000s ]

[ 2015-12-10T22:17:19+08:00 ] ::1 /design/admin.php/Index/searchInfo?keyvalue=&pageSize=3&pageNum=1
INFO: [ app_init ] --START--
INFO: Run Behavior\BuildLiteBehavior [ RunTime:0.000000s ]
INFO: [ app_init ] --END-- [ RunTime:0.000000s ]
INFO: [ app_begin ] --START--
INFO: Run Behavior\ReadHtmlCacheBehavior [ RunTime:0.001000s ]
INFO: [ app_begin ] --END-- [ RunTime:0.001000s ]
SQL: SHOW COLUMNS FROM `sw_manager` [ RunTime:0.0040s ]
SQL: SHOW COLUMNS FROM `sw_goods` [ RunTime:0.0540s ]
SQL: SELECT * FROM `sw_goods` WHERE (  `gooddetail` LIKE '%%' OR `goodname` LIKE '%%' ) ORDER BY good_id desc LIMIT 0,3   [ RunTime:0.0010s ]
SQL: SELECT * FROM `sw_goods` WHERE (  `gooddetail` LIKE '%%' OR `goodname` LIKE '%%' )  [ RunTime:0.0000s ]
NOTIC: [8] Use of undefined constant data - assumed 'data' D:\xampp2\htdocs\design\Apps\Admin\Controller\IndexController.class.php 第 33 行.
NOTIC: [8] Use of undefined constant totalCount - assumed 'totalCount' D:\xampp2\htdocs\design\Apps\Admin\Controller\IndexController.class.php 第 34 行.

[ 2015-12-10T22:17:32+08:00 ] ::1 /design/admin.php/Index/index.html
INFO: [ app_init ] --START--
INFO: Run Behavior\BuildLiteBehavior [ RunTime:0.000000s ]
INFO: [ app_init ] --END-- [ RunTime:0.000000s ]
INFO: [ app_begin ] --START--
INFO: Run Behavior\ReadHtmlCacheBehavior [ RunTime:0.000000s ]
INFO: [ app_begin ] --END-- [ RunTime:0.000000s ]
SQL: SHOW COLUMNS FROM `sw_manager` [ RunTime:0.0040s ]
INFO: [ view_parse ] --START--
INFO: [ template_filter ] --START--
INFO: Run Behavior\ContentReplaceBehavior [ RunTime:0.000000s ]
INFO: [ template_filter ] --END-- [ RunTime:0.000000s ]
INFO: Run Behavior\ParseTemplateBehavior [ RunTime:0.008001s ]
INFO: [ view_parse ] --END-- [ RunTime:0.008001s ]
INFO: [ view_filter ] --START--
INFO: Run Behavior\WriteHtmlCacheBehavior [ RunTime:0.000000s ]
INFO: [ view_filter ] --END-- [ RunTime:0.000000s ]
INFO: [ app_end ] --START--
INFO: Run Behavior\ShowPageTraceBehavior [ RunTime:0.001000s ]
INFO: [ app_end ] --END-- [ RunTime:0.001000s ]

[ 2015-12-10T22:17:32+08:00 ] ::1 /design/admin.php/Index/searchInfo?keyvalue=&pageSize=3&pageNum=1
INFO: [ app_init ] --START--
INFO: Run Behavior\BuildLiteBehavior [ RunTime:0.000000s ]
INFO: [ app_init ] --END-- [ RunTime:0.001000s ]
INFO: [ app_begin ] --START--
INFO: Run Behavior\ReadHtmlCacheBehavior [ RunTime:0.000000s ]
INFO: [ app_begin ] --END-- [ RunTime:0.000000s ]
SQL: SHOW COLUMNS FROM `sw_manager` [ RunTime:0.0030s ]
SQL: SHOW COLUMNS FROM `sw_goods` [ RunTime:0.0310s ]
SQL: SELECT * FROM `sw_goods` WHERE (  `gooddetail` LIKE '%%' OR `goodname` LIKE '%%' ) ORDER BY good_id desc LIMIT 0,3   [ RunTime:0.0010s ]
SQL: SELECT * FROM `sw_goods` WHERE (  `gooddetail` LIKE '%%' OR `goodname` LIKE '%%' )  [ RunTime:0.0000s ]
NOTIC: [8] Use of undefined constant data - assumed 'data' D:\xampp2\htdocs\design\Apps\Admin\Controller\IndexController.class.php 第 33 行.
NOTIC: [8] Use of undefined constant totalCount - assumed 'totalCount' D:\xampp2\htdocs\design\Apps\Admin\Controller\IndexController.class.php 第 34 行.

[ 2015-12-10T22:17:33+08:00 ] ::1 /design/admin.php/Index/searchUser?keyvalue=&pageNum=1
INFO: [ app_init ] --START--
INFO: Run Behavior\BuildLiteBehavior [ RunTime:0.000000s ]
INFO: [ app_init ] --END-- [ RunTime:0.000000s ]
INFO: [ app_begin ] --START--
INFO: Run Behavior\ReadHtmlCacheBehavior [ RunTime:0.000000s ]
INFO: [ app_begin ] --END-- [ RunTime:0.000000s ]
SQL: SHOW COLUMNS FROM `sw_manager` [ RunTime:0.0050s ]
SQL: SHOW COLUMNS FROM `sw_user` [ RunTime:0.0030s ]
NOTIC: [8] Undefined index: limit D:\xampp2\htdocs\design\ThinkPHP\Library\Think\Db\Driver.class.php 第 961 行.
SQL: SELECT * FROM `sw_user` WHERE (  `nickname` LIKE '%%' OR `realname` LIKE '%%' ) ORDER BY user_id desc LIMIT 0,20   [ RunTime:0.0010s ]
SQL: SELECT * FROM `sw_user` WHERE (  `nickname` LIKE '%%' OR `realname` LIKE '%%' )  [ RunTime:0.0000s ]
NOTIC: [8] Use of undefined constant data - assumed 'data' D:\xampp2\htdocs\design\Apps\Admin\Controller\IndexController.class.php 第 66 行.
NOTIC: [8] Use of undefined constant totalCount - assumed 'totalCount' D:\xampp2\htdocs\design\Apps\Admin\Controller\IndexController.class.php 第 67 行.

[ 2015-12-10T22:28:27+08:00 ] ::1 /design/admin.php/Index/index.html
INFO: [ app_init ] --START--
INFO: Run Behavior\BuildLiteBehavior [ RunTime:0.000000s ]
INFO: [ app_init ] --END-- [ RunTime:0.000000s ]
INFO: [ app_begin ] --START--
INFO: Run Behavior\ReadHtmlCacheBehavior [ RunTime:0.001000s ]
INFO: [ app_begin ] --END-- [ RunTime:0.001000s ]
SQL: SHOW COLUMNS FROM `sw_manager` [ RunTime:0.0040s ]
INFO: [ view_parse ] --START--
INFO: [ template_filter ] --START--
INFO: Run Behavior\ContentReplaceBehavior [ RunTime:0.000000s ]
INFO: [ template_filter ] --END-- [ RunTime:0.000000s ]
INFO: Run Behavior\ParseTemplateBehavior [ RunTime:0.006000s ]
INFO: [ view_parse ] --END-- [ RunTime:0.006000s ]
INFO: [ view_filter ] --START--
INFO: Run Behavior\WriteHtmlCacheBehavior [ RunTime:0.001001s ]
INFO: [ view_filter ] --END-- [ RunTime:0.001001s ]
INFO: [ app_end ] --START--
INFO: Run Behavior\ShowPageTraceBehavior [ RunTime:0.000000s ]
INFO: [ app_end ] --END-- [ RunTime:0.000000s ]

[ 2015-12-10T22:28:27+08:00 ] ::1 /design/admin.php/Index/searchInfo?keyvalue=&pageSize=3&pageNum=1
INFO: [ app_init ] --START--
INFO: Run Behavior\BuildLiteBehavior [ RunTime:0.000000s ]
INFO: [ app_init ] --END-- [ RunTime:0.000000s ]
INFO: [ app_begin ] --START--
INFO: Run Behavior\ReadHtmlCacheBehavior [ RunTime:0.000000s ]
INFO: [ app_begin ] --END-- [ RunTime:0.000000s ]
SQL: SHOW COLUMNS FROM `sw_manager` [ RunTime:0.0040s ]
SQL: SHOW COLUMNS FROM `sw_goods` [ RunTime:0.0070s ]
SQL: SELECT * FROM `sw_goods` WHERE (  `gooddetail` LIKE '%%' OR `goodname` LIKE '%%' ) ORDER BY good_id desc LIMIT 0,3   [ RunTime:0.0010s ]
SQL: SELECT * FROM `sw_goods` WHERE (  `gooddetail` LIKE '%%' OR `goodname` LIKE '%%' )  [ RunTime:0.0000s ]
NOTIC: [8] Use of undefined constant data - assumed 'data' D:\xampp2\htdocs\design\Apps\Admin\Controller\IndexController.class.php 第 33 行.
NOTIC: [8] Use of undefined constant totalCount - assumed 'totalCount' D:\xampp2\htdocs\design\Apps\Admin\Controller\IndexController.class.php 第 34 行.

[ 2015-12-10T22:29:19+08:00 ] ::1 /design/admin.php/Index/index.html
INFO: [ app_init ] --START--
INFO: Run Behavior\BuildLiteBehavior [ RunTime:0.000000s ]
INFO: [ app_init ] --END-- [ RunTime:0.001000s ]
INFO: [ app_begin ] --START--
INFO: Run Behavior\ReadHtmlCacheBehavior [ RunTime:0.001001s ]
INFO: [ app_begin ] --END-- [ RunTime:0.001001s ]
SQL: SHOW COLUMNS FROM `sw_manager` [ RunTime:0.0030s ]
INFO: [ view_parse ] --START--
INFO: [ template_filter ] --START--
INFO: Run Behavior\ContentReplaceBehavior [ RunTime:0.000000s ]
INFO: [ template_filter ] --END-- [ RunTime:0.000000s ]
INFO: Run Behavior\ParseTemplateBehavior [ RunTime:0.007001s ]
INFO: [ view_parse ] --END-- [ RunTime:0.008001s ]
INFO: [ view_filter ] --START--
INFO: Run Behavior\WriteHtmlCacheBehavior [ RunTime:0.000000s ]
INFO: [ view_filter ] --END-- [ RunTime:0.000000s ]
INFO: [ app_end ] --START--
INFO: Run Behavior\ShowPageTraceBehavior [ RunTime:0.001000s ]
INFO: [ app_end ] --END-- [ RunTime:0.001000s ]

[ 2015-12-10T22:29:19+08:00 ] ::1 /design/admin.php/Index/searchUser?keyvalue=&pageNum=1
INFO: [ app_init ] --START--
INFO: Run Behavior\BuildLiteBehavior [ RunTime:0.000000s ]
INFO: [ app_init ] --END-- [ RunTime:0.001000s ]
INFO: [ app_begin ] --START--
INFO: Run Behavior\ReadHtmlCacheBehavior [ RunTime:0.001000s ]
INFO: [ app_begin ] --END-- [ RunTime:0.001000s ]
SQL: SHOW COLUMNS FROM `sw_manager` [ RunTime:0.0050s ]
SQL: SHOW COLUMNS FROM `sw_user` [ RunTime:0.0040s ]
NOTIC: [8] Undefined index: limit D:\xampp2\htdocs\design\ThinkPHP\Library\Think\Db\Driver.class.php 第 961 行.
SQL: SELECT * FROM `sw_user` WHERE (  `nickname` LIKE '%%' OR `realname` LIKE '%%' ) ORDER BY user_id desc LIMIT 0,20   [ RunTime:0.0010s ]
SQL: SELECT * FROM `sw_user` WHERE (  `nickname` LIKE '%%' OR `realname` LIKE '%%' )  [ RunTime:0.0000s ]
NOTIC: [8] Use of undefined constant data - assumed 'data' D:\xampp2\htdocs\design\Apps\Admin\Controller\IndexController.class.php 第 66 行.
NOTIC: [8] Use of undefined constant totalCount - assumed 'totalCount' D:\xampp2\htdocs\design\Apps\Admin\Controller\IndexController.class.php 第 67 行.

[ 2015-12-10T22:29:19+08:00 ] ::1 /design/admin.php/Index/searchInfo?keyvalue=&pageSize=3&pageNum=1
INFO: [ app_init ] --START--
INFO: Run Behavior\BuildLiteBehavior [ RunTime:0.000000s ]
INFO: [ app_init ] --END-- [ RunTime:0.000000s ]
INFO: [ app_begin ] --START--
INFO: Run Behavior\ReadHtmlCacheBehavior [ RunTime:0.001000s ]
INFO: [ app_begin ] --END-- [ RunTime:0.001000s ]
SQL: SHOW COLUMNS FROM `sw_manager` [ RunTime:0.0040s ]
SQL: SHOW COLUMNS FROM `sw_goods` [ RunTime:0.0040s ]
SQL: SELECT * FROM `sw_goods` WHERE (  `gooddetail` LIKE '%%' OR `goodname` LIKE '%%' ) ORDER BY good_id desc LIMIT 0,3   [ RunTime:0.0010s ]
SQL: SELECT * FROM `sw_goods` WHERE (  `gooddetail` LIKE '%%' OR `goodname` LIKE '%%' )  [ RunTime:0.0000s ]
NOTIC: [8] Use of undefined constant data - assumed 'data' D:\xampp2\htdocs\design\Apps\Admin\Controller\IndexController.class.php 第 33 行.
NOTIC: [8] Use of undefined constant totalCount - assumed 'totalCount' D:\xampp2\htdocs\design\Apps\Admin\Controller\IndexController.class.php 第 34 行.

[ 2015-12-10T22:29:20+08:00 ] ::1 /design/admin.php/Index/index.html
INFO: [ app_init ] --START--
INFO: Run Behavior\BuildLiteBehavior [ RunTime:0.000000s ]
INFO: [ app_init ] --END-- [ RunTime:0.000000s ]
INFO: [ app_begin ] --START--
INFO: Run Behavior\ReadHtmlCacheBehavior [ RunTime:0.000000s ]
INFO: [ app_begin ] --END-- [ RunTime:0.000000s ]
SQL: SHOW COLUMNS FROM `sw_manager` [ RunTime:0.0040s ]
INFO: [ view_parse ] --START--
INFO: [ template_filter ] --START--
INFO: Run Behavior\ContentReplaceBehavior [ RunTime:0.000000s ]
INFO: [ template_filter ] --END-- [ RunTime:0.000000s ]
INFO: Run Behavior\ParseTemplateBehavior [ RunTime:0.007000s ]
INFO: [ view_parse ] --END-- [ RunTime:0.007000s ]
INFO: [ view_filter ] --START--
INFO: Run Behavior\WriteHtmlCacheBehavior [ RunTime:0.000000s ]
INFO: [ view_filter ] --END-- [ RunTime:0.000000s ]
INFO: [ app_end ] --START--
INFO: Run Behavior\ShowPageTraceBehavior [ RunTime:0.001000s ]
INFO: [ app_end ] --END-- [ RunTime:0.001000s ]

[ 2015-12-10T22:29:20+08:00 ] ::1 /design/admin.php/Index/searchInfo?keyvalue=&pageSize=3&pageNum=1
INFO: [ app_init ] --START--
INFO: Run Behavior\BuildLiteBehavior [ RunTime:0.000000s ]
INFO: [ app_init ] --END-- [ RunTime:0.000000s ]
INFO: [ app_begin ] --START--
INFO: Run Behavior\ReadHtmlCacheBehavior [ RunTime:0.001000s ]
INFO: [ app_begin ] --END-- [ RunTime:0.001000s ]
SQL: SHOW COLUMNS FROM `sw_manager` [ RunTime:0.0030s ]
SQL: SHOW COLUMNS FROM `sw_goods` [ RunTime:0.0040s ]
SQL: SELECT * FROM `sw_goods` WHERE (  `gooddetail` LIKE '%%' OR `goodname` LIKE '%%' ) ORDER BY good_id desc LIMIT 0,3   [ RunTime:0.0010s ]
SQL: SELECT * FROM `sw_goods` WHERE (  `gooddetail` LIKE '%%' OR `goodname` LIKE '%%' )  [ RunTime:0.0000s ]
NOTIC: [8] Use of undefined constant data - assumed 'data' D:\xampp2\htdocs\design\Apps\Admin\Controller\IndexController.class.php 第 33 行.
NOTIC: [8] Use of undefined constant totalCount - assumed 'totalCount' D:\xampp2\htdocs\design\Apps\Admin\Controller\IndexController.class.php 第 34 行.

[ 2015-12-10T22:29:20+08:00 ] ::1 /design/admin.php/Index/index.html
INFO: [ app_init ] --START--
INFO: Run Behavior\BuildLiteBehavior [ RunTime:0.000000s ]
INFO: [ app_init ] --END-- [ RunTime:0.000000s ]
INFO: [ app_begin ] --START--
INFO: Run Behavior\ReadHtmlCacheBehavior [ RunTime:0.002000s ]
INFO: [ app_begin ] --END-- [ RunTime:0.002000s ]
SQL: SHOW COLUMNS FROM `sw_manager` [ RunTime:0.0030s ]
INFO: [ view_parse ] --START--
INFO: [ template_filter ] --START--
INFO: Run Behavior\ContentReplaceBehavior [ RunTime:0.000000s ]
INFO: [ template_filter ] --END-- [ RunTime:0.000000s ]
INFO: Run Behavior\ParseTemplateBehavior [ RunTime:0.007001s ]
INFO: [ view_parse ] --END-- [ RunTime:0.007001s ]
INFO: [ view_filter ] --START--
INFO: Run Behavior\WriteHtmlCacheBehavior [ RunTime:0.000000s ]
INFO: [ view_filter ] --END-- [ RunTime:0.000000s ]
INFO: [ app_end ] --START--
INFO: Run Behavior\ShowPageTraceBehavior [ RunTime:0.001000s ]
INFO: [ app_end ] --END-- [ RunTime:0.001000s ]

[ 2015-12-10T22:29:20+08:00 ] ::1 /design/admin.php/Index/searchInfo?keyvalue=&pageSize=3&pageNum=1
INFO: [ app_init ] --START--
INFO: Run Behavior\BuildLiteBehavior [ RunTime:0.000000s ]
INFO: [ app_init ] --END-- [ RunTime:0.000000s ]
INFO: [ app_begin ] --START--
INFO: Run Behavior\ReadHtmlCacheBehavior [ RunTime:0.001000s ]
INFO: [ app_begin ] --END-- [ RunTime:0.001000s ]
SQL: SHOW COLUMNS FROM `sw_manager` [ RunTime:0.0030s ]
SQL: SHOW COLUMNS FROM `sw_goods` [ RunTime:0.0040s ]
SQL: SELECT * FROM `sw_goods` WHERE (  `gooddetail` LIKE '%%' OR `goodname` LIKE '%%' ) ORDER BY good_id desc LIMIT 0,3   [ RunTime:0.0000s ]
SQL: SELECT * FROM `sw_goods` WHERE (  `gooddetail` LIKE '%%' OR `goodname` LIKE '%%' )  [ RunTime:0.0000s ]
NOTIC: [8] Use of undefined constant data - assumed 'data' D:\xampp2\htdocs\design\Apps\Admin\Controller\IndexController.class.php 第 33 行.
NOTIC: [8] Use of undefined constant totalCount - assumed 'totalCount' D:\xampp2\htdocs\design\Apps\Admin\Controller\IndexController.class.php 第 34 行.

[ 2015-12-10T22:29:33+08:00 ] ::1 /design/admin.php/Index/index.html
INFO: [ app_init ] --START--
INFO: Run Behavior\BuildLiteBehavior [ RunTime:0.000000s ]
INFO: [ app_init ] --END-- [ RunTime:0.000000s ]
INFO: [ app_begin ] --START--
INFO: Run Behavior\ReadHtmlCacheBehavior [ RunTime:0.001000s ]
INFO: [ app_begin ] --END-- [ RunTime:0.001000s ]
SQL: SHOW COLUMNS FROM `sw_manager` [ RunTime:0.0030s ]
INFO: [ view_parse ] --START--
INFO: [ template_filter ] --START--
INFO: Run Behavior\ContentReplaceBehavior [ RunTime:0.000000s ]
INFO: [ template_filter ] --END-- [ RunTime:0.001000s ]
INFO: Run Behavior\ParseTemplateBehavior [ RunTime:0.007000s ]
INFO: [ view_parse ] --END-- [ RunTime:0.007000s ]
INFO: [ view_filter ] --START--
INFO: Run Behavior\WriteHtmlCacheBehavior [ RunTime:0.000000s ]
INFO: [ view_filter ] --END-- [ RunTime:0.000000s ]
INFO: [ app_end ] --START--
INFO: Run Behavior\ShowPageTraceBehavior [ RunTime:0.001000s ]
INFO: [ app_end ] --END-- [ RunTime:0.001000s ]

[ 2015-12-10T22:29:34+08:00 ] ::1 /design/admin.php/Index/searchInfo?keyvalue=&pageSize=3&pageNum=1
INFO: [ app_init ] --START--
INFO: Run Behavior\BuildLiteBehavior [ RunTime:0.000000s ]
INFO: [ app_init ] --END-- [ RunTime:0.001000s ]
INFO: [ app_begin ] --START--
INFO: Run Behavior\ReadHtmlCacheBehavior [ RunTime:0.000000s ]
INFO: [ app_begin ] --END-- [ RunTime:0.000000s ]
SQL: SHOW COLUMNS FROM `sw_manager` [ RunTime:0.0030s ]
SQL: SHOW COLUMNS FROM `sw_goods` [ RunTime:0.0030s ]
SQL: SELECT * FROM `sw_goods` WHERE (  `gooddetail` LIKE '%%' OR `goodname` LIKE '%%' ) ORDER BY good_id desc LIMIT 0,3   [ RunTime:0.0000s ]
SQL: SELECT * FROM `sw_goods` WHERE (  `gooddetail` LIKE '%%' OR `goodname` LIKE '%%' )  [ RunTime:0.0000s ]
NOTIC: [8] Use of undefined constant data - assumed 'data' D:\xampp2\htdocs\design\Apps\Admin\Controller\IndexController.class.php 第 33 行.
NOTIC: [8] Use of undefined constant totalCount - assumed 'totalCount' D:\xampp2\htdocs\design\Apps\Admin\Controller\IndexController.class.php 第 34 行.

[ 2015-12-10T22:29:44+08:00 ] ::1 /design/admin.php/Index/searchUser?keyvalue=&pageSize=3&pageNum=1
INFO: [ app_init ] --START--
INFO: Run Behavior\BuildLiteBehavior [ RunTime:0.000000s ]
INFO: [ app_init ] --END-- [ RunTime:0.000000s ]
INFO: [ app_begin ] --START--
INFO: Run Behavior\ReadHtmlCacheBehavior [ RunTime:0.000000s ]
INFO: [ app_begin ] --END-- [ RunTime:0.000000s ]
SQL: SHOW COLUMNS FROM `sw_manager` [ RunTime:0.0040s ]
SQL: SHOW COLUMNS FROM `sw_user` [ RunTime:0.0030s ]
SQL: SELECT * FROM `sw_user` WHERE (  `nickname` LIKE '%%' OR `realname` LIKE '%%' ) ORDER BY user_id desc LIMIT 0,3   [ RunTime:0.0010s ]
SQL: SELECT * FROM `sw_user` WHERE (  `nickname` LIKE '%%' OR `realname` LIKE '%%' )  [ RunTime:0.0010s ]
NOTIC: [8] Use of undefined constant data - assumed 'data' D:\xampp2\htdocs\design\Apps\Admin\Controller\IndexController.class.php 第 66 行.
NOTIC: [8] Use of undefined constant totalCount - assumed 'totalCount' D:\xampp2\htdocs\design\Apps\Admin\Controller\IndexController.class.php 第 67 行.

[ 2015-12-10T22:36:04+08:00 ] ::1 /design/admin.php/Index/index.html
INFO: [ app_init ] --START--
INFO: Run Behavior\BuildLiteBehavior [ RunTime:0.000000s ]
INFO: [ app_init ] --END-- [ RunTime:0.001000s ]
INFO: [ app_begin ] --START--
INFO: Run Behavior\ReadHtmlCacheBehavior [ RunTime:0.000000s ]
INFO: [ app_begin ] --END-- [ RunTime:0.000000s ]
SQL: SHOW COLUMNS FROM `sw_manager` [ RunTime:0.0040s ]
INFO: [ view_parse ] --START--
INFO: [ template_filter ] --START--
INFO: Run Behavior\ContentReplaceBehavior [ RunTime:0.000000s ]
INFO: [ template_filter ] --END-- [ RunTime:0.000000s ]
INFO: Run Behavior\ParseTemplateBehavior [ RunTime:0.007000s ]
INFO: [ view_parse ] --END-- [ RunTime:0.007000s ]
INFO: [ view_filter ] --START--
INFO: Run Behavior\WriteHtmlCacheBehavior [ RunTime:0.001000s ]
INFO: [ view_filter ] --END-- [ RunTime:0.001000s ]
INFO: [ app_end ] --START--
INFO: Run Behavior\ShowPageTraceBehavior [ RunTime:0.000000s ]
INFO: [ app_end ] --END-- [ RunTime:0.000000s ]

[ 2015-12-10T22:36:04+08:00 ] ::1 /design/admin.php/Index/searchInfo?keyvalue=&pageSize=3&pageNum=1
INFO: [ app_init ] --START--
INFO: Run Behavior\BuildLiteBehavior [ RunTime:0.000000s ]
INFO: [ app_init ] --END-- [ RunTime:0.001000s ]
INFO: [ app_begin ] --START--
INFO: Run Behavior\ReadHtmlCacheBehavior [ RunTime:0.000000s ]
INFO: [ app_begin ] --END-- [ RunTime:0.000000s ]
SQL: SHOW COLUMNS FROM `sw_manager` [ RunTime:0.0030s ]
SQL: SHOW COLUMNS FROM `sw_goods` [ RunTime:0.0030s ]
SQL: SELECT * FROM `sw_goods` WHERE (  `gooddetail` LIKE '%%' OR `goodname` LIKE '%%' ) ORDER BY good_id desc LIMIT 0,3   [ RunTime:0.0000s ]
SQL: SELECT * FROM `sw_goods` WHERE (  `gooddetail` LIKE '%%' OR `goodname` LIKE '%%' )  [ RunTime:0.0000s ]
NOTIC: [8] Use of undefined constant data - assumed 'data' D:\xampp2\htdocs\design\Apps\Admin\Controller\IndexController.class.php 第 33 行.
NOTIC: [8] Use of undefined constant totalCount - assumed 'totalCount' D:\xampp2\htdocs\design\Apps\Admin\Controller\IndexController.class.php 第 34 行.

[ 2015-12-10T22:36:08+08:00 ] ::1 /design/admin.php/Index/searchUser?keyvalue=&pageSize=3&pageNum=1
INFO: [ app_init ] --START--
INFO: Run Behavior\BuildLiteBehavior [ RunTime:0.000000s ]
INFO: [ app_init ] --END-- [ RunTime:0.000000s ]
INFO: [ app_begin ] --START--
INFO: Run Behavior\ReadHtmlCacheBehavior [ RunTime:0.000000s ]
INFO: [ app_begin ] --END-- [ RunTime:0.001001s ]
SQL: SHOW COLUMNS FROM `sw_manager` [ RunTime:0.0060s ]
SQL: SHOW COLUMNS FROM `sw_user` [ RunTime:0.0060s ]
SQL: SELECT * FROM `sw_user` WHERE (  `nickname` LIKE '%%' OR `realname` LIKE '%%' ) ORDER BY user_id desc LIMIT 0,3   [ RunTime:0.0000s ]
SQL: SELECT * FROM `sw_user` WHERE (  `nickname` LIKE '%%' OR `realname` LIKE '%%' )  [ RunTime:0.0010s ]
NOTIC: [8] Use of undefined constant data - assumed 'data' D:\xampp2\htdocs\design\Apps\Admin\Controller\IndexController.class.php 第 66 行.
NOTIC: [8] Use of undefined constant totalCount - assumed 'totalCount' D:\xampp2\htdocs\design\Apps\Admin\Controller\IndexController.class.php 第 67 行.

[ 2015-12-10T22:36:18+08:00 ] ::1 /design/admin.php/Index/searchUser?keyvalue=&pageSize=3&pageNum=4
INFO: [ app_init ] --START--
INFO: Run Behavior\BuildLiteBehavior [ RunTime:0.000000s ]
INFO: [ app_init ] --END-- [ RunTime:0.000000s ]
INFO: [ app_begin ] --START--
INFO: Run Behavior\ReadHtmlCacheBehavior [ RunTime:0.001000s ]
INFO: [ app_begin ] --END-- [ RunTime:0.001000s ]
SQL: SHOW COLUMNS FROM `sw_manager` [ RunTime:0.0030s ]
SQL: SHOW COLUMNS FROM `sw_user` [ RunTime:0.0030s ]
SQL: SELECT * FROM `sw_user` WHERE (  `nickname` LIKE '%%' OR `realname` LIKE '%%' ) ORDER BY user_id desc LIMIT 9,3   [ RunTime:0.0000s ]
SQL: SELECT * FROM `sw_user` WHERE (  `nickname` LIKE '%%' OR `realname` LIKE '%%' )  [ RunTime:0.0000s ]
NOTIC: [8] Use of undefined constant data - assumed 'data' D:\xampp2\htdocs\design\Apps\Admin\Controller\IndexController.class.php 第 66 行.
NOTIC: [8] Use of undefined constant totalCount - assumed 'totalCount' D:\xampp2\htdocs\design\Apps\Admin\Controller\IndexController.class.php 第 67 行.

[ 2015-12-10T22:36:23+08:00 ] ::1 /design/admin.php/Index/searchUser?keyvalue=&pageSize=3&pageNum=2
INFO: [ app_init ] --START--
INFO: Run Behavior\BuildLiteBehavior [ RunTime:0.000000s ]
INFO: [ app_init ] --END-- [ RunTime:0.000000s ]
INFO: [ app_begin ] --START--
INFO: Run Behavior\ReadHtmlCacheBehavior [ RunTime:0.000000s ]
INFO: [ app_begin ] --END-- [ RunTime:0.000000s ]
SQL: SHOW COLUMNS FROM `sw_manager` [ RunTime:0.0030s ]
SQL: SHOW COLUMNS FROM `sw_user` [ RunTime:0.0030s ]
SQL: SELECT * FROM `sw_user` WHERE (  `nickname` LIKE '%%' OR `realname` LIKE '%%' ) ORDER BY user_id desc LIMIT 3,3   [ RunTime:0.0000s ]
SQL: SELECT * FROM `sw_user` WHERE (  `nickname` LIKE '%%' OR `realname` LIKE '%%' )  [ RunTime:0.0010s ]
NOTIC: [8] Use of undefined constant data - assumed 'data' D:\xampp2\htdocs\design\Apps\Admin\Controller\IndexController.class.php 第 66 行.
NOTIC: [8] Use of undefined constant totalCount - assumed 'totalCount' D:\xampp2\htdocs\design\Apps\Admin\Controller\IndexController.class.php 第 67 行.

[ 2015-12-10T22:36:25+08:00 ] ::1 /design/admin.php/Index/searchUser?keyvalue=&pageSize=3&pageNum=3
INFO: [ app_init ] --START--
INFO: Run Behavior\BuildLiteBehavior [ RunTime:0.000000s ]
INFO: [ app_init ] --END-- [ RunTime:0.001000s ]
INFO: [ app_begin ] --START--
INFO: Run Behavior\ReadHtmlCacheBehavior [ RunTime:0.001000s ]
INFO: [ app_begin ] --END-- [ RunTime:0.001000s ]
SQL: SHOW COLUMNS FROM `sw_manager` [ RunTime:0.0040s ]
SQL: SHOW COLUMNS FROM `sw_user` [ RunTime:0.0030s ]
SQL: SELECT * FROM `sw_user` WHERE (  `nickname` LIKE '%%' OR `realname` LIKE '%%' ) ORDER BY user_id desc LIMIT 6,3   [ RunTime:0.0000s ]
SQL: SELECT * FROM `sw_user` WHERE (  `nickname` LIKE '%%' OR `realname` LIKE '%%' )  [ RunTime:0.0000s ]
NOTIC: [8] Use of undefined constant data - assumed 'data' D:\xampp2\htdocs\design\Apps\Admin\Controller\IndexController.class.php 第 66 行.
NOTIC: [8] Use of undefined constant totalCount - assumed 'totalCount' D:\xampp2\htdocs\design\Apps\Admin\Controller\IndexController.class.php 第 67 行.

[ 2015-12-10T22:36:26+08:00 ] ::1 /design/admin.php/Index/searchUser?keyvalue=&pageSize=3&pageNum=4
INFO: [ app_init ] --START--
INFO: Run Behavior\BuildLiteBehavior [ RunTime:0.000000s ]
INFO: [ app_init ] --END-- [ RunTime:0.001000s ]
INFO: [ app_begin ] --START--
INFO: Run Behavior\ReadHtmlCacheBehavior [ RunTime:0.000000s ]
INFO: [ app_begin ] --END-- [ RunTime:0.000000s ]
SQL: SHOW COLUMNS FROM `sw_manager` [ RunTime:0.0040s ]
SQL: SHOW COLUMNS FROM `sw_user` [ RunTime:0.0030s ]
SQL: SELECT * FROM `sw_user` WHERE (  `nickname` LIKE '%%' OR `realname` LIKE '%%' ) ORDER BY user_id desc LIMIT 9,3   [ RunTime:0.0000s ]
SQL: SELECT * FROM `sw_user` WHERE (  `nickname` LIKE '%%' OR `realname` LIKE '%%' )  [ RunTime:0.0000s ]
NOTIC: [8] Use of undefined constant data - assumed 'data' D:\xampp2\htdocs\design\Apps\Admin\Controller\IndexController.class.php 第 66 行.
NOTIC: [8] Use of undefined constant totalCount - assumed 'totalCount' D:\xampp2\htdocs\design\Apps\Admin\Controller\IndexController.class.php 第 67 行.

[ 2015-12-10T22:36:31+08:00 ] ::1 /design/admin.php/Index/searchUser?keyvalue=&pageSize=3&pageNum=2
INFO: [ app_init ] --START--
INFO: Run Behavior\BuildLiteBehavior [ RunTime:0.000000s ]
INFO: [ app_init ] --END-- [ RunTime:0.001000s ]
INFO: [ app_begin ] --START--
INFO: Run Behavior\ReadHtmlCacheBehavior [ RunTime:0.001000s ]
INFO: [ app_begin ] --END-- [ RunTime:0.001000s ]
SQL: SHOW COLUMNS FROM `sw_manager` [ RunTime:0.0040s ]
SQL: SHOW COLUMNS FROM `sw_user` [ RunTime:0.0030s ]
SQL: SELECT * FROM `sw_user` WHERE (  `nickname` LIKE '%%' OR `realname` LIKE '%%' ) ORDER BY user_id desc LIMIT 3,3   [ RunTime:0.0000s ]
SQL: SELECT * FROM `sw_user` WHERE (  `nickname` LIKE '%%' OR `realname` LIKE '%%' )  [ RunTime:0.0010s ]
NOTIC: [8] Use of undefined constant data - assumed 'data' D:\xampp2\htdocs\design\Apps\Admin\Controller\IndexController.class.php 第 66 行.
NOTIC: [8] Use of undefined constant totalCount - assumed 'totalCount' D:\xampp2\htdocs\design\Apps\Admin\Controller\IndexController.class.php 第 67 行.

[ 2015-12-10T22:36:47+08:00 ] ::1 /design/admin.php/Index/index.html
INFO: [ app_init ] --START--
INFO: Run Behavior\BuildLiteBehavior [ RunTime:0.000000s ]
INFO: [ app_init ] --END-- [ RunTime:0.000000s ]
INFO: [ app_begin ] --START--
INFO: Run Behavior\ReadHtmlCacheBehavior [ RunTime:0.001000s ]
INFO: [ app_begin ] --END-- [ RunTime:0.001000s ]
SQL: SHOW COLUMNS FROM `sw_manager` [ RunTime:0.0040s ]
INFO: [ view_parse ] --START--
INFO: [ template_filter ] --START--
INFO: Run Behavior\ContentReplaceBehavior [ RunTime:0.000000s ]
INFO: [ template_filter ] --END-- [ RunTime:0.000000s ]
INFO: Run Behavior\ParseTemplateBehavior [ RunTime:0.008001s ]
INFO: [ view_parse ] --END-- [ RunTime:0.008001s ]
INFO: [ view_filter ] --START--
INFO: Run Behavior\WriteHtmlCacheBehavior [ RunTime:0.000000s ]
INFO: [ view_filter ] --END-- [ RunTime:0.000000s ]
INFO: [ app_end ] --START--
INFO: Run Behavior\ShowPageTraceBehavior [ RunTime:0.001000s ]
INFO: [ app_end ] --END-- [ RunTime:0.001000s ]

[ 2015-12-10T22:36:48+08:00 ] ::1 /design/admin.php/Index/searchInfo?keyvalue=&pageSize=3&pageNum=1
INFO: [ app_init ] --START--
INFO: Run Behavior\BuildLiteBehavior [ RunTime:0.000000s ]
INFO: [ app_init ] --END-- [ RunTime:0.001000s ]
INFO: [ app_begin ] --START--
INFO: Run Behavior\ReadHtmlCacheBehavior [ RunTime:0.001000s ]
INFO: [ app_begin ] --END-- [ RunTime:0.002000s ]
SQL: SHOW COLUMNS FROM `sw_manager` [ RunTime:0.0030s ]
SQL: SHOW COLUMNS FROM `sw_goods` [ RunTime:0.0030s ]
SQL: SELECT * FROM `sw_goods` WHERE (  `gooddetail` LIKE '%%' OR `goodname` LIKE '%%' ) ORDER BY good_id desc LIMIT 0,3   [ RunTime:0.0010s ]
SQL: SELECT * FROM `sw_goods` WHERE (  `gooddetail` LIKE '%%' OR `goodname` LIKE '%%' )  [ RunTime:0.0000s ]
NOTIC: [8] Use of undefined constant data - assumed 'data' D:\xampp2\htdocs\design\Apps\Admin\Controller\IndexController.class.php 第 33 行.
NOTIC: [8] Use of undefined constant totalCount - assumed 'totalCount' D:\xampp2\htdocs\design\Apps\Admin\Controller\IndexController.class.php 第 34 行.

[ 2015-12-10T22:36:49+08:00 ] ::1 /design/admin.php/Index/searchUser?keyvalue=&pageSize=5&pageNum=1
INFO: [ app_init ] --START--
INFO: Run Behavior\BuildLiteBehavior [ RunTime:0.000000s ]
INFO: [ app_init ] --END-- [ RunTime:0.000000s ]
INFO: [ app_begin ] --START--
INFO: Run Behavior\ReadHtmlCacheBehavior [ RunTime:0.001000s ]
INFO: [ app_begin ] --END-- [ RunTime:0.001000s ]
SQL: SHOW COLUMNS FROM `sw_manager` [ RunTime:0.0050s ]
SQL: SHOW COLUMNS FROM `sw_user` [ RunTime:0.0030s ]
SQL: SELECT * FROM `sw_user` WHERE (  `nickname` LIKE '%%' OR `realname` LIKE '%%' ) ORDER BY user_id desc LIMIT 0,5   [ RunTime:0.0010s ]
SQL: SELECT * FROM `sw_user` WHERE (  `nickname` LIKE '%%' OR `realname` LIKE '%%' )  [ RunTime:0.0000s ]
NOTIC: [8] Use of undefined constant data - assumed 'data' D:\xampp2\htdocs\design\Apps\Admin\Controller\IndexController.class.php 第 66 行.
NOTIC: [8] Use of undefined constant totalCount - assumed 'totalCount' D:\xampp2\htdocs\design\Apps\Admin\Controller\IndexController.class.php 第 67 行.

[ 2015-12-10T22:45:37+08:00 ] ::1 /design/admin.php/Index/index.html
INFO: [ app_init ] --START--
INFO: Run Behavior\BuildLiteBehavior [ RunTime:0.000000s ]
INFO: [ app_init ] --END-- [ RunTime:0.000000s ]
INFO: [ app_begin ] --START--
INFO: Run Behavior\ReadHtmlCacheBehavior [ RunTime:0.000000s ]
INFO: [ app_begin ] --END-- [ RunTime:0.000000s ]
SQL: SHOW COLUMNS FROM `sw_manager` [ RunTime:0.0030s ]
INFO: [ view_parse ] --START--
INFO: [ template_filter ] --START--
INFO: Run Behavior\ContentReplaceBehavior [ RunTime:0.000000s ]
INFO: [ template_filter ] --END-- [ RunTime:0.000000s ]
INFO: Run Behavior\ParseTemplateBehavior [ RunTime:0.007001s ]
INFO: [ view_parse ] --END-- [ RunTime:0.007001s ]
INFO: [ view_filter ] --START--
INFO: Run Behavior\WriteHtmlCacheBehavior [ RunTime:0.000000s ]
INFO: [ view_filter ] --END-- [ RunTime:0.000000s ]
INFO: [ app_end ] --START--
INFO: Run Behavior\ShowPageTraceBehavior [ RunTime:0.001000s ]
INFO: [ app_end ] --END-- [ RunTime:0.001000s ]

[ 2015-12-10T22:45:37+08:00 ] ::1 /design/admin.php/Index/searchInfo?keyvalue=&pageSize=3&pageNum=1
INFO: [ app_init ] --START--
INFO: Run Behavior\BuildLiteBehavior [ RunTime:0.000000s ]
INFO: [ app_init ] --END-- [ RunTime:0.001000s ]
INFO: [ app_begin ] --START--
INFO: Run Behavior\ReadHtmlCacheBehavior [ RunTime:0.001000s ]
INFO: [ app_begin ] --END-- [ RunTime:0.001000s ]
SQL: SHOW COLUMNS FROM `sw_manager` [ RunTime:0.0030s ]
SQL: SHOW COLUMNS FROM `sw_goods` [ RunTime:0.0030s ]
SQL: SELECT * FROM `sw_goods` WHERE (  `gooddetail` LIKE '%%' OR `goodname` LIKE '%%' ) ORDER BY good_id desc LIMIT 0,3   [ RunTime:0.0000s ]
SQL: SELECT * FROM `sw_goods` WHERE (  `gooddetail` LIKE '%%' OR `goodname` LIKE '%%' )  [ RunTime:0.0000s ]
NOTIC: [8] Use of undefined constant data - assumed 'data' D:\xampp2\htdocs\design\Apps\Admin\Controller\IndexController.class.php 第 33 行.
NOTIC: [8] Use of undefined constant totalCount - assumed 'totalCount' D:\xampp2\htdocs\design\Apps\Admin\Controller\IndexController.class.php 第 34 行.

[ 2015-12-10T22:45:38+08:00 ] ::1 /design/admin.php/Index/searchUser?keyvalue=&pageSize=10&pageNum=1
INFO: [ app_init ] --START--
INFO: Run Behavior\BuildLiteBehavior [ RunTime:0.000000s ]
INFO: [ app_init ] --END-- [ RunTime:0.000000s ]
INFO: [ app_begin ] --START--
INFO: Run Behavior\ReadHtmlCacheBehavior [ RunTime:0.001000s ]
INFO: [ app_begin ] --END-- [ RunTime:0.001000s ]
SQL: SHOW COLUMNS FROM `sw_manager` [ RunTime:0.0030s ]
SQL: SHOW COLUMNS FROM `sw_user` [ RunTime:0.0040s ]
SQL: SELECT * FROM `sw_user` WHERE (  `nickname` LIKE '%%' OR `realname` LIKE '%%' ) ORDER BY user_id desc LIMIT 0,10   [ RunTime:0.0010s ]
SQL: SELECT * FROM `sw_user` WHERE (  `nickname` LIKE '%%' OR `realname` LIKE '%%' )  [ RunTime:0.0000s ]
NOTIC: [8] Use of undefined constant data - assumed 'data' D:\xampp2\htdocs\design\Apps\Admin\Controller\IndexController.class.php 第 66 行.
NOTIC: [8] Use of undefined constant totalCount - assumed 'totalCount' D:\xampp2\htdocs\design\Apps\Admin\Controller\IndexController.class.php 第 67 行.

[ 2015-12-10T22:47:40+08:00 ] 192.168.191.5 /design/admin.php/index/
INFO: [ app_init ] --START--
INFO: Run Behavior\BuildLiteBehavior [ RunTime:0.000000s ]
INFO: [ app_init ] --END-- [ RunTime:0.001000s ]
INFO: [ app_begin ] --START--
INFO: Run Behavior\ReadHtmlCacheBehavior [ RunTime:0.001000s ]
INFO: [ app_begin ] --END-- [ RunTime:0.001000s ]
SQL: SHOW COLUMNS FROM `sw_manager` [ RunTime:0.0550s ]
INFO: [ view_parse ] --START--
INFO: Run Behavior\ParseTemplateBehavior [ RunTime:0.001000s ]
INFO: [ view_parse ] --END-- [ RunTime:0.001000s ]
INFO: [ view_filter ] --START--
INFO: Run Behavior\WriteHtmlCacheBehavior [ RunTime:0.001000s ]
INFO: [ view_filter ] --END-- [ RunTime:0.001000s ]
INFO: [ app_end ] --START--
INFO: Run Behavior\ShowPageTraceBehavior [ RunTime:0.002000s ]
INFO: [ app_end ] --END-- [ RunTime:0.002000s ]

[ 2015-12-10T22:47:43+08:00 ] 192.168.191.5 /design/admin.php/login/index.html
INFO: [ app_init ] --START--
INFO: Run Behavior\BuildLiteBehavior [ RunTime:0.000000s ]
INFO: [ app_init ] --END-- [ RunTime:0.001000s ]
INFO: [ app_begin ] --START--
INFO: Run Behavior\ReadHtmlCacheBehavior [ RunTime:0.000000s ]
INFO: [ app_begin ] --END-- [ RunTime:0.000000s ]
INFO: [ view_parse ] --START--
INFO: [ template_filter ] --START--
INFO: Run Behavior\ContentReplaceBehavior [ RunTime:0.000000s ]
INFO: [ template_filter ] --END-- [ RunTime:0.000000s ]
INFO: Run Behavior\ParseTemplateBehavior [ RunTime:0.006001s ]
INFO: [ view_parse ] --END-- [ RunTime:0.006001s ]
INFO: [ view_filter ] --START--
INFO: Run Behavior\WriteHtmlCacheBehavior [ RunTime:0.001000s ]
INFO: [ view_filter ] --END-- [ RunTime:0.001000s ]
INFO: [ app_end ] --START--
INFO: Run Behavior\ShowPageTraceBehavior [ RunTime:0.001000s ]
INFO: [ app_end ] --END-- [ RunTime:0.001000s ]

[ 2015-12-10T22:48:01+08:00 ] 192.168.191.5 /design/admin.php/login/Login/login
INFO: [ app_init ] --START--
INFO: Run Behavior\BuildLiteBehavior [ RunTime:0.000000s ]
INFO: [ app_init ] --END-- [ RunTime:0.001000s ]
INFO: [ app_begin ] --START--
INFO: Run Behavior\ReadHtmlCacheBehavior [ RunTime:0.001000s ]
INFO: [ app_begin ] --END-- [ RunTime:0.001000s ]
SQL: SHOW COLUMNS FROM `sw_manager` [ RunTime:0.0030s ]
SQL: SELECT * FROM `sw_manager` WHERE `username` = '小花' LIMIT 1   [ RunTime:0.0010s ]

[ 2015-12-10T22:48:03+08:00 ] 192.168.191.5 /design/admin.php/Index/index.html
INFO: [ app_init ] --START--
INFO: Run Behavior\BuildLiteBehavior [ RunTime:0.000000s ]
INFO: [ app_init ] --END-- [ RunTime:0.001000s ]
INFO: [ app_begin ] --START--
INFO: Run Behavior\ReadHtmlCacheBehavior [ RunTime:0.001000s ]
INFO: [ app_begin ] --END-- [ RunTime:0.001000s ]
SQL: SHOW COLUMNS FROM `sw_manager` [ RunTime:0.0200s ]
INFO: [ view_parse ] --START--
INFO: [ template_filter ] --START--
INFO: Run Behavior\ContentReplaceBehavior [ RunTime:0.001000s ]
INFO: [ template_filter ] --END-- [ RunTime:0.001000s ]
INFO: Run Behavior\ParseTemplateBehavior [ RunTime:0.006000s ]
INFO: [ view_parse ] --END-- [ RunTime:0.006000s ]
INFO: [ view_filter ] --START--
INFO: Run Behavior\WriteHtmlCacheBehavior [ RunTime:0.000000s ]
INFO: [ view_filter ] --END-- [ RunTime:0.000000s ]
INFO: [ app_end ] --START--
INFO: Run Behavior\ShowPageTraceBehavior [ RunTime:0.001000s ]
INFO: [ app_end ] --END-- [ RunTime:0.001000s ]

[ 2015-12-10T22:48:03+08:00 ] 192.168.191.5 /design/admin.php/Index/searchInfo?keyvalue=&pageSize=3&pageNum=1
INFO: [ app_init ] --START--
INFO: Run Behavior\BuildLiteBehavior [ RunTime:0.000000s ]
INFO: [ app_init ] --END-- [ RunTime:0.001000s ]
INFO: [ app_begin ] --START--
INFO: Run Behavior\ReadHtmlCacheBehavior [ RunTime:0.002000s ]
INFO: [ app_begin ] --END-- [ RunTime:0.002000s ]
SQL: SHOW COLUMNS FROM `sw_manager` [ RunTime:0.0040s ]
SQL: SHOW COLUMNS FROM `sw_goods` [ RunTime:0.0060s ]
SQL: SELECT * FROM `sw_goods` WHERE (  `gooddetail` LIKE '%%' OR `goodname` LIKE '%%' ) ORDER BY good_id desc LIMIT 0,3   [ RunTime:0.0000s ]
SQL: SELECT * FROM `sw_goods` WHERE (  `gooddetail` LIKE '%%' OR `goodname` LIKE '%%' )  [ RunTime:0.0000s ]
NOTIC: [8] Use of undefined constant data - assumed 'data' D:\xampp2\htdocs\design\Apps\Admin\Controller\IndexController.class.php 第 33 行.
NOTIC: [8] Use of undefined constant totalCount - assumed 'totalCount' D:\xampp2\htdocs\design\Apps\Admin\Controller\IndexController.class.php 第 34 行.

[ 2015-12-10T22:48:09+08:00 ] 192.168.191.5 /design/admin.php/Index/searchUser?keyvalue=&pageSize=10&pageNum=1
INFO: [ app_init ] --START--
INFO: Run Behavior\BuildLiteBehavior [ RunTime:0.000000s ]
INFO: [ app_init ] --END-- [ RunTime:0.000000s ]
INFO: [ app_begin ] --START--
INFO: Run Behavior\ReadHtmlCacheBehavior [ RunTime:0.000000s ]
INFO: [ app_begin ] --END-- [ RunTime:0.000000s ]
SQL: SHOW COLUMNS FROM `sw_manager` [ RunTime:0.0370s ]
SQL: SHOW COLUMNS FROM `sw_user` [ RunTime:0.0030s ]
SQL: SELECT * FROM `sw_user` WHERE (  `nickname` LIKE '%%' OR `realname` LIKE '%%' ) ORDER BY user_id desc LIMIT 0,10   [ RunTime:0.0010s ]
SQL: SELECT * FROM `sw_user` WHERE (  `nickname` LIKE '%%' OR `realname` LIKE '%%' )  [ RunTime:0.0000s ]
NOTIC: [8] Use of undefined constant data - assumed 'data' D:\xampp2\htdocs\design\Apps\Admin\Controller\IndexController.class.php 第 66 行.
NOTIC: [8] Use of undefined constant totalCount - assumed 'totalCount' D:\xampp2\htdocs\design\Apps\Admin\Controller\IndexController.class.php 第 67 行.

[ 2015-12-10T22:48:44+08:00 ] 192.168.191.5 /design/admin.php/Index/searchUser?keyvalue=O&pageSize=10&pageNum=1
INFO: [ app_init ] --START--
INFO: Run Behavior\BuildLiteBehavior [ RunTime:0.000000s ]
INFO: [ app_init ] --END-- [ RunTime:0.001000s ]
INFO: [ app_begin ] --START--
INFO: Run Behavior\ReadHtmlCacheBehavior [ RunTime:0.000000s ]
INFO: [ app_begin ] --END-- [ RunTime:0.000000s ]
SQL: SHOW COLUMNS FROM `sw_manager` [ RunTime:0.0040s ]
SQL: SHOW COLUMNS FROM `sw_user` [ RunTime:0.0030s ]
SQL: SELECT * FROM `sw_user` WHERE (  `nickname` LIKE '%O%' OR `realname` LIKE '%O%' ) ORDER BY user_id desc LIMIT 0,10   [ RunTime:0.0000s ]
SQL: SELECT * FROM `sw_user` WHERE (  `nickname` LIKE '%O%' OR `realname` LIKE '%O%' )  [ RunTime:0.0000s ]
NOTIC: [8] Use of undefined constant data - assumed 'data' D:\xampp2\htdocs\design\Apps\Admin\Controller\IndexController.class.php 第 66 行.
NOTIC: [8] Use of undefined constant totalCount - assumed 'totalCount' D:\xampp2\htdocs\design\Apps\Admin\Controller\IndexController.class.php 第 67 行.

[ 2015-12-10T22:48:49+08:00 ] 192.168.191.5 /design/admin.php/Index/searchUser?keyvalue=O&pageSize=10&pageNum=1
INFO: [ app_init ] --START--
INFO: Run Behavior\BuildLiteBehavior [ RunTime:0.000000s ]
INFO: [ app_init ] --END-- [ RunTime:0.000000s ]
INFO: [ app_begin ] --START--
INFO: Run Behavior\ReadHtmlCacheBehavior [ RunTime:0.001000s ]
INFO: [ app_begin ] --END-- [ RunTime:0.001000s ]
SQL: SHOW COLUMNS FROM `sw_manager` [ RunTime:0.0030s ]
SQL: SHOW COLUMNS FROM `sw_user` [ RunTime:0.0030s ]
SQL: SELECT * FROM `sw_user` WHERE (  `nickname` LIKE '%O%' OR `realname` LIKE '%O%' ) ORDER BY user_id desc LIMIT 0,10   [ RunTime:0.0000s ]
SQL: SELECT * FROM `sw_user` WHERE (  `nickname` LIKE '%O%' OR `realname` LIKE '%O%' )  [ RunTime:0.0000s ]
NOTIC: [8] Use of undefined constant data - assumed 'data' D:\xampp2\htdocs\design\Apps\Admin\Controller\IndexController.class.php 第 66 行.
NOTIC: [8] Use of undefined constant totalCount - assumed 'totalCount' D:\xampp2\htdocs\design\Apps\Admin\Controller\IndexController.class.php 第 67 行.

[ 2015-12-10T22:53:17+08:00 ] ::1 /design/admin.php/Index/searchUser?keyvalue=&pageSize=10&pageNum=2
INFO: [ app_init ] --START--
INFO: Run Behavior\BuildLiteBehavior [ RunTime:0.000000s ]
INFO: [ app_init ] --END-- [ RunTime:0.001000s ]
INFO: [ app_begin ] --START--
INFO: Run Behavior\ReadHtmlCacheBehavior [ RunTime:0.000000s ]
INFO: [ app_begin ] --END-- [ RunTime:0.000000s ]
SQL: SHOW COLUMNS FROM `sw_manager` [ RunTime:0.0050s ]
SQL: SHOW COLUMNS FROM `sw_user` [ RunTime:0.0030s ]
SQL: SELECT * FROM `sw_user` WHERE (  `nickname` LIKE '%%' OR `realname` LIKE '%%' ) ORDER BY user_id desc LIMIT 10,10   [ RunTime:0.0000s ]
SQL: SELECT * FROM `sw_user` WHERE (  `nickname` LIKE '%%' OR `realname` LIKE '%%' )  [ RunTime:0.0000s ]
NOTIC: [8] Use of undefined constant data - assumed 'data' D:\xampp2\htdocs\design\Apps\Admin\Controller\IndexController.class.php 第 66 行.
NOTIC: [8] Use of undefined constant totalCount - assumed 'totalCount' D:\xampp2\htdocs\design\Apps\Admin\Controller\IndexController.class.php 第 67 行.

[ 2015-12-10T22:53:40+08:00 ] ::1 /design/admin.php/Index/searchUser?keyvalue=&pageSize=10&pageNum=1
INFO: [ app_init ] --START--
INFO: Run Behavior\BuildLiteBehavior [ RunTime:0.000000s ]
INFO: [ app_init ] --END-- [ RunTime:0.001000s ]
INFO: [ app_begin ] --START--
INFO: Run Behavior\ReadHtmlCacheBehavior [ RunTime:0.000000s ]
INFO: [ app_begin ] --END-- [ RunTime:0.000000s ]
SQL: SHOW COLUMNS FROM `sw_manager` [ RunTime:0.0030s ]
SQL: SHOW COLUMNS FROM `sw_user` [ RunTime:0.0030s ]
SQL: SELECT * FROM `sw_user` WHERE (  `nickname` LIKE '%%' OR `realname` LIKE '%%' ) ORDER BY user_id desc LIMIT 0,10   [ RunTime:0.0010s ]
SQL: SELECT * FROM `sw_user` WHERE (  `nickname` LIKE '%%' OR `realname` LIKE '%%' )  [ RunTime:0.0000s ]
NOTIC: [8] Use of undefined constant data - assumed 'data' D:\xampp2\htdocs\design\Apps\Admin\Controller\IndexController.class.php 第 66 行.
NOTIC: [8] Use of undefined constant totalCount - assumed 'totalCount' D:\xampp2\htdocs\design\Apps\Admin\Controller\IndexController.class.php 第 67 行.

[ 2015-12-10T22:54:25+08:00 ] ::1 /design/admin.php/Index/index.html
INFO: [ app_init ] --START--
INFO: Run Behavior\BuildLiteBehavior [ RunTime:0.000000s ]
INFO: [ app_init ] --END-- [ RunTime:0.000000s ]
INFO: [ app_begin ] --START--
INFO: Run Behavior\ReadHtmlCacheBehavior [ RunTime:0.001000s ]
INFO: [ app_begin ] --END-- [ RunTime:0.001000s ]
SQL: SHOW COLUMNS FROM `sw_manager` [ RunTime:0.0030s ]
INFO: [ view_parse ] --START--
INFO: [ template_filter ] --START--
INFO: Run Behavior\ContentReplaceBehavior [ RunTime:0.000000s ]
INFO: [ template_filter ] --END-- [ RunTime:0.000000s ]
INFO: Run Behavior\ParseTemplateBehavior [ RunTime:0.008000s ]
INFO: [ view_parse ] --END-- [ RunTime:0.008000s ]
INFO: [ view_filter ] --START--
INFO: Run Behavior\WriteHtmlCacheBehavior [ RunTime:0.001000s ]
INFO: [ view_filter ] --END-- [ RunTime:0.001000s ]
INFO: [ app_end ] --START--
INFO: Run Behavior\ShowPageTraceBehavior [ RunTime:0.000000s ]
INFO: [ app_end ] --END-- [ RunTime:0.000000s ]

[ 2015-12-10T22:54:25+08:00 ] ::1 /design/admin.php/Index/searchInfo?keyvalue=&pageSize=3&pageNum=1
INFO: [ app_init ] --START--
INFO: Run Behavior\BuildLiteBehavior [ RunTime:0.000000s ]
INFO: [ app_init ] --END-- [ RunTime:0.001000s ]
INFO: [ app_begin ] --START--
INFO: Run Behavior\ReadHtmlCacheBehavior [ RunTime:0.000000s ]
INFO: [ app_begin ] --END-- [ RunTime:0.000000s ]
SQL: SHOW COLUMNS FROM `sw_manager` [ RunTime:0.0030s ]
SQL: SHOW COLUMNS FROM `sw_goods` [ RunTime:0.0030s ]
SQL: SELECT * FROM `sw_goods` WHERE (  `gooddetail` LIKE '%%' OR `goodname` LIKE '%%' ) ORDER BY good_id desc LIMIT 0,3   [ RunTime:0.0000s ]
SQL: SELECT * FROM `sw_goods` WHERE (  `gooddetail` LIKE '%%' OR `goodname` LIKE '%%' )  [ RunTime:0.0010s ]
NOTIC: [8] Use of undefined constant data - assumed 'data' D:\xampp2\htdocs\design\Apps\Admin\Controller\IndexController.class.php 第 33 行.
NOTIC: [8] Use of undefined constant totalCount - assumed 'totalCount' D:\xampp2\htdocs\design\Apps\Admin\Controller\IndexController.class.php 第 34 行.

[ 2015-12-10T22:54:26+08:00 ] ::1 /design/admin.php/Index/searchUser?keyvalue=&pageSize=7&pageNum=1
INFO: [ app_init ] --START--
INFO: Run Behavior\BuildLiteBehavior [ RunTime:0.000000s ]
INFO: [ app_init ] --END-- [ RunTime:0.000000s ]
INFO: [ app_begin ] --START--
INFO: Run Behavior\ReadHtmlCacheBehavior [ RunTime:0.001000s ]
INFO: [ app_begin ] --END-- [ RunTime:0.001000s ]
SQL: SHOW COLUMNS FROM `sw_manager` [ RunTime:0.0030s ]
SQL: SHOW COLUMNS FROM `sw_user` [ RunTime:0.0030s ]
SQL: SELECT * FROM `sw_user` WHERE (  `nickname` LIKE '%%' OR `realname` LIKE '%%' ) ORDER BY user_id desc LIMIT 0,7   [ RunTime:0.0000s ]
SQL: SELECT * FROM `sw_user` WHERE (  `nickname` LIKE '%%' OR `realname` LIKE '%%' )  [ RunTime:0.0000s ]
NOTIC: [8] Use of undefined constant data - assumed 'data' D:\xampp2\htdocs\design\Apps\Admin\Controller\IndexController.class.php 第 66 行.
NOTIC: [8] Use of undefined constant totalCount - assumed 'totalCount' D:\xampp2\htdocs\design\Apps\Admin\Controller\IndexController.class.php 第 67 行.

[ 2015-12-10T22:54:49+08:00 ] ::1 /design/admin.php/Index/searchUser?keyvalue=&pageSize=7&pageNum=2
INFO: [ app_init ] --START--
INFO: Run Behavior\BuildLiteBehavior [ RunTime:0.000000s ]
INFO: [ app_init ] --END-- [ RunTime:0.000000s ]
INFO: [ app_begin ] --START--
INFO: Run Behavior\ReadHtmlCacheBehavior [ RunTime:0.001000s ]
INFO: [ app_begin ] --END-- [ RunTime:0.001000s ]
SQL: SHOW COLUMNS FROM `sw_manager` [ RunTime:0.0030s ]
SQL: SHOW COLUMNS FROM `sw_user` [ RunTime:0.0030s ]
SQL: SELECT * FROM `sw_user` WHERE (  `nickname` LIKE '%%' OR `realname` LIKE '%%' ) ORDER BY user_id desc LIMIT 7,7   [ RunTime:0.0000s ]
SQL: SELECT * FROM `sw_user` WHERE (  `nickname` LIKE '%%' OR `realname` LIKE '%%' )  [ RunTime:0.0000s ]
NOTIC: [8] Use of undefined constant data - assumed 'data' D:\xampp2\htdocs\design\Apps\Admin\Controller\IndexController.class.php 第 66 行.
NOTIC: [8] Use of undefined constant totalCount - assumed 'totalCount' D:\xampp2\htdocs\design\Apps\Admin\Controller\IndexController.class.php 第 67 行.

[ 2015-12-10T22:54:54+08:00 ] ::1 /design/admin.php/Index/searchUser?keyvalue=&pageSize=7&pageNum=1
INFO: [ app_init ] --START--
INFO: Run Behavior\BuildLiteBehavior [ RunTime:0.001000s ]
INFO: [ app_init ] --END-- [ RunTime:0.001000s ]
INFO: [ app_begin ] --START--
INFO: Run Behavior\ReadHtmlCacheBehavior [ RunTime:0.001000s ]
INFO: [ app_begin ] --END-- [ RunTime:0.001000s ]
SQL: SHOW COLUMNS FROM `sw_manager` [ RunTime:0.0040s ]
SQL: SHOW COLUMNS FROM `sw_user` [ RunTime:0.0040s ]
SQL: SELECT * FROM `sw_user` WHERE (  `nickname` LIKE '%%' OR `realname` LIKE '%%' ) ORDER BY user_id desc LIMIT 0,7   [ RunTime:0.0010s ]
SQL: SELECT * FROM `sw_user` WHERE (  `nickname` LIKE '%%' OR `realname` LIKE '%%' )  [ RunTime:0.0000s ]
NOTIC: [8] Use of undefined constant data - assumed 'data' D:\xampp2\htdocs\design\Apps\Admin\Controller\IndexController.class.php 第 66 行.
NOTIC: [8] Use of undefined constant totalCount - assumed 'totalCount' D:\xampp2\htdocs\design\Apps\Admin\Controller\IndexController.class.php 第 67 行.

[ 2015-12-10T22:55:04+08:00 ] ::1 /design/admin.php/Index/index.html
INFO: [ app_init ] --START--
INFO: Run Behavior\BuildLiteBehavior [ RunTime:0.000000s ]
INFO: [ app_init ] --END-- [ RunTime:0.000000s ]
INFO: [ app_begin ] --START--
INFO: Run Behavior\ReadHtmlCacheBehavior [ RunTime:0.001000s ]
INFO: [ app_begin ] --END-- [ RunTime:0.001000s ]
SQL: SHOW COLUMNS FROM `sw_manager` [ RunTime:0.0030s ]
INFO: [ view_parse ] --START--
INFO: [ template_filter ] --START--
INFO: Run Behavior\ContentReplaceBehavior [ RunTime:0.000000s ]
INFO: [ template_filter ] --END-- [ RunTime:0.000000s ]
INFO: Run Behavior\ParseTemplateBehavior [ RunTime:0.007000s ]
INFO: [ view_parse ] --END-- [ RunTime:0.007000s ]
INFO: [ view_filter ] --START--
INFO: Run Behavior\WriteHtmlCacheBehavior [ RunTime:0.000000s ]
INFO: [ view_filter ] --END-- [ RunTime:0.000000s ]
INFO: [ app_end ] --START--
INFO: Run Behavior\ShowPageTraceBehavior [ RunTime:0.001000s ]
INFO: [ app_end ] --END-- [ RunTime:0.001000s ]

[ 2015-12-10T22:55:04+08:00 ] ::1 /design/admin.php/Index/searchInfo?keyvalue=&pageSize=3&pageNum=1
INFO: [ app_init ] --START--
INFO: Run Behavior\BuildLiteBehavior [ RunTime:0.000000s ]
INFO: [ app_init ] --END-- [ RunTime:0.000000s ]
INFO: [ app_begin ] --START--
INFO: Run Behavior\ReadHtmlCacheBehavior [ RunTime:0.000000s ]
INFO: [ app_begin ] --END-- [ RunTime:0.000000s ]
SQL: SHOW COLUMNS FROM `sw_manager` [ RunTime:0.0030s ]
SQL: SHOW COLUMNS FROM `sw_goods` [ RunTime:0.0040s ]
SQL: SELECT * FROM `sw_goods` WHERE (  `gooddetail` LIKE '%%' OR `goodname` LIKE '%%' ) ORDER BY good_id desc LIMIT 0,3   [ RunTime:0.0000s ]
SQL: SELECT * FROM `sw_goods` WHERE (  `gooddetail` LIKE '%%' OR `goodname` LIKE '%%' )  [ RunTime:0.0010s ]
NOTIC: [8] Use of undefined constant data - assumed 'data' D:\xampp2\htdocs\design\Apps\Admin\Controller\IndexController.class.php 第 33 行.
NOTIC: [8] Use of undefined constant totalCount - assumed 'totalCount' D:\xampp2\htdocs\design\Apps\Admin\Controller\IndexController.class.php 第 34 行.

[ 2015-12-10T22:55:20+08:00 ] ::1 /design/admin.php/Index/searchUser?keyvalue=&pageSize=8&pageNum=1
INFO: [ app_init ] --START--
INFO: Run Behavior\BuildLiteBehavior [ RunTime:0.000000s ]
INFO: [ app_init ] --END-- [ RunTime:0.000000s ]
INFO: [ app_begin ] --START--
INFO: Run Behavior\ReadHtmlCacheBehavior [ RunTime:0.001000s ]
INFO: [ app_begin ] --END-- [ RunTime:0.001000s ]
SQL: SHOW COLUMNS FROM `sw_manager` [ RunTime:0.0030s ]
SQL: SHOW COLUMNS FROM `sw_user` [ RunTime:0.0030s ]
SQL: SELECT * FROM `sw_user` WHERE (  `nickname` LIKE '%%' OR `realname` LIKE '%%' ) ORDER BY user_id desc LIMIT 0,8   [ RunTime:0.0000s ]
SQL: SELECT * FROM `sw_user` WHERE (  `nickname` LIKE '%%' OR `realname` LIKE '%%' )  [ RunTime:0.0010s ]
NOTIC: [8] Use of undefined constant data - assumed 'data' D:\xampp2\htdocs\design\Apps\Admin\Controller\IndexController.class.php 第 66 行.
NOTIC: [8] Use of undefined constant totalCount - assumed 'totalCount' D:\xampp2\htdocs\design\Apps\Admin\Controller\IndexController.class.php 第 67 行.

