[ 2016-03-11T14:41:01+08:00 ] ::1 /design/admin.php/Index/index.html
INFO: [ app_init ] --START--
INFO: Run Behavior\BuildLiteBehavior [ RunTime:0.000000s ]
INFO: [ app_init ] --END-- [ RunTime:0.000000s ]
INFO: [ app_begin ] --START--
INFO: Run Behavior\ReadHtmlCacheBehavior [ RunTime:0.001000s ]
INFO: [ app_begin ] --END-- [ RunTime:0.001000s ]
SQL: SHOW COLUMNS FROM `sw_manager` [ RunTime:0.0040s ]
INFO: [ view_parse ] --START--
INFO: Run Behavior\ParseTemplateBehavior [ RunTime:0.001000s ]
INFO: [ view_parse ] --END-- [ RunTime:0.001000s ]
INFO: [ view_filter ] --START--
INFO: Run Behavior\WriteHtmlCacheBehavior [ RunTime:0.000000s ]
INFO: [ view_filter ] --END-- [ RunTime:0.000000s ]
INFO: [ app_end ] --START--
INFO: Run Behavior\ShowPageTraceBehavior [ RunTime:0.001000s ]
INFO: [ app_end ] --END-- [ RunTime:0.001000s ]

[ 2016-03-11T14:41:02+08:00 ] ::1 /design/admin.php/login/index.html
INFO: [ app_init ] --START--
INFO: Run Behavior\BuildLiteBehavior [ RunTime:0.000000s ]
INFO: [ app_init ] --END-- [ RunTime:0.000000s ]
INFO: [ app_begin ] --START--
INFO: Run Behavior\ReadHtmlCacheBehavior [ RunTime:0.001000s ]
INFO: [ app_begin ] --END-- [ RunTime:0.001000s ]
INFO: [ view_parse ] --START--
INFO: [ template_filter ] --START--
INFO: Run Behavior\ContentReplaceBehavior [ RunTime:0.000000s ]
INFO: [ template_filter ] --END-- [ RunTime:0.000000s ]
INFO: Run Behavior\ParseTemplateBehavior [ RunTime:0.020001s ]
INFO: [ view_parse ] --END-- [ RunTime:0.020001s ]
INFO: [ view_filter ] --START--
INFO: Run Behavior\WriteHtmlCacheBehavior [ RunTime:0.001000s ]
INFO: [ view_filter ] --END-- [ RunTime:0.001000s ]
INFO: [ app_end ] --START--
INFO: Run Behavior\ShowPageTraceBehavior [ RunTime:0.000000s ]
INFO: [ app_end ] --END-- [ RunTime:0.000000s ]

[ 2016-03-11T14:41:09+08:00 ] ::1 /design/admin.php/login/Login/login
INFO: [ app_init ] --START--
INFO: Run Behavior\BuildLiteBehavior [ RunTime:0.000000s ]
INFO: [ app_init ] --END-- [ RunTime:0.000000s ]
INFO: [ app_begin ] --START--
INFO: Run Behavior\ReadHtmlCacheBehavior [ RunTime:0.001000s ]
INFO: [ app_begin ] --END-- [ RunTime:0.001000s ]
SQL: SHOW COLUMNS FROM `sw_manager` [ RunTime:0.0040s ]
SQL: SELECT * FROM `sw_manager` WHERE `username` = 'admin' LIMIT 1   [ RunTime:0.0000s ]

[ 2016-03-11T14:41:09+08:00 ] ::1 /design/admin.php/Index/index.html
INFO: [ app_init ] --START--
INFO: Run Behavior\BuildLiteBehavior [ RunTime:0.000000s ]
INFO: [ app_init ] --END-- [ RunTime:0.000000s ]
INFO: [ app_begin ] --START--
INFO: Run Behavior\ReadHtmlCacheBehavior [ RunTime:0.001000s ]
INFO: [ app_begin ] --END-- [ RunTime:0.001000s ]
SQL: SHOW COLUMNS FROM `sw_manager` [ RunTime:0.0030s ]
INFO: [ view_parse ] --START--
INFO: [ template_filter ] --START--
INFO: Run Behavior\ContentReplaceBehavior [ RunTime:0.000000s ]
INFO: [ template_filter ] --END-- [ RunTime:0.001000s ]
INFO: Run Behavior\ParseTemplateBehavior [ RunTime:0.047003s ]
INFO: [ view_parse ] --END-- [ RunTime:0.047003s ]
INFO: [ view_filter ] --START--
INFO: Run Behavior\WriteHtmlCacheBehavior [ RunTime:0.001000s ]
INFO: [ view_filter ] --END-- [ RunTime:0.001000s ]
INFO: [ app_end ] --START--
INFO: Run Behavior\ShowPageTraceBehavior [ RunTime:0.000000s ]
INFO: [ app_end ] --END-- [ RunTime:0.000000s ]

[ 2016-03-11T14:41:09+08:00 ] ::1 /design/admin.php/Index/searchInfo?keyvalue=&pageSize=3&pageNum=1
INFO: [ app_init ] --START--
INFO: Run Behavior\BuildLiteBehavior [ RunTime:0.000000s ]
INFO: [ app_init ] --END-- [ RunTime:0.001000s ]
INFO: [ app_begin ] --START--
INFO: Run Behavior\ReadHtmlCacheBehavior [ RunTime:0.001000s ]
INFO: [ app_begin ] --END-- [ RunTime:0.001000s ]
SQL: SHOW COLUMNS FROM `sw_manager` [ RunTime:0.0020s ]
SQL: SHOW COLUMNS FROM `sw_goods` [ RunTime:0.0020s ]
SQL: SELECT * FROM `sw_goods` WHERE (  `gooddetail` LIKE '%%' OR `goodname` LIKE '%%' ) ORDER BY good_id desc LIMIT 0,3   [ RunTime:0.0000s ]
SQL: SELECT * FROM `sw_goods` WHERE (  `gooddetail` LIKE '%%' OR `goodname` LIKE '%%' )  [ RunTime:0.0000s ]
NOTIC: [8] Use of undefined constant data - assumed 'data' D:\xampp2\htdocs\design\Apps\Admin\Controller\IndexController.class.php 第 31 行.
NOTIC: [8] Use of undefined constant totalCount - assumed 'totalCount' D:\xampp2\htdocs\design\Apps\Admin\Controller\IndexController.class.php 第 32 行.

[ 2016-03-11T14:41:11+08:00 ] ::1 /design/admin.php/Index/searchUser?keyvalue=&pageSize=2&pageNum=1
INFO: [ app_init ] --START--
INFO: Run Behavior\BuildLiteBehavior [ RunTime:0.000000s ]
INFO: [ app_init ] --END-- [ RunTime:0.001000s ]
INFO: [ app_begin ] --START--
INFO: Run Behavior\ReadHtmlCacheBehavior [ RunTime:0.001000s ]
INFO: [ app_begin ] --END-- [ RunTime:0.001000s ]
SQL: SHOW COLUMNS FROM `sw_manager` [ RunTime:0.0030s ]
SQL: SHOW COLUMNS FROM `sw_user` [ RunTime:0.0020s ]
SQL: SELECT * FROM `sw_user` WHERE (  `nickname` LIKE '%%' OR `realname` LIKE '%%' ) ORDER BY user_id desc LIMIT 0,2   [ RunTime:0.0000s ]
SQL: SELECT * FROM `sw_user` WHERE (  `nickname` LIKE '%%' OR `realname` LIKE '%%' )  [ RunTime:0.0010s ]
NOTIC: [8] Use of undefined constant data - assumed 'data' D:\xampp2\htdocs\design\Apps\Admin\Controller\IndexController.class.php 第 81 行.
NOTIC: [8] Use of undefined constant totalCount - assumed 'totalCount' D:\xampp2\htdocs\design\Apps\Admin\Controller\IndexController.class.php 第 82 行.

[ 2016-03-11T14:41:14+08:00 ] ::1 /design/admin.php/Index/delUser
INFO: [ app_init ] --START--
INFO: Run Behavior\BuildLiteBehavior [ RunTime:0.000000s ]
INFO: [ app_init ] --END-- [ RunTime:0.001000s ]
INFO: [ app_begin ] --START--
INFO: Run Behavior\ReadHtmlCacheBehavior [ RunTime:0.001001s ]
INFO: [ app_begin ] --END-- [ RunTime:0.002001s ]
SQL: SHOW COLUMNS FROM `sw_manager` [ RunTime:0.0020s ]
SQL: SHOW COLUMNS FROM `sw_user` [ RunTime:0.0030s ]
SQL: SHOW COLUMNS FROM `sw_goods` [ RunTime:0.0030s ]
SQL: SHOW COLUMNS FROM `sw_info` [ RunTime:0.0020s ]
SQL: SHOW COLUMNS FROM `sw_collection` [ RunTime:0.0020s ]
SQL: DELETE FROM `sw_user` WHERE ( nickname='君君' ) [ RunTime:0.2380s ]
SQL: DELETE FROM `sw_goods` WHERE ( nickname='君君' ) [ RunTime:0.0000s ]
SQL: DELETE FROM `sw_collection` WHERE ( nickname='君君' ) [ RunTime:0.0000s ]
SQL: DELETE FROM `sw_info` WHERE ( nickname='君君' ) [ RunTime:0.0000s ]

[ 2016-03-11T14:41:14+08:00 ] ::1 /design/admin.php/Index/searchUser?keyvalue=&pageSize=2&pageNum=1
INFO: [ app_init ] --START--
INFO: Run Behavior\BuildLiteBehavior [ RunTime:0.000000s ]
INFO: [ app_init ] --END-- [ RunTime:0.000000s ]
INFO: [ app_begin ] --START--
INFO: Run Behavior\ReadHtmlCacheBehavior [ RunTime:0.001000s ]
INFO: [ app_begin ] --END-- [ RunTime:0.001000s ]
SQL: SHOW COLUMNS FROM `sw_manager` [ RunTime:0.0030s ]
SQL: SHOW COLUMNS FROM `sw_user` [ RunTime:0.0040s ]
SQL: SELECT * FROM `sw_user` WHERE (  `nickname` LIKE '%%' OR `realname` LIKE '%%' ) ORDER BY user_id desc LIMIT 0,2   [ RunTime:0.0000s ]
SQL: SELECT * FROM `sw_user` WHERE (  `nickname` LIKE '%%' OR `realname` LIKE '%%' )  [ RunTime:0.0010s ]
NOTIC: [8] Use of undefined constant data - assumed 'data' D:\xampp2\htdocs\design\Apps\Admin\Controller\IndexController.class.php 第 81 行.
NOTIC: [8] Use of undefined constant totalCount - assumed 'totalCount' D:\xampp2\htdocs\design\Apps\Admin\Controller\IndexController.class.php 第 82 行.

[ 2016-03-11T14:41:16+08:00 ] ::1 /design/admin.php/Index/delUser
INFO: [ app_init ] --START--
INFO: Run Behavior\BuildLiteBehavior [ RunTime:0.000000s ]
INFO: [ app_init ] --END-- [ RunTime:0.000000s ]
INFO: [ app_begin ] --START--
INFO: Run Behavior\ReadHtmlCacheBehavior [ RunTime:0.002000s ]
INFO: [ app_begin ] --END-- [ RunTime:0.002000s ]
SQL: SHOW COLUMNS FROM `sw_manager` [ RunTime:0.0030s ]
SQL: SHOW COLUMNS FROM `sw_user` [ RunTime:0.0030s ]
SQL: SHOW COLUMNS FROM `sw_goods` [ RunTime:0.0030s ]
SQL: SHOW COLUMNS FROM `sw_info` [ RunTime:0.0030s ]
SQL: SHOW COLUMNS FROM `sw_collection` [ RunTime:0.0020s ]
SQL: DELETE FROM `sw_user` WHERE ( nickname='小航' ) [ RunTime:0.4310s ]
SQL: DELETE FROM `sw_goods` WHERE ( nickname='小航' ) [ RunTime:0.0000s ]
SQL: DELETE FROM `sw_collection` WHERE ( nickname='小航' ) [ RunTime:0.0000s ]
SQL: DELETE FROM `sw_info` WHERE ( nickname='小航' ) [ RunTime:0.0000s ]

[ 2016-03-11T14:41:16+08:00 ] ::1 /design/admin.php/Index/searchUser?keyvalue=&pageSize=2&pageNum=1
INFO: [ app_init ] --START--
INFO: Run Behavior\BuildLiteBehavior [ RunTime:0.000000s ]
INFO: [ app_init ] --END-- [ RunTime:0.001000s ]
INFO: [ app_begin ] --START--
INFO: Run Behavior\ReadHtmlCacheBehavior [ RunTime:0.000000s ]
INFO: [ app_begin ] --END-- [ RunTime:0.000000s ]
SQL: SHOW COLUMNS FROM `sw_manager` [ RunTime:0.0030s ]
SQL: SHOW COLUMNS FROM `sw_user` [ RunTime:0.0030s ]
SQL: SELECT * FROM `sw_user` WHERE (  `nickname` LIKE '%%' OR `realname` LIKE '%%' ) ORDER BY user_id desc LIMIT 0,2   [ RunTime:0.0000s ]
SQL: SELECT * FROM `sw_user` WHERE (  `nickname` LIKE '%%' OR `realname` LIKE '%%' )  [ RunTime:0.0000s ]
NOTIC: [8] Use of undefined constant data - assumed 'data' D:\xampp2\htdocs\design\Apps\Admin\Controller\IndexController.class.php 第 81 行.
NOTIC: [8] Use of undefined constant totalCount - assumed 'totalCount' D:\xampp2\htdocs\design\Apps\Admin\Controller\IndexController.class.php 第 82 行.

[ 2016-03-11T14:41:17+08:00 ] ::1 /design/admin.php/Index/delUser
INFO: [ app_init ] --START--
INFO: Run Behavior\BuildLiteBehavior [ RunTime:0.000000s ]
INFO: [ app_init ] --END-- [ RunTime:0.000000s ]
INFO: [ app_begin ] --START--
INFO: Run Behavior\ReadHtmlCacheBehavior [ RunTime:0.001000s ]
INFO: [ app_begin ] --END-- [ RunTime:0.001000s ]
SQL: SHOW COLUMNS FROM `sw_manager` [ RunTime:0.0020s ]
SQL: SHOW COLUMNS FROM `sw_user` [ RunTime:0.0050s ]
SQL: SHOW COLUMNS FROM `sw_goods` [ RunTime:0.0030s ]
SQL: SHOW COLUMNS FROM `sw_info` [ RunTime:0.0020s ]
SQL: SHOW COLUMNS FROM `sw_collection` [ RunTime:0.0020s ]
SQL: DELETE FROM `sw_user` WHERE ( nickname='小爱' ) [ RunTime:0.1180s ]
SQL: DELETE FROM `sw_goods` WHERE ( nickname='小爱' ) [ RunTime:0.0000s ]
SQL: DELETE FROM `sw_collection` WHERE ( nickname='小爱' ) [ RunTime:0.0010s ]
SQL: DELETE FROM `sw_info` WHERE ( nickname='小爱' ) [ RunTime:0.0000s ]

[ 2016-03-11T14:41:18+08:00 ] ::1 /design/admin.php/Index/searchUser?keyvalue=&pageSize=2&pageNum=1
INFO: [ app_init ] --START--
INFO: Run Behavior\BuildLiteBehavior [ RunTime:0.000000s ]
INFO: [ app_init ] --END-- [ RunTime:0.001000s ]
INFO: [ app_begin ] --START--
INFO: Run Behavior\ReadHtmlCacheBehavior [ RunTime:0.001000s ]
INFO: [ app_begin ] --END-- [ RunTime:0.001000s ]
SQL: SHOW COLUMNS FROM `sw_manager` [ RunTime:0.0020s ]
SQL: SHOW COLUMNS FROM `sw_user` [ RunTime:0.0020s ]
SQL: SELECT * FROM `sw_user` WHERE (  `nickname` LIKE '%%' OR `realname` LIKE '%%' ) ORDER BY user_id desc LIMIT 0,2   [ RunTime:0.0010s ]
SQL: SELECT * FROM `sw_user` WHERE (  `nickname` LIKE '%%' OR `realname` LIKE '%%' )  [ RunTime:0.0000s ]
NOTIC: [8] Use of undefined constant data - assumed 'data' D:\xampp2\htdocs\design\Apps\Admin\Controller\IndexController.class.php 第 81 行.
NOTIC: [8] Use of undefined constant totalCount - assumed 'totalCount' D:\xampp2\htdocs\design\Apps\Admin\Controller\IndexController.class.php 第 82 行.

[ 2016-03-11T14:41:23+08:00 ] ::1 /design/admin.php/Index/delUser
INFO: [ app_init ] --START--
INFO: Run Behavior\BuildLiteBehavior [ RunTime:0.000000s ]
INFO: [ app_init ] --END-- [ RunTime:0.000000s ]
INFO: [ app_begin ] --START--
INFO: Run Behavior\ReadHtmlCacheBehavior [ RunTime:0.001000s ]
INFO: [ app_begin ] --END-- [ RunTime:0.001000s ]
SQL: SHOW COLUMNS FROM `sw_manager` [ RunTime:0.0040s ]
SQL: SHOW COLUMNS FROM `sw_user` [ RunTime:0.0020s ]
SQL: SHOW COLUMNS FROM `sw_goods` [ RunTime:0.0030s ]
SQL: SHOW COLUMNS FROM `sw_info` [ RunTime:0.0030s ]
SQL: SHOW COLUMNS FROM `sw_collection` [ RunTime:0.0030s ]
SQL: DELETE FROM `sw_user` WHERE ( nickname='小咩' ) [ RunTime:0.0700s ]
SQL: DELETE FROM `sw_goods` WHERE ( nickname='小咩' ) [ RunTime:0.0000s ]
SQL: DELETE FROM `sw_collection` WHERE ( nickname='小咩' ) [ RunTime:0.0010s ]
SQL: DELETE FROM `sw_info` WHERE ( nickname='小咩' ) [ RunTime:0.0000s ]

[ 2016-03-11T14:41:23+08:00 ] ::1 /design/admin.php/Index/searchUser?keyvalue=&pageSize=2&pageNum=1
INFO: [ app_init ] --START--
INFO: Run Behavior\BuildLiteBehavior [ RunTime:0.000000s ]
INFO: [ app_init ] --END-- [ RunTime:0.000000s ]
INFO: [ app_begin ] --START--
INFO: Run Behavior\ReadHtmlCacheBehavior [ RunTime:0.001000s ]
INFO: [ app_begin ] --END-- [ RunTime:0.001000s ]
SQL: SHOW COLUMNS FROM `sw_manager` [ RunTime:0.0020s ]
SQL: SHOW COLUMNS FROM `sw_user` [ RunTime:0.0020s ]
SQL: SELECT * FROM `sw_user` WHERE (  `nickname` LIKE '%%' OR `realname` LIKE '%%' ) ORDER BY user_id desc LIMIT 0,2   [ RunTime:0.0000s ]
SQL: SELECT * FROM `sw_user` WHERE (  `nickname` LIKE '%%' OR `realname` LIKE '%%' )  [ RunTime:0.0000s ]
NOTIC: [8] Use of undefined constant data - assumed 'data' D:\xampp2\htdocs\design\Apps\Admin\Controller\IndexController.class.php 第 81 行.
NOTIC: [8] Use of undefined constant totalCount - assumed 'totalCount' D:\xampp2\htdocs\design\Apps\Admin\Controller\IndexController.class.php 第 82 行.

