[ 2016-01-15T12:33:21+08:00 ] ::1 /design/admin.php/Index/index.html
INFO: [ app_init ] --START--
INFO: Run Behavior\BuildLiteBehavior [ RunTime:0.000000s ]
INFO: [ app_init ] --END-- [ RunTime:0.121007s ]
INFO: [ app_begin ] --START--
INFO: Run Behavior\ReadHtmlCacheBehavior [ RunTime:0.014001s ]
INFO: [ app_begin ] --END-- [ RunTime:0.014001s ]
ERR: SQLSTATE[HY000] [1045] Access denied for user 'root'@'localhost' (using password: NO)

[ 2016-01-15T12:34:25+08:00 ] ::1 /design/admin.php/Index/index.html
INFO: [ app_init ] --START--
INFO: Run Behavior\BuildLiteBehavior [ RunTime:0.000000s ]
INFO: [ app_init ] --END-- [ RunTime:0.000000s ]
INFO: [ app_begin ] --START--
INFO: Run Behavior\ReadHtmlCacheBehavior [ RunTime:0.001000s ]
INFO: [ app_begin ] --END-- [ RunTime:0.001000s ]
SQL: SHOW COLUMNS FROM `sw_manager` [ RunTime:0.0030s ]
INFO: [ view_parse ] --START--
INFO: [ template_filter ] --START--
INFO: Run Behavior\ContentReplaceBehavior [ RunTime:0.000000s ]
INFO: [ template_filter ] --END-- [ RunTime:0.000000s ]
INFO: Run Behavior\ParseTemplateBehavior [ RunTime:0.192011s ]
INFO: [ view_parse ] --END-- [ RunTime:0.192011s ]
INFO: [ view_filter ] --START--
INFO: Run Behavior\WriteHtmlCacheBehavior [ RunTime:0.011000s ]
INFO: [ view_filter ] --END-- [ RunTime:0.011000s ]
INFO: [ app_end ] --START--
INFO: Run Behavior\ShowPageTraceBehavior [ RunTime:0.008001s ]
INFO: [ app_end ] --END-- [ RunTime:0.008001s ]

[ 2016-01-15T12:34:26+08:00 ] ::1 /design/admin.php/Index/searchInfo?keyvalue=&pageSize=3&pageNum=1
INFO: [ app_init ] --START--
INFO: Run Behavior\BuildLiteBehavior [ RunTime:0.000000s ]
INFO: [ app_init ] --END-- [ RunTime:0.001000s ]
INFO: [ app_begin ] --START--
INFO: Run Behavior\ReadHtmlCacheBehavior [ RunTime:0.001000s ]
INFO: [ app_begin ] --END-- [ RunTime:0.001000s ]
SQL: SHOW COLUMNS FROM `sw_manager` [ RunTime:0.0040s ]
SQL: SHOW COLUMNS FROM `sw_goods` [ RunTime:0.0030s ]
SQL: SELECT * FROM `sw_goods` WHERE (  `gooddetail` LIKE '%%' OR `goodname` LIKE '%%' ) ORDER BY good_id desc LIMIT 0,3   [ RunTime:0.0000s ]
SQL: SELECT * FROM `sw_goods` WHERE (  `gooddetail` LIKE '%%' OR `goodname` LIKE '%%' )  [ RunTime:0.0010s ]
NOTIC: [8] Use of undefined constant data - assumed 'data' D:\xampp2\htdocs\design\Apps\Admin\Controller\IndexController.class.php 第 31 行.
NOTIC: [8] Use of undefined constant totalCount - assumed 'totalCount' D:\xampp2\htdocs\design\Apps\Admin\Controller\IndexController.class.php 第 32 行.

[ 2016-01-15T12:34:27+08:00 ] ::1 /design/admin.php/Index/searchUser?keyvalue=&pageSize=2&pageNum=1
INFO: [ app_init ] --START--
INFO: Run Behavior\BuildLiteBehavior [ RunTime:0.000000s ]
INFO: [ app_init ] --END-- [ RunTime:0.001000s ]
INFO: [ app_begin ] --START--
INFO: Run Behavior\ReadHtmlCacheBehavior [ RunTime:0.002000s ]
INFO: [ app_begin ] --END-- [ RunTime:0.002000s ]
SQL: SHOW COLUMNS FROM `sw_manager` [ RunTime:0.0060s ]
SQL: SHOW COLUMNS FROM `sw_user` [ RunTime:0.0030s ]
SQL: SELECT * FROM `sw_user` WHERE (  `nickname` LIKE '%%' OR `realname` LIKE '%%' ) ORDER BY user_id desc LIMIT 0,2   [ RunTime:0.0010s ]
SQL: SELECT * FROM `sw_user` WHERE (  `nickname` LIKE '%%' OR `realname` LIKE '%%' )  [ RunTime:0.0000s ]
NOTIC: [8] Use of undefined constant data - assumed 'data' D:\xampp2\htdocs\design\Apps\Admin\Controller\IndexController.class.php 第 81 行.
NOTIC: [8] Use of undefined constant totalCount - assumed 'totalCount' D:\xampp2\htdocs\design\Apps\Admin\Controller\IndexController.class.php 第 82 行.

